<?xml version="1.0" encoding="UTF-8"?>
<robot generator="Robot 6.1.1 (Python 3.12.0 on win32)" generated="20231201 17:47:51.096" rpa="false" schemaversion="4">
<suite id="s1" name="Orders" source="C:\Users\monik\Documents\Challenge_Robot_Framework\orders.robot">
<test id="s1-t1" name="Open application" line="7">
<kw name="Given the Orders.exe application is open" library="order_resource">
<kw name="Windows Run" library="RPA.Windows">
<arg>Orders.exe</arg>
<tag>window</tag>
<doc>Use Windows Run window to launch an application.</doc>
<msg timestamp="20231201 17:47:51.351" level="INFO">Sending keys '{Win}r' to element: &lt;module 'uiautomation' from 'C:\\Users\\monik\\AppData\\Local\\Programs\\Python\\Python312\\Lib\\site-packages\\uiautomation\\__init__.py'&gt;</msg>
<msg timestamp="20231201 17:47:51.908" level="INFO">Sending keys 'Orders.exe' to element: &lt;module 'uiautomation' from 'C:\\Users\\monik\\AppData\\Local\\Programs\\Python\\Python312\\Lib\\site-packages\\uiautomation\\__init__.py'&gt;</msg>
<msg timestamp="20231201 17:47:52.516" level="INFO">Sending keys '{Enter}' to element: &lt;module 'uiautomation' from 'C:\\Users\\monik\\AppData\\Local\\Programs\\Python\\Python312\\Lib\\site-packages\\uiautomation\\__init__.py'&gt;</msg>
<status status="PASS" starttime="20231201 17:47:51.351" endtime="20231201 17:47:56.047"/>
</kw>
<kw name="Control Window" library="RPA.Windows">
<arg>subname:Orders</arg>
<tag>window</tag>
<doc>Controls the window defined by the locator.</doc>
<msg timestamp="20231201 17:47:56.120" level="INFO">Getting element with locator: subname:Orders and type:WindowControl</msg>
<msg timestamp="20231201 17:47:56.120" level="INFO">Resulted root element: WindowsElement(item=&lt;uiautomation.uiautomation.PaneControl object at 0x000002057FE7DBB0&gt;, locator='subname:Orders and type:WindowControl', name='Desktop 1', automation_id='', control_type='PaneControl', class_name='#32769', left=0, right=2880, top=0, bottom=1620, width=2880, height=1620, xcenter=1440, ycenter=810)</msg>
<msg timestamp="20231201 17:47:56.120" level="INFO">Locator 'subname:Orders and type:WindowControl' produced matcher: MatchObject(locators=[('SubName', 'Orders', 0), ('ControlType', 'WindowControl', 0)], _classes=set(), max_level=0)</msg>
<msg timestamp="20231201 17:47:56.209" level="INFO">Returning element: WindowsElement(item=&lt;uiautomation.uiautomation.WindowControl object at 0x000002057F950BC0&gt;, locator='subname:Orders and type:WindowControl', name='Orders - Untitled', automation_id='MainForm', control_type='WindowControl', class_name='WindowsForms10.Window.8.app.0.141b42a_r7_ad1', left=949, right=1861, top=-1062, bottom=-450, width=912, height=612, xcenter=1405, ycenter=-756)</msg>
<status status="PASS" starttime="20231201 17:47:56.047" endtime="20231201 17:47:56.718"/>
</kw>
<status status="PASS" starttime="20231201 17:47:51.351" endtime="20231201 17:47:56.719"/>
</kw>
<status status="PASS" starttime="20231201 17:47:51.351" endtime="20231201 17:47:56.724"/>
</test>
<test id="s1-t2" name="Create Orders_01" line="11">
<kw name="When I select &quot;Orders&quot; in the navigation bar" library="order_resource">
<kw name="Click" library="RPA.Windows">
<arg>name:Orders and type:MenuItemControl and path:5|2</arg>
<tag>action</tag>
<tag>mouse</tag>
<doc>Mouse click on element matching given locator.</doc>
<msg timestamp="20231201 17:47:56.727" level="INFO">Getting element with locator: name:Orders and type:MenuItemControl and path:5|2</msg>
<msg timestamp="20231201 17:47:56.727" level="INFO">Resulted root element: WindowsElement(item=&lt;uiautomation.uiautomation.WindowControl object at 0x000002057F950BC0&gt;, locator='subname:Orders and type:WindowControl', name='Orders - Untitled', automation_id='MainForm', control_type='WindowControl', class_name='WindowsForms10.Window.8.app.0.141b42a_r7_ad1', left=949, right=1861, top=-1062, bottom=-450, width=912, height=612, xcenter=1405, ycenter=-756)</msg>
<msg timestamp="20231201 17:47:56.727" level="INFO">Locator 'name:Orders and type:MenuItemControl and path:5|2' produced matcher: MatchObject(locators=[('Name', 'Orders', 0), ('ControlType', 'MenuItemControl', 0), ('path', [5, 2], 0)], _classes=set(), max_level=0)</msg>
<msg timestamp="20231201 17:47:56.747" level="INFO">Returning element: WindowsElement(item=&lt;uiautomation.uiautomation.MenuItemControl object at 0x000002057FE7C2C0&gt;, locator='name:Orders and type:MenuItemControl and path:5|2', name='Orders', automation_id='', control_type='MenuItemControl', class_name='', left=1009, right=1083, top=-1015, bottom=-986, width=74, height=29, xcenter=1046, ycenter=-1001)</msg>
<status status="PASS" starttime="20231201 17:47:56.727" endtime="20231201 17:47:57.308"/>
</kw>
<status status="PASS" starttime="20231201 17:47:56.725" endtime="20231201 17:47:57.308"/>
</kw>
<kw name="And I choose &quot;New Order&quot;" library="order_resource">
<kw name="Click" library="RPA.Windows">
<arg>id:264</arg>
<tag>action</tag>
<tag>mouse</tag>
<doc>Mouse click on element matching given locator.</doc>
<msg timestamp="20231201 17:47:57.313" level="INFO">Getting element with locator: id:264</msg>
<msg timestamp="20231201 17:47:57.313" level="INFO">Resulted root element: WindowsElement(item=&lt;uiautomation.uiautomation.WindowControl object at 0x000002057F950BC0&gt;, locator='subname:Orders and type:WindowControl', name='Orders - Untitled', automation_id='MainForm', control_type='WindowControl', class_name='WindowsForms10.Window.8.app.0.141b42a_r7_ad1', left=949, right=1861, top=-1062, bottom=-450, width=912, height=612, xcenter=1405, ycenter=-756)</msg>
<msg timestamp="20231201 17:47:57.313" level="INFO">Locator 'id:264' produced matcher: MatchObject(locators=[('AutomationId', '264', 0)], _classes=set(), max_level=0)</msg>
<msg timestamp="20231201 17:47:57.321" level="INFO">Returning element: WindowsElement(item=&lt;uiautomation.uiautomation.MenuItemControl object at 0x000002057FE5BA70&gt;, locator='id:264', name='New order...\tCtrl+Ins', automation_id='264', control_type='MenuItemControl', class_name='', left=1013, right=1339, top=-982, bottom=-949, width=326, height=33, xcenter=1176, ycenter=-966)</msg>
<status status="PASS" starttime="20231201 17:47:57.308" endtime="20231201 17:47:57.882"/>
</kw>
<status status="PASS" starttime="20231201 17:47:57.308" endtime="20231201 17:47:57.882"/>
</kw>
<kw name="Then a quick order form with data entry fields should be displayed (Case 01)" library="order_resource">
<kw name="Set Focus" library="RPA.Windows">
<arg>id:OrderForm</arg>
<tag>action</tag>
<doc>Set view focus to the element defined by the locator.</doc>
<msg timestamp="20231201 17:47:57.882" level="INFO">Getting element with locator: id:OrderForm</msg>
<msg timestamp="20231201 17:47:57.882" level="INFO">Resulted root element: WindowsElement(item=&lt;uiautomation.uiautomation.WindowControl object at 0x000002057F950BC0&gt;, locator='subname:Orders and type:WindowControl', name='Orders - Untitled', automation_id='MainForm', control_type='WindowControl', class_name='WindowsForms10.Window.8.app.0.141b42a_r7_ad1', left=949, right=1861, top=-1062, bottom=-450, width=912, height=612, xcenter=1405, ycenter=-756)</msg>
<msg timestamp="20231201 17:47:57.882" level="INFO">Locator 'id:OrderForm' produced matcher: MatchObject(locators=[('AutomationId', 'OrderForm', 0)], _classes=set(), max_level=0)</msg>
<msg timestamp="20231201 17:47:57.886" level="INFO">Returning element: WindowsElement(item=&lt;uiautomation.uiautomation.WindowControl object at 0x000002057FE5B0E0&gt;, locator='id:OrderForm', name='Order', automation_id='OrderForm', control_type='WindowControl', class_name='WindowsForms10.Window.8.app.0.141b42a_r7_ad1', left=1039, right=1771, top=-1114, bottom=-397, width=732, height=717, xcenter=1405, ycenter=-756)</msg>
<status status="PASS" starttime="20231201 17:47:57.882" endtime="20231201 17:47:57.889"/>
</kw>
<kw name="Create Order 01" library="OrderData">
<status status="PASS" starttime="20231201 17:47:57.889" endtime="20231201 17:47:57.889"/>
</kw>
<status status="PASS" starttime="20231201 17:47:57.882" endtime="20231201 17:47:57.889"/>
</kw>
<kw name="And Complete the data in the order form" library="order_resource">
<kw name="Get Product Option" library="OrderData">
<var>${product_option}</var>
<msg timestamp="20231201 17:47:57.889" level="INFO">${product_option} = MyMoney</msg>
<status status="PASS" starttime="20231201 17:47:57.889" endtime="20231201 17:47:57.889"/>
</kw>
<kw name="Get Customer Name" library="OrderData">
<var>${Customer}</var>
<msg timestamp="20231201 17:47:57.889" level="INFO">${Customer} = Luisa Kohler I</msg>
<status status="PASS" starttime="20231201 17:47:57.889" endtime="20231201 17:47:57.889"/>
</kw>
<kw name="Get Street" library="OrderData">
<var>${Street}</var>
<msg timestamp="20231201 17:47:57.889" level="INFO">${Street} = 4538 Diamond Street</msg>
<status status="PASS" starttime="20231201 17:47:57.889" endtime="20231201 17:47:57.889"/>
</kw>
<kw name="Get City" library="OrderData">
<var>${City}</var>
<msg timestamp="20231201 17:47:57.889" level="INFO">${City} = Charlotte</msg>
<status status="PASS" starttime="20231201 17:47:57.889" endtime="20231201 17:47:57.889"/>
</kw>
<kw name="Get State" library="OrderData">
<var>${State}</var>
<msg timestamp="20231201 17:47:57.893" level="INFO">${State} = North Carolina</msg>
<status status="PASS" starttime="20231201 17:47:57.893" endtime="20231201 17:47:57.893"/>
</kw>
<kw name="Get Zip" library="OrderData">
<var>${Zip}</var>
<msg timestamp="20231201 17:47:57.893" level="INFO">${Zip} = 28217</msg>
<status status="PASS" starttime="20231201 17:47:57.893" endtime="20231201 17:47:57.893"/>
</kw>
<kw name="Get Card Number" library="OrderData">
<var>${CardNo}</var>
<msg timestamp="20231201 17:47:57.893" level="INFO">${CardNo} = 4027115277090665</msg>
<status status="PASS" starttime="20231201 17:47:57.893" endtime="20231201 17:47:57.893"/>
</kw>
<kw name="Select" library="RPA.Windows">
<arg>id:ProductNames</arg>
<arg>${product_option}</arg>
<tag>action</tag>
<doc>Select a value on the passed element if such action is supported.</doc>
<msg timestamp="20231201 17:47:57.893" level="INFO">Getting element with locator: id:ProductNames</msg>
<msg timestamp="20231201 17:47:57.893" level="INFO">Resulted root element: WindowsElement(item=&lt;uiautomation.uiautomation.WindowControl object at 0x000002057F950BC0&gt;, locator='subname:Orders and type:WindowControl', name='Orders - Untitled', automation_id='MainForm', control_type='WindowControl', class_name='WindowsForms10.Window.8.app.0.141b42a_r7_ad1', left=949, right=1861, top=-1062, bottom=-450, width=912, height=612, xcenter=1405, ycenter=-756)</msg>
<msg timestamp="20231201 17:47:57.893" level="INFO">Locator 'id:ProductNames' produced matcher: MatchObject(locators=[('AutomationId', 'ProductNames', 0)], _classes=set(), max_level=0)</msg>
<msg timestamp="20231201 17:47:58.010" level="INFO">Returning element: WindowsElement(item=&lt;uiautomation.uiautomation.ComboBoxControl object at 0x000002057FE5A240&gt;, locator='id:ProductNames', name='Product:', automation_id='ProductNames', control_type='ComboBoxControl', class_name='WindowsForms10.COMBOBOX.app.0.141b42a_r7_ad1', left=1151, right=1739, top=-1039, bottom=-1007, width=588, height=32, xcenter=1445, ycenter=-1023)</msg>
<status status="PASS" starttime="20231201 17:47:57.893" endtime="20231201 17:47:59.232"/>
</kw>
<kw name="Send Keys" library="RPA.Windows">
<arg>id:Customer</arg>
<arg>${Customer}</arg>
<tag>action</tag>
<tag>keyboard</tag>
<doc>Send keys to desktop, current window or to Control element
defined by given locator.</doc>
<msg timestamp="20231201 17:47:59.232" level="INFO">Getting element with locator: id:Customer</msg>
<msg timestamp="20231201 17:47:59.232" level="INFO">Resulted root element: WindowsElement(item=&lt;uiautomation.uiautomation.WindowControl object at 0x000002057F950BC0&gt;, locator='subname:Orders and type:WindowControl', name='Orders - Untitled', automation_id='MainForm', control_type='WindowControl', class_name='WindowsForms10.Window.8.app.0.141b42a_r7_ad1', left=949, right=1861, top=-1062, bottom=-450, width=912, height=612, xcenter=1405, ycenter=-756)</msg>
<msg timestamp="20231201 17:47:59.232" level="INFO">Locator 'id:Customer' produced matcher: MatchObject(locators=[('AutomationId', 'Customer', 0)], _classes=set(), max_level=0)</msg>
<msg timestamp="20231201 17:47:59.240" level="INFO">Returning element: WindowsElement(item=&lt;uiautomation.uiautomation.EditControl object at 0x000002057FE5A0C0&gt;, locator='id:Customer', name='Customer Name:', automation_id='Customer', control_type='EditControl', class_name='WindowsForms10.EDIT.app.0.141b42a_r7_ad1', left=1211, right=1739, top=-823, bottom=-793, width=528, height=30, xcenter=1475, ycenter=-808)</msg>
<msg timestamp="20231201 17:47:59.240" level="INFO">Sending keys 'Luisa Kohler I' to element: ControlType: EditControl    ClassName: WindowsForms10.EDIT.app.0.141b42a_r7_ad1    AutomationId: Customer    Rect: (1211,-823,1739,-793)[528x30]    Name: 'Customer Name:'    Handle: 0x1C09B4(1837492)</msg>
<status status="PASS" starttime="20231201 17:47:59.232" endtime="20231201 17:47:59.906"/>
</kw>
<kw name="Send Keys" library="RPA.Windows">
<arg>id:Street</arg>
<arg>${Street}</arg>
<tag>action</tag>
<tag>keyboard</tag>
<doc>Send keys to desktop, current window or to Control element
defined by given locator.</doc>
<msg timestamp="20231201 17:47:59.906" level="INFO">Getting element with locator: id:Street</msg>
<msg timestamp="20231201 17:47:59.906" level="INFO">Resulted root element: WindowsElement(item=&lt;uiautomation.uiautomation.WindowControl object at 0x000002057F950BC0&gt;, locator='subname:Orders and type:WindowControl', name='Orders - Untitled', automation_id='MainForm', control_type='WindowControl', class_name='WindowsForms10.Window.8.app.0.141b42a_r7_ad1', left=949, right=1861, top=-1062, bottom=-450, width=912, height=612, xcenter=1405, ycenter=-756)</msg>
<msg timestamp="20231201 17:47:59.906" level="INFO">Locator 'id:Street' produced matcher: MatchObject(locators=[('AutomationId', 'Street', 0)], _classes=set(), max_level=0)</msg>
<msg timestamp="20231201 17:47:59.974" level="INFO">Returning element: WindowsElement(item=&lt;uiautomation.uiautomation.EditControl object at 0x000002057FE59D60&gt;, locator='id:Street', name='Street:', automation_id='Street', control_type='EditControl', class_name='WindowsForms10.EDIT.app.0.141b42a_r7_ad1', left=1211, right=1403, top=-775, bottom=-745, width=192, height=30, xcenter=1307, ycenter=-760)</msg>
<msg timestamp="20231201 17:47:59.974" level="INFO">Sending keys '4538 Diamond Street' to element: ControlType: EditControl    ClassName: WindowsForms10.EDIT.app.0.141b42a_r7_ad1    AutomationId: Street    Rect: (1211,-775,1403,-745)[192x30]    Name: 'Street:'    Handle: 0x24096E(2361710)</msg>
<status status="PASS" starttime="20231201 17:47:59.906" endtime="20231201 17:48:00.679"/>
</kw>
<kw name="Send Keys" library="RPA.Windows">
<arg>id:City</arg>
<arg>${City}</arg>
<tag>action</tag>
<tag>keyboard</tag>
<doc>Send keys to desktop, current window or to Control element
defined by given locator.</doc>
<msg timestamp="20231201 17:48:00.679" level="INFO">Getting element with locator: id:City</msg>
<msg timestamp="20231201 17:48:00.679" level="INFO">Resulted root element: WindowsElement(item=&lt;uiautomation.uiautomation.WindowControl object at 0x000002057F950BC0&gt;, locator='subname:Orders and type:WindowControl', name='Orders - Untitled', automation_id='MainForm', control_type='WindowControl', class_name='WindowsForms10.Window.8.app.0.141b42a_r7_ad1', left=949, right=1861, top=-1062, bottom=-450, width=912, height=612, xcenter=1405, ycenter=-756)</msg>
<msg timestamp="20231201 17:48:00.679" level="INFO">Locator 'id:City' produced matcher: MatchObject(locators=[('AutomationId', 'City', 0)], _classes=set(), max_level=0)</msg>
<msg timestamp="20231201 17:48:00.741" level="INFO">Returning element: WindowsElement(item=&lt;uiautomation.uiautomation.EditControl object at 0x000002057FE7C1D0&gt;, locator='id:City', name='City:', automation_id='City', control_type='EditControl', class_name='WindowsForms10.EDIT.app.0.141b42a_r7_ad1', left=1547, right=1739, top=-775, bottom=-745, width=192, height=30, xcenter=1643, ycenter=-760)</msg>
<msg timestamp="20231201 17:48:00.741" level="INFO">Sending keys 'Charlotte' to element: ControlType: EditControl    ClassName: WindowsForms10.EDIT.app.0.141b42a_r7_ad1    AutomationId: City    Rect: (1547,-775,1739,-745)[192x30]    Name: 'City:'    Handle: 0xF0A76(985718)</msg>
<status status="PASS" starttime="20231201 17:48:00.679" endtime="20231201 17:48:01.343"/>
</kw>
<kw name="Send Keys" library="RPA.Windows">
<arg>id:State</arg>
<arg>${State}</arg>
<tag>action</tag>
<tag>keyboard</tag>
<doc>Send keys to desktop, current window or to Control element
defined by given locator.</doc>
<msg timestamp="20231201 17:48:01.343" level="INFO">Getting element with locator: id:State</msg>
<msg timestamp="20231201 17:48:01.343" level="INFO">Resulted root element: WindowsElement(item=&lt;uiautomation.uiautomation.WindowControl object at 0x000002057F950BC0&gt;, locator='subname:Orders and type:WindowControl', name='Orders - Untitled', automation_id='MainForm', control_type='WindowControl', class_name='WindowsForms10.Window.8.app.0.141b42a_r7_ad1', left=949, right=1861, top=-1062, bottom=-450, width=912, height=612, xcenter=1405, ycenter=-756)</msg>
<msg timestamp="20231201 17:48:01.343" level="INFO">Locator 'id:State' produced matcher: MatchObject(locators=[('AutomationId', 'State', 0)], _classes=set(), max_level=0)</msg>
<msg timestamp="20231201 17:48:01.403" level="INFO">Returning element: WindowsElement(item=&lt;uiautomation.uiautomation.EditControl object at 0x000002057FE7C920&gt;, locator='id:State', name='State:', automation_id='State', control_type='EditControl', class_name='WindowsForms10.EDIT.app.0.141b42a_r7_ad1', left=1211, right=1403, top=-727, bottom=-697, width=192, height=30, xcenter=1307, ycenter=-712)</msg>
<msg timestamp="20231201 17:48:01.406" level="INFO">Sending keys 'North Carolina' to element: ControlType: EditControl    ClassName: WindowsForms10.EDIT.app.0.141b42a_r7_ad1    AutomationId: State    Rect: (1211,-727,1403,-697)[192x30]    Name: 'State:'    Handle: 0xE0A74(920180)</msg>
<status status="PASS" starttime="20231201 17:48:01.343" endtime="20231201 17:48:02.061"/>
</kw>
<kw name="Send Keys" library="RPA.Windows">
<arg>id:Zip</arg>
<arg>${Zip}</arg>
<tag>action</tag>
<tag>keyboard</tag>
<doc>Send keys to desktop, current window or to Control element
defined by given locator.</doc>
<msg timestamp="20231201 17:48:02.063" level="INFO">Getting element with locator: id:Zip</msg>
<msg timestamp="20231201 17:48:02.063" level="INFO">Resulted root element: WindowsElement(item=&lt;uiautomation.uiautomation.WindowControl object at 0x000002057F950BC0&gt;, locator='subname:Orders and type:WindowControl', name='Orders - Untitled', automation_id='MainForm', control_type='WindowControl', class_name='WindowsForms10.Window.8.app.0.141b42a_r7_ad1', left=949, right=1861, top=-1062, bottom=-450, width=912, height=612, xcenter=1405, ycenter=-756)</msg>
<msg timestamp="20231201 17:48:02.063" level="INFO">Locator 'id:Zip' produced matcher: MatchObject(locators=[('AutomationId', 'Zip', 0)], _classes=set(), max_level=0)</msg>
<msg timestamp="20231201 17:48:02.110" level="INFO">Returning element: WindowsElement(item=&lt;uiautomation.uiautomation.EditControl object at 0x000002057FE580B0&gt;, locator='id:Zip', name='Zip:', automation_id='Zip', control_type='EditControl', class_name='WindowsForms10.EDIT.app.0.141b42a_r7_ad1', left=1547, right=1739, top=-727, bottom=-697, width=192, height=30, xcenter=1643, ycenter=-712)</msg>
<msg timestamp="20231201 17:48:02.110" level="INFO">Sending keys '28217' to element: ControlType: EditControl    ClassName: WindowsForms10.EDIT.app.0.141b42a_r7_ad1    AutomationId: Zip    Rect: (1547,-727,1739,-697)[192x30]    Name: 'Zip:'    Handle: 0x380932(3672370)</msg>
<status status="PASS" starttime="20231201 17:48:02.063" endtime="20231201 17:48:02.677"/>
</kw>
<kw name="Send Keys" library="RPA.Windows">
<arg>id:CardNo</arg>
<arg>${CardNo}</arg>
<tag>action</tag>
<tag>keyboard</tag>
<doc>Send keys to desktop, current window or to Control element
defined by given locator.</doc>
<msg timestamp="20231201 17:48:02.681" level="INFO">Getting element with locator: id:CardNo</msg>
<msg timestamp="20231201 17:48:02.681" level="INFO">Resulted root element: WindowsElement(item=&lt;uiautomation.uiautomation.WindowControl object at 0x000002057F950BC0&gt;, locator='subname:Orders and type:WindowControl', name='Orders - Untitled', automation_id='MainForm', control_type='WindowControl', class_name='WindowsForms10.Window.8.app.0.141b42a_r7_ad1', left=949, right=1861, top=-1062, bottom=-450, width=912, height=612, xcenter=1405, ycenter=-756)</msg>
<msg timestamp="20231201 17:48:02.681" level="INFO">Locator 'id:CardNo' produced matcher: MatchObject(locators=[('AutomationId', 'CardNo', 0)], _classes=set(), max_level=0)</msg>
<msg timestamp="20231201 17:48:02.723" level="INFO">Returning element: WindowsElement(item=&lt;uiautomation.uiautomation.EditControl object at 0x000002057FE5A270&gt;, locator='id:CardNo', name='Card No', automation_id='CardNo', control_type='EditControl', class_name='WindowsForms10.EDIT.app.0.141b42a_r7_ad1', left=1211, right=1739, top=-559, bottom=-529, width=528, height=30, xcenter=1475, ycenter=-544)</msg>
<msg timestamp="20231201 17:48:02.723" level="INFO">Sending keys '4027115277090665' to element: ControlType: EditControl    ClassName: WindowsForms10.EDIT.app.0.141b42a_r7_ad1    AutomationId: CardNo    Rect: (1211,-559,1739,-529)[528x30]    Name: 'Card No'    Handle: 0x32097E(3279230)</msg>
<status status="PASS" starttime="20231201 17:48:02.677" endtime="20231201 17:48:03.404"/>
</kw>
<status status="PASS" starttime="20231201 17:47:57.889" endtime="20231201 17:48:03.404"/>
</kw>
<kw name="When I select the &quot;OK&quot; button" library="order_resource">
<kw name="Click" library="RPA.Windows">
<arg>id:ButtonOK</arg>
<tag>action</tag>
<tag>mouse</tag>
<doc>Mouse click on element matching given locator.</doc>
<msg timestamp="20231201 17:48:03.408" level="INFO">Getting element with locator: id:ButtonOK</msg>
<msg timestamp="20231201 17:48:03.408" level="INFO">Resulted root element: WindowsElement(item=&lt;uiautomation.uiautomation.WindowControl object at 0x000002057F950BC0&gt;, locator='subname:Orders and type:WindowControl', name='Orders - Untitled', automation_id='MainForm', control_type='WindowControl', class_name='WindowsForms10.Window.8.app.0.141b42a_r7_ad1', left=949, right=1861, top=-1062, bottom=-450, width=912, height=612, xcenter=1405, ycenter=-756)</msg>
<msg timestamp="20231201 17:48:03.408" level="INFO">Locator 'id:ButtonOK' produced matcher: MatchObject(locators=[('AutomationId', 'ButtonOK', 0)], _classes=set(), max_level=0)</msg>
<msg timestamp="20231201 17:48:03.418" level="INFO">Returning element: WindowsElement(item=&lt;uiautomation.uiautomation.ButtonControl object at 0x000002057FE59BE0&gt;, locator='id:ButtonOK', name='OK', automation_id='ButtonOK', control_type='ButtonControl', class_name='WindowsForms10.BUTTON.app.0.141b42a_r7_ad1', left=1523, right=1631, top=-451, bottom=-415, width=108, height=36, xcenter=1577, ycenter=-433)</msg>
<status status="PASS" starttime="20231201 17:48:03.408" endtime="20231201 17:48:03.979"/>
</kw>
<status status="PASS" starttime="20231201 17:48:03.404" endtime="20231201 17:48:03.979"/>
</kw>
<kw name="Then the order should be created successfully (c01)" library="order_resource">
<kw name="Click" library="RPA.Windows">
<var>${item_created01}</var>
<arg>name:"Luisa Kohler I" and type:TextControl and path:1|3|1</arg>
<tag>action</tag>
<tag>mouse</tag>
<doc>Mouse click on element matching given locator.</doc>
<msg timestamp="20231201 17:48:03.979" level="INFO">Getting element with locator: name:"Luisa Kohler I" and type:TextControl and path:1|3|1</msg>
<msg timestamp="20231201 17:48:03.979" level="INFO">Resulted root element: WindowsElement(item=&lt;uiautomation.uiautomation.WindowControl object at 0x000002057F950BC0&gt;, locator='subname:Orders and type:WindowControl', name='Orders - Untitled', automation_id='MainForm', control_type='WindowControl', class_name='WindowsForms10.Window.8.app.0.141b42a_r7_ad1', left=949, right=1861, top=-1062, bottom=-450, width=912, height=612, xcenter=1405, ycenter=-756)</msg>
<msg timestamp="20231201 17:48:03.979" level="INFO">Locator 'name:"Luisa Kohler I" and type:TextControl and path:1|3|1' produced matcher: MatchObject(locators=[('Name', 'Luisa Kohler I', 0), ('ControlType', 'TextControl', 0), ('path', [1, 3, 1], 0)], _classes=set(), max_level=0)</msg>
<msg timestamp="20231201 17:48:04.003" level="INFO">Returning element: WindowsElement(item=&lt;uiautomation.uiautomation.TextControl object at 0x000002057FE7C650&gt;, locator='name:"Luisa Kohler I" and type:TextControl and path:1|3|1', name='Luisa Kohler I', automation_id='', control_type='TextControl', class_name='', left=964, right=1846, top=-904, bottom=-878, width=882, height=26, xcenter=1405, ycenter=-891)</msg>
<msg timestamp="20231201 17:48:04.563" level="INFO">${item_created01} = WindowsElement(item=&lt;uiautomation.uiautomation.TextControl object at 0x000002057FE7C650&gt;, locator='name:"Luisa Kohler I" and type:TextControl and path:1|3|1', name='Luisa Kohler I', automation_id='', ...</msg>
<status status="PASS" starttime="20231201 17:48:03.979" endtime="20231201 17:48:04.563"/>
</kw>
<kw name="Log To Console" library="BuiltIn">
<arg>${item_created01} has been created successfully</arg>
<doc>Logs the given message to the console.</doc>
<status status="PASS" starttime="20231201 17:48:04.563" endtime="20231201 17:48:04.563"/>
</kw>
<status status="PASS" starttime="20231201 17:48:03.979" endtime="20231201 17:48:04.563"/>
</kw>
<status status="PASS" starttime="20231201 17:47:56.725" endtime="20231201 17:48:04.566"/>
</test>
<test id="s1-t3" name="Create Orders_02" line="20">
<kw name="When I select &quot;Orders&quot; in the navigation bar" library="order_resource">
<kw name="Click" library="RPA.Windows">
<arg>name:Orders and type:MenuItemControl and path:5|2</arg>
<tag>action</tag>
<tag>mouse</tag>
<doc>Mouse click on element matching given locator.</doc>
<msg timestamp="20231201 17:48:04.566" level="INFO">Getting element with locator: name:Orders and type:MenuItemControl and path:5|2</msg>
<msg timestamp="20231201 17:48:04.569" level="INFO">Resulted root element: WindowsElement(item=&lt;uiautomation.uiautomation.WindowControl object at 0x000002057F950BC0&gt;, locator='subname:Orders and type:WindowControl', name='Orders - Untitled', automation_id='MainForm', control_type='WindowControl', class_name='WindowsForms10.Window.8.app.0.141b42a_r7_ad1', left=949, right=1861, top=-1062, bottom=-450, width=912, height=612, xcenter=1405, ycenter=-756)</msg>
<msg timestamp="20231201 17:48:04.569" level="INFO">Locator 'name:Orders and type:MenuItemControl and path:5|2' produced matcher: MatchObject(locators=[('Name', 'Orders', 0), ('ControlType', 'MenuItemControl', 0), ('path', [5, 2], 0)], _classes=set(), max_level=0)</msg>
<msg timestamp="20231201 17:48:04.579" level="INFO">Returning element: WindowsElement(item=&lt;uiautomation.uiautomation.MenuItemControl object at 0x000002057FE596D0&gt;, locator='name:Orders and type:MenuItemControl and path:5|2', name='Orders', automation_id='', control_type='MenuItemControl', class_name='', left=1009, right=1083, top=-1015, bottom=-986, width=74, height=29, xcenter=1046, ycenter=-1001)</msg>
<status status="PASS" starttime="20231201 17:48:04.566" endtime="20231201 17:48:05.139"/>
</kw>
<status status="PASS" starttime="20231201 17:48:04.566" endtime="20231201 17:48:05.139"/>
</kw>
<kw name="And I choose &quot;New Order&quot;" library="order_resource">
<kw name="Click" library="RPA.Windows">
<arg>id:264</arg>
<tag>action</tag>
<tag>mouse</tag>
<doc>Mouse click on element matching given locator.</doc>
<msg timestamp="20231201 17:48:05.144" level="INFO">Getting element with locator: id:264</msg>
<msg timestamp="20231201 17:48:05.144" level="INFO">Resulted root element: WindowsElement(item=&lt;uiautomation.uiautomation.WindowControl object at 0x000002057F950BC0&gt;, locator='subname:Orders and type:WindowControl', name='Orders - Untitled', automation_id='MainForm', control_type='WindowControl', class_name='WindowsForms10.Window.8.app.0.141b42a_r7_ad1', left=949, right=1861, top=-1062, bottom=-450, width=912, height=612, xcenter=1405, ycenter=-756)</msg>
<msg timestamp="20231201 17:48:05.144" level="INFO">Locator 'id:264' produced matcher: MatchObject(locators=[('AutomationId', '264', 0)], _classes=set(), max_level=0)</msg>
<msg timestamp="20231201 17:48:05.147" level="INFO">Returning element: WindowsElement(item=&lt;uiautomation.uiautomation.MenuItemControl object at 0x000002057FE58F80&gt;, locator='id:264', name='New order...\tCtrl+Ins', automation_id='264', control_type='MenuItemControl', class_name='', left=1013, right=1339, top=-982, bottom=-949, width=326, height=33, xcenter=1176, ycenter=-966)</msg>
<status status="PASS" starttime="20231201 17:48:05.139" endtime="20231201 17:48:05.730"/>
</kw>
<status status="PASS" starttime="20231201 17:48:05.139" endtime="20231201 17:48:05.730"/>
</kw>
<kw name="Then a quick order form with data entry fields should be displayed (Case 02)" library="order_resource">
<kw name="Set Focus" library="RPA.Windows">
<arg>id:OrderForm</arg>
<tag>action</tag>
<doc>Set view focus to the element defined by the locator.</doc>
<msg timestamp="20231201 17:48:05.730" level="INFO">Getting element with locator: id:OrderForm</msg>
<msg timestamp="20231201 17:48:05.730" level="INFO">Resulted root element: WindowsElement(item=&lt;uiautomation.uiautomation.WindowControl object at 0x000002057F950BC0&gt;, locator='subname:Orders and type:WindowControl', name='Orders - Untitled', automation_id='MainForm', control_type='WindowControl', class_name='WindowsForms10.Window.8.app.0.141b42a_r7_ad1', left=949, right=1861, top=-1062, bottom=-450, width=912, height=612, xcenter=1405, ycenter=-756)</msg>
<msg timestamp="20231201 17:48:05.730" level="INFO">Locator 'id:OrderForm' produced matcher: MatchObject(locators=[('AutomationId', 'OrderForm', 0)], _classes=set(), max_level=0)</msg>
<msg timestamp="20231201 17:48:05.730" level="INFO">Returning element: WindowsElement(item=&lt;uiautomation.uiautomation.WindowControl object at 0x000002057FE58D70&gt;, locator='id:OrderForm', name='Order', automation_id='OrderForm', control_type='WindowControl', class_name='WindowsForms10.Window.8.app.0.141b42a_r7_ad1', left=1039, right=1771, top=-1114, bottom=-397, width=732, height=717, xcenter=1405, ycenter=-756)</msg>
<status status="PASS" starttime="20231201 17:48:05.730" endtime="20231201 17:48:05.730"/>
</kw>
<kw name="Create Order 02" library="OrderData">
<status status="PASS" starttime="20231201 17:48:05.730" endtime="20231201 17:48:05.730"/>
</kw>
<status status="PASS" starttime="20231201 17:48:05.730" endtime="20231201 17:48:05.730"/>
</kw>
<kw name="And Complete the data in the order form" library="order_resource">
<kw name="Get Product Option" library="OrderData">
<var>${product_option}</var>
<msg timestamp="20231201 17:48:05.730" level="INFO">${product_option} = FamilyAlbum</msg>
<status status="PASS" starttime="20231201 17:48:05.730" endtime="20231201 17:48:05.730"/>
</kw>
<kw name="Get Customer Name" library="OrderData">
<var>${Customer}</var>
<msg timestamp="20231201 17:48:05.730" level="INFO">${Customer} = Natasha Rath III</msg>
<status status="PASS" starttime="20231201 17:48:05.730" endtime="20231201 17:48:05.730"/>
</kw>
<kw name="Get Street" library="OrderData">
<var>${Street}</var>
<msg timestamp="20231201 17:48:05.730" level="INFO">${Street} = 1826 Summit Park Avenue</msg>
<status status="PASS" starttime="20231201 17:48:05.730" endtime="20231201 17:48:05.730"/>
</kw>
<kw name="Get City" library="OrderData">
<var>${City}</var>
<msg timestamp="20231201 17:48:05.730" level="INFO">${City} = Fairhope</msg>
<status status="PASS" starttime="20231201 17:48:05.730" endtime="20231201 17:48:05.730"/>
</kw>
<kw name="Get State" library="OrderData">
<var>${State}</var>
<msg timestamp="20231201 17:48:05.730" level="INFO">${State} = Alabama</msg>
<status status="PASS" starttime="20231201 17:48:05.730" endtime="20231201 17:48:05.730"/>
</kw>
<kw name="Get Zip" library="OrderData">
<var>${Zip}</var>
<msg timestamp="20231201 17:48:05.730" level="INFO">${Zip} = 36532</msg>
<status status="PASS" starttime="20231201 17:48:05.730" endtime="20231201 17:48:05.730"/>
</kw>
<kw name="Get Card Number" library="OrderData">
<var>${CardNo}</var>
<msg timestamp="20231201 17:48:05.730" level="INFO">${CardNo} = 5970100300000018</msg>
<status status="PASS" starttime="20231201 17:48:05.730" endtime="20231201 17:48:05.730"/>
</kw>
<kw name="Select" library="RPA.Windows">
<arg>id:ProductNames</arg>
<arg>${product_option}</arg>
<tag>action</tag>
<doc>Select a value on the passed element if such action is supported.</doc>
<msg timestamp="20231201 17:48:05.730" level="INFO">Getting element with locator: id:ProductNames</msg>
<msg timestamp="20231201 17:48:05.730" level="INFO">Resulted root element: WindowsElement(item=&lt;uiautomation.uiautomation.WindowControl object at 0x000002057F950BC0&gt;, locator='subname:Orders and type:WindowControl', name='Orders - Untitled', automation_id='MainForm', control_type='WindowControl', class_name='WindowsForms10.Window.8.app.0.141b42a_r7_ad1', left=949, right=1861, top=-1062, bottom=-450, width=912, height=612, xcenter=1405, ycenter=-756)</msg>
<msg timestamp="20231201 17:48:05.730" level="INFO">Locator 'id:ProductNames' produced matcher: MatchObject(locators=[('AutomationId', 'ProductNames', 0)], _classes=set(), max_level=0)</msg>
<msg timestamp="20231201 17:48:05.858" level="INFO">Returning element: WindowsElement(item=&lt;uiautomation.uiautomation.ComboBoxControl object at 0x000002057FE5B260&gt;, locator='id:ProductNames', name='Product:', automation_id='ProductNames', control_type='ComboBoxControl', class_name='WindowsForms10.COMBOBOX.app.0.141b42a_r7_ad1', left=1151, right=1739, top=-1039, bottom=-1007, width=588, height=32, xcenter=1445, ycenter=-1023)</msg>
<status status="PASS" starttime="20231201 17:48:05.730" endtime="20231201 17:48:07.085"/>
</kw>
<kw name="Send Keys" library="RPA.Windows">
<arg>id:Customer</arg>
<arg>${Customer}</arg>
<tag>action</tag>
<tag>keyboard</tag>
<doc>Send keys to desktop, current window or to Control element
defined by given locator.</doc>
<msg timestamp="20231201 17:48:07.090" level="INFO">Getting element with locator: id:Customer</msg>
<msg timestamp="20231201 17:48:07.090" level="INFO">Resulted root element: WindowsElement(item=&lt;uiautomation.uiautomation.WindowControl object at 0x000002057F950BC0&gt;, locator='subname:Orders and type:WindowControl', name='Orders - Untitled', automation_id='MainForm', control_type='WindowControl', class_name='WindowsForms10.Window.8.app.0.141b42a_r7_ad1', left=949, right=1861, top=-1062, bottom=-450, width=912, height=612, xcenter=1405, ycenter=-756)</msg>
<msg timestamp="20231201 17:48:07.090" level="INFO">Locator 'id:Customer' produced matcher: MatchObject(locators=[('AutomationId', 'Customer', 0)], _classes=set(), max_level=0)</msg>
<msg timestamp="20231201 17:48:07.100" level="INFO">Returning element: WindowsElement(item=&lt;uiautomation.uiautomation.EditControl object at 0x000002057FDAC110&gt;, locator='id:Customer', name='Customer Name:', automation_id='Customer', control_type='EditControl', class_name='WindowsForms10.EDIT.app.0.141b42a_r7_ad1', left=1211, right=1739, top=-823, bottom=-793, width=528, height=30, xcenter=1475, ycenter=-808)</msg>
<msg timestamp="20231201 17:48:07.106" level="INFO">Sending keys 'Natasha Rath III' to element: ControlType: EditControl    ClassName: WindowsForms10.EDIT.app.0.141b42a_r7_ad1    AutomationId: Customer    Rect: (1211,-823,1739,-793)[528x30]    Name: 'Customer Name:'    Handle: 0x140A90(1313424)</msg>
<status status="PASS" starttime="20231201 17:48:07.085" endtime="20231201 17:48:07.782"/>
</kw>
<kw name="Send Keys" library="RPA.Windows">
<arg>id:Street</arg>
<arg>${Street}</arg>
<tag>action</tag>
<tag>keyboard</tag>
<doc>Send keys to desktop, current window or to Control element
defined by given locator.</doc>
<msg timestamp="20231201 17:48:07.782" level="INFO">Getting element with locator: id:Street</msg>
<msg timestamp="20231201 17:48:07.782" level="INFO">Resulted root element: WindowsElement(item=&lt;uiautomation.uiautomation.WindowControl object at 0x000002057F950BC0&gt;, locator='subname:Orders and type:WindowControl', name='Orders - Untitled', automation_id='MainForm', control_type='WindowControl', class_name='WindowsForms10.Window.8.app.0.141b42a_r7_ad1', left=949, right=1861, top=-1062, bottom=-450, width=912, height=612, xcenter=1405, ycenter=-756)</msg>
<msg timestamp="20231201 17:48:07.782" level="INFO">Locator 'id:Street' produced matcher: MatchObject(locators=[('AutomationId', 'Street', 0)], _classes=set(), max_level=0)</msg>
<msg timestamp="20231201 17:48:07.840" level="INFO">Returning element: WindowsElement(item=&lt;uiautomation.uiautomation.EditControl object at 0x000002057FE5A2A0&gt;, locator='id:Street', name='Street:', automation_id='Street', control_type='EditControl', class_name='WindowsForms10.EDIT.app.0.141b42a_r7_ad1', left=1211, right=1403, top=-775, bottom=-745, width=192, height=30, xcenter=1307, ycenter=-760)</msg>
<msg timestamp="20231201 17:48:07.847" level="INFO">Sending keys '1826 Summit Park Avenue' to element: ControlType: EditControl    ClassName: WindowsForms10.EDIT.app.0.141b42a_r7_ad1    AutomationId: Street    Rect: (1211,-775,1403,-745)[192x30]    Name: 'Street:'    Handle: 0x390932(3737906)</msg>
<status status="PASS" starttime="20231201 17:48:07.782" endtime="20231201 17:48:08.600"/>
</kw>
<kw name="Send Keys" library="RPA.Windows">
<arg>id:City</arg>
<arg>${City}</arg>
<tag>action</tag>
<tag>keyboard</tag>
<doc>Send keys to desktop, current window or to Control element
defined by given locator.</doc>
<msg timestamp="20231201 17:48:08.600" level="INFO">Getting element with locator: id:City</msg>
<msg timestamp="20231201 17:48:08.600" level="INFO">Resulted root element: WindowsElement(item=&lt;uiautomation.uiautomation.WindowControl object at 0x000002057F950BC0&gt;, locator='subname:Orders and type:WindowControl', name='Orders - Untitled', automation_id='MainForm', control_type='WindowControl', class_name='WindowsForms10.Window.8.app.0.141b42a_r7_ad1', left=949, right=1861, top=-1062, bottom=-450, width=912, height=612, xcenter=1405, ycenter=-756)</msg>
<msg timestamp="20231201 17:48:08.600" level="INFO">Locator 'id:City' produced matcher: MatchObject(locators=[('AutomationId', 'City', 0)], _classes=set(), max_level=0)</msg>
<msg timestamp="20231201 17:48:08.655" level="INFO">Returning element: WindowsElement(item=&lt;uiautomation.uiautomation.EditControl object at 0x000002057FE59F10&gt;, locator='id:City', name='City:', automation_id='City', control_type='EditControl', class_name='WindowsForms10.EDIT.app.0.141b42a_r7_ad1', left=1547, right=1739, top=-775, bottom=-745, width=192, height=30, xcenter=1643, ycenter=-760)</msg>
<msg timestamp="20231201 17:48:08.655" level="INFO">Sending keys 'Fairhope' to element: ControlType: EditControl    ClassName: WindowsForms10.EDIT.app.0.141b42a_r7_ad1    AutomationId: City    Rect: (1547,-775,1739,-745)[192x30]    Name: 'City:'    Handle: 0xF0A74(985716)</msg>
<status status="PASS" starttime="20231201 17:48:08.600" endtime="20231201 17:48:09.255"/>
</kw>
<kw name="Send Keys" library="RPA.Windows">
<arg>id:State</arg>
<arg>${State}</arg>
<tag>action</tag>
<tag>keyboard</tag>
<doc>Send keys to desktop, current window or to Control element
defined by given locator.</doc>
<msg timestamp="20231201 17:48:09.255" level="INFO">Getting element with locator: id:State</msg>
<msg timestamp="20231201 17:48:09.255" level="INFO">Resulted root element: WindowsElement(item=&lt;uiautomation.uiautomation.WindowControl object at 0x000002057F950BC0&gt;, locator='subname:Orders and type:WindowControl', name='Orders - Untitled', automation_id='MainForm', control_type='WindowControl', class_name='WindowsForms10.Window.8.app.0.141b42a_r7_ad1', left=949, right=1861, top=-1062, bottom=-450, width=912, height=612, xcenter=1405, ycenter=-756)</msg>
<msg timestamp="20231201 17:48:09.255" level="INFO">Locator 'id:State' produced matcher: MatchObject(locators=[('AutomationId', 'State', 0)], _classes=set(), max_level=0)</msg>
<msg timestamp="20231201 17:48:09.319" level="INFO">Returning element: WindowsElement(item=&lt;uiautomation.uiautomation.EditControl object at 0x000002057F3EBC20&gt;, locator='id:State', name='State:', automation_id='State', control_type='EditControl', class_name='WindowsForms10.EDIT.app.0.141b42a_r7_ad1', left=1211, right=1403, top=-727, bottom=-697, width=192, height=30, xcenter=1307, ycenter=-712)</msg>
<msg timestamp="20231201 17:48:09.319" level="INFO">Sending keys 'Alabama' to element: ControlType: EditControl    ClassName: WindowsForms10.EDIT.app.0.141b42a_r7_ad1    AutomationId: State    Rect: (1211,-727,1403,-697)[192x30]    Name: 'State:'    Handle: 0x100A76(1051254)</msg>
<status status="PASS" starttime="20231201 17:48:09.255" endtime="20231201 17:48:09.896"/>
</kw>
<kw name="Send Keys" library="RPA.Windows">
<arg>id:Zip</arg>
<arg>${Zip}</arg>
<tag>action</tag>
<tag>keyboard</tag>
<doc>Send keys to desktop, current window or to Control element
defined by given locator.</doc>
<msg timestamp="20231201 17:48:09.898" level="INFO">Getting element with locator: id:Zip</msg>
<msg timestamp="20231201 17:48:09.898" level="INFO">Resulted root element: WindowsElement(item=&lt;uiautomation.uiautomation.WindowControl object at 0x000002057F950BC0&gt;, locator='subname:Orders and type:WindowControl', name='Orders - Untitled', automation_id='MainForm', control_type='WindowControl', class_name='WindowsForms10.Window.8.app.0.141b42a_r7_ad1', left=949, right=1861, top=-1062, bottom=-450, width=912, height=612, xcenter=1405, ycenter=-756)</msg>
<msg timestamp="20231201 17:48:09.898" level="INFO">Locator 'id:Zip' produced matcher: MatchObject(locators=[('AutomationId', 'Zip', 0)], _classes=set(), max_level=0)</msg>
<msg timestamp="20231201 17:48:09.952" level="INFO">Returning element: WindowsElement(item=&lt;uiautomation.uiautomation.EditControl object at 0x000002057FE592B0&gt;, locator='id:Zip', name='Zip:', automation_id='Zip', control_type='EditControl', class_name='WindowsForms10.EDIT.app.0.141b42a_r7_ad1', left=1547, right=1739, top=-727, bottom=-697, width=192, height=30, xcenter=1643, ycenter=-712)</msg>
<msg timestamp="20231201 17:48:09.953" level="INFO">Sending keys '36532' to element: ControlType: EditControl    ClassName: WindowsForms10.EDIT.app.0.141b42a_r7_ad1    AutomationId: Zip    Rect: (1547,-727,1739,-697)[192x30]    Name: 'Zip:'    Handle: 0x25096E(2427246)</msg>
<status status="PASS" starttime="20231201 17:48:09.898" endtime="20231201 17:48:10.506"/>
</kw>
<kw name="Send Keys" library="RPA.Windows">
<arg>id:CardNo</arg>
<arg>${CardNo}</arg>
<tag>action</tag>
<tag>keyboard</tag>
<doc>Send keys to desktop, current window or to Control element
defined by given locator.</doc>
<msg timestamp="20231201 17:48:10.510" level="INFO">Getting element with locator: id:CardNo</msg>
<msg timestamp="20231201 17:48:10.510" level="INFO">Resulted root element: WindowsElement(item=&lt;uiautomation.uiautomation.WindowControl object at 0x000002057F950BC0&gt;, locator='subname:Orders and type:WindowControl', name='Orders - Untitled', automation_id='MainForm', control_type='WindowControl', class_name='WindowsForms10.Window.8.app.0.141b42a_r7_ad1', left=949, right=1861, top=-1062, bottom=-450, width=912, height=612, xcenter=1405, ycenter=-756)</msg>
<msg timestamp="20231201 17:48:10.510" level="INFO">Locator 'id:CardNo' produced matcher: MatchObject(locators=[('AutomationId', 'CardNo', 0)], _classes=set(), max_level=0)</msg>
<msg timestamp="20231201 17:48:10.555" level="INFO">Returning element: WindowsElement(item=&lt;uiautomation.uiautomation.EditControl object at 0x000002057FE58590&gt;, locator='id:CardNo', name='Card No', automation_id='CardNo', control_type='EditControl', class_name='WindowsForms10.EDIT.app.0.141b42a_r7_ad1', left=1211, right=1739, top=-559, bottom=-529, width=528, height=30, xcenter=1475, ycenter=-544)</msg>
<msg timestamp="20231201 17:48:10.556" level="INFO">Sending keys '5970100300000018' to element: ControlType: EditControl    ClassName: WindowsForms10.EDIT.app.0.141b42a_r7_ad1    AutomationId: CardNo    Rect: (1211,-559,1739,-529)[528x30]    Name: 'Card No'    Handle: 0x160A34(1444404)</msg>
<status status="PASS" starttime="20231201 17:48:10.508" endtime="20231201 17:48:11.226"/>
</kw>
<status status="PASS" starttime="20231201 17:48:05.730" endtime="20231201 17:48:11.229"/>
</kw>
<kw name="When I select the &quot;OK&quot; button" library="order_resource">
<kw name="Click" library="RPA.Windows">
<arg>id:ButtonOK</arg>
<tag>action</tag>
<tag>mouse</tag>
<doc>Mouse click on element matching given locator.</doc>
<msg timestamp="20231201 17:48:11.234" level="INFO">Getting element with locator: id:ButtonOK</msg>
<msg timestamp="20231201 17:48:11.234" level="INFO">Resulted root element: WindowsElement(item=&lt;uiautomation.uiautomation.WindowControl object at 0x000002057F950BC0&gt;, locator='subname:Orders and type:WindowControl', name='Orders - Untitled', automation_id='MainForm', control_type='WindowControl', class_name='WindowsForms10.Window.8.app.0.141b42a_r7_ad1', left=949, right=1861, top=-1062, bottom=-450, width=912, height=612, xcenter=1405, ycenter=-756)</msg>
<msg timestamp="20231201 17:48:11.234" level="INFO">Locator 'id:ButtonOK' produced matcher: MatchObject(locators=[('AutomationId', 'ButtonOK', 0)], _classes=set(), max_level=0)</msg>
<msg timestamp="20231201 17:48:11.243" level="INFO">Returning element: WindowsElement(item=&lt;uiautomation.uiautomation.ButtonControl object at 0x000002057FF42570&gt;, locator='id:ButtonOK', name='OK', automation_id='ButtonOK', control_type='ButtonControl', class_name='WindowsForms10.BUTTON.app.0.141b42a_r7_ad1', left=1523, right=1631, top=-451, bottom=-415, width=108, height=36, xcenter=1577, ycenter=-433)</msg>
<status status="PASS" starttime="20231201 17:48:11.233" endtime="20231201 17:48:11.796"/>
</kw>
<status status="PASS" starttime="20231201 17:48:11.233" endtime="20231201 17:48:11.796"/>
</kw>
<kw name="Then the order should be created successfully (c02)" library="order_resource">
<kw name="Click" library="RPA.Windows">
<var>${item_created02}</var>
<arg>name:"Natasha Rath III" and type:TextControl and path:1|4|1</arg>
<tag>action</tag>
<tag>mouse</tag>
<doc>Mouse click on element matching given locator.</doc>
<msg timestamp="20231201 17:48:11.796" level="INFO">Getting element with locator: name:"Natasha Rath III" and type:TextControl and path:1|4|1</msg>
<msg timestamp="20231201 17:48:11.796" level="INFO">Resulted root element: WindowsElement(item=&lt;uiautomation.uiautomation.WindowControl object at 0x000002057F950BC0&gt;, locator='subname:Orders and type:WindowControl', name='Orders - Untitled', automation_id='MainForm', control_type='WindowControl', class_name='WindowsForms10.Window.8.app.0.141b42a_r7_ad1', left=949, right=1861, top=-1062, bottom=-450, width=912, height=612, xcenter=1405, ycenter=-756)</msg>
<msg timestamp="20231201 17:48:11.796" level="INFO">Locator 'name:"Natasha Rath III" and type:TextControl and path:1|4|1' produced matcher: MatchObject(locators=[('Name', 'Natasha Rath III', 0), ('ControlType', 'TextControl', 0), ('path', [1, 4, 1], 0)], _classes=set(), max_level=0)</msg>
<msg timestamp="20231201 17:48:11.830" level="INFO">Returning element: WindowsElement(item=&lt;uiautomation.uiautomation.TextControl object at 0x000002057FF42FF0&gt;, locator='name:"Natasha Rath III" and type:TextControl and path:1|4|1', name='Natasha Rath III', automation_id='', control_type='TextControl', class_name='', left=964, right=1846, top=-879, bottom=-853, width=882, height=26, xcenter=1405, ycenter=-866)</msg>
<msg timestamp="20231201 17:48:12.393" level="INFO">${item_created02} = WindowsElement(item=&lt;uiautomation.uiautomation.TextControl object at 0x000002057FF42FF0&gt;, locator='name:"Natasha Rath III" and type:TextControl and path:1|4|1', name='Natasha Rath III', automation_id=...</msg>
<status status="PASS" starttime="20231201 17:48:11.796" endtime="20231201 17:48:12.393"/>
</kw>
<kw name="Log To Console" library="BuiltIn">
<arg>${item_created02} has been created successfully</arg>
<doc>Logs the given message to the console.</doc>
<status status="PASS" starttime="20231201 17:48:12.393" endtime="20231201 17:48:12.393"/>
</kw>
<status status="PASS" starttime="20231201 17:48:11.796" endtime="20231201 17:48:12.393"/>
</kw>
<status status="PASS" starttime="20231201 17:48:04.566" endtime="20231201 17:48:12.401"/>
</test>
<test id="s1-t4" name="Create Orders_03" line="29">
<kw name="When I select &quot;Orders&quot; in the navigation bar" library="order_resource">
<kw name="Click" library="RPA.Windows">
<arg>name:Orders and type:MenuItemControl and path:5|2</arg>
<tag>action</tag>
<tag>mouse</tag>
<doc>Mouse click on element matching given locator.</doc>
<msg timestamp="20231201 17:48:12.405" level="INFO">Getting element with locator: name:Orders and type:MenuItemControl and path:5|2</msg>
<msg timestamp="20231201 17:48:12.405" level="INFO">Resulted root element: WindowsElement(item=&lt;uiautomation.uiautomation.WindowControl object at 0x000002057F950BC0&gt;, locator='subname:Orders and type:WindowControl', name='Orders - Untitled', automation_id='MainForm', control_type='WindowControl', class_name='WindowsForms10.Window.8.app.0.141b42a_r7_ad1', left=949, right=1861, top=-1062, bottom=-450, width=912, height=612, xcenter=1405, ycenter=-756)</msg>
<msg timestamp="20231201 17:48:12.405" level="INFO">Locator 'name:Orders and type:MenuItemControl and path:5|2' produced matcher: MatchObject(locators=[('Name', 'Orders', 0), ('ControlType', 'MenuItemControl', 0), ('path', [5, 2], 0)], _classes=set(), max_level=0)</msg>
<msg timestamp="20231201 17:48:12.405" level="INFO">Returning element: WindowsElement(item=&lt;uiautomation.uiautomation.MenuItemControl object at 0x000002057FF43020&gt;, locator='name:Orders and type:MenuItemControl and path:5|2', name='Orders', automation_id='', control_type='MenuItemControl', class_name='', left=1009, right=1083, top=-1015, bottom=-986, width=74, height=29, xcenter=1046, ycenter=-1001)</msg>
<status status="PASS" starttime="20231201 17:48:12.401" endtime="20231201 17:48:12.972"/>
</kw>
<status status="PASS" starttime="20231201 17:48:12.401" endtime="20231201 17:48:12.972"/>
</kw>
<kw name="And I choose &quot;New Order&quot;" library="order_resource">
<kw name="Click" library="RPA.Windows">
<arg>id:264</arg>
<tag>action</tag>
<tag>mouse</tag>
<doc>Mouse click on element matching given locator.</doc>
<msg timestamp="20231201 17:48:12.982" level="INFO">Getting element with locator: id:264</msg>
<msg timestamp="20231201 17:48:12.982" level="INFO">Resulted root element: WindowsElement(item=&lt;uiautomation.uiautomation.WindowControl object at 0x000002057F950BC0&gt;, locator='subname:Orders and type:WindowControl', name='Orders - Untitled', automation_id='MainForm', control_type='WindowControl', class_name='WindowsForms10.Window.8.app.0.141b42a_r7_ad1', left=949, right=1861, top=-1062, bottom=-450, width=912, height=612, xcenter=1405, ycenter=-756)</msg>
<msg timestamp="20231201 17:48:12.982" level="INFO">Locator 'id:264' produced matcher: MatchObject(locators=[('AutomationId', '264', 0)], _classes=set(), max_level=0)</msg>
<msg timestamp="20231201 17:48:12.982" level="INFO">Returning element: WindowsElement(item=&lt;uiautomation.uiautomation.MenuItemControl object at 0x000002057FF43830&gt;, locator='id:264', name='New order...\tCtrl+Ins', automation_id='264', control_type='MenuItemControl', class_name='', left=1013, right=1339, top=-982, bottom=-949, width=326, height=33, xcenter=1176, ycenter=-966)</msg>
<status status="PASS" starttime="20231201 17:48:12.982" endtime="20231201 17:48:13.540"/>
</kw>
<status status="PASS" starttime="20231201 17:48:12.977" endtime="20231201 17:48:13.540"/>
</kw>
<kw name="Then a quick order form with data entry fields should be displayed (Case 03)" library="order_resource">
<kw name="Set Focus" library="RPA.Windows">
<arg>id:OrderForm</arg>
<tag>action</tag>
<doc>Set view focus to the element defined by the locator.</doc>
<msg timestamp="20231201 17:48:13.540" level="INFO">Getting element with locator: id:OrderForm</msg>
<msg timestamp="20231201 17:48:13.540" level="INFO">Resulted root element: WindowsElement(item=&lt;uiautomation.uiautomation.WindowControl object at 0x000002057F950BC0&gt;, locator='subname:Orders and type:WindowControl', name='Orders - Untitled', automation_id='MainForm', control_type='WindowControl', class_name='WindowsForms10.Window.8.app.0.141b42a_r7_ad1', left=949, right=1861, top=-1062, bottom=-450, width=912, height=612, xcenter=1405, ycenter=-756)</msg>
<msg timestamp="20231201 17:48:13.540" level="INFO">Locator 'id:OrderForm' produced matcher: MatchObject(locators=[('AutomationId', 'OrderForm', 0)], _classes=set(), max_level=0)</msg>
<msg timestamp="20231201 17:48:13.546" level="INFO">Returning element: WindowsElement(item=&lt;uiautomation.uiautomation.WindowControl object at 0x000002057FF43DA0&gt;, locator='id:OrderForm', name='Order', automation_id='OrderForm', control_type='WindowControl', class_name='WindowsForms10.Window.8.app.0.141b42a_r7_ad1', left=1039, right=1771, top=-1114, bottom=-397, width=732, height=717, xcenter=1405, ycenter=-756)</msg>
<status status="PASS" starttime="20231201 17:48:13.540" endtime="20231201 17:48:13.546"/>
</kw>
<kw name="Create Order 03" library="OrderData">
<status status="PASS" starttime="20231201 17:48:13.546" endtime="20231201 17:48:13.546"/>
</kw>
<status status="PASS" starttime="20231201 17:48:13.540" endtime="20231201 17:48:13.546"/>
</kw>
<kw name="And Complete the data in the order form" library="order_resource">
<kw name="Get Product Option" library="OrderData">
<var>${product_option}</var>
<msg timestamp="20231201 17:48:13.546" level="INFO">${product_option} = ScreenSaver</msg>
<status status="PASS" starttime="20231201 17:48:13.546" endtime="20231201 17:48:13.546"/>
</kw>
<kw name="Get Customer Name" library="OrderData">
<var>${Customer}</var>
<msg timestamp="20231201 17:48:13.546" level="INFO">${Customer} = Doris Haag</msg>
<status status="PASS" starttime="20231201 17:48:13.546" endtime="20231201 17:48:13.546"/>
</kw>
<kw name="Get Street" library="OrderData">
<var>${Street}</var>
<msg timestamp="20231201 17:48:13.546" level="INFO">${Street} = 1461 Tanglewood Road</msg>
<status status="PASS" starttime="20231201 17:48:13.546" endtime="20231201 17:48:13.546"/>
</kw>
<kw name="Get City" library="OrderData">
<var>${City}</var>
<msg timestamp="20231201 17:48:13.546" level="INFO">${City} = Wirt</msg>
<status status="PASS" starttime="20231201 17:48:13.546" endtime="20231201 17:48:13.546"/>
</kw>
<kw name="Get State" library="OrderData">
<var>${State}</var>
<msg timestamp="20231201 17:48:13.546" level="INFO">${State} = Minnesota</msg>
<status status="PASS" starttime="20231201 17:48:13.546" endtime="20231201 17:48:13.546"/>
</kw>
<kw name="Get Zip" library="OrderData">
<var>${Zip}</var>
<msg timestamp="20231201 17:48:13.546" level="INFO">${Zip} = 56688</msg>
<status status="PASS" starttime="20231201 17:48:13.546" endtime="20231201 17:48:13.546"/>
</kw>
<kw name="Get Card Number" library="OrderData">
<var>${CardNo}</var>
<msg timestamp="20231201 17:48:13.546" level="INFO">${CardNo} = 378282000000008</msg>
<status status="PASS" starttime="20231201 17:48:13.546" endtime="20231201 17:48:13.546"/>
</kw>
<kw name="Select" library="RPA.Windows">
<arg>id:ProductNames</arg>
<arg>${product_option}</arg>
<tag>action</tag>
<doc>Select a value on the passed element if such action is supported.</doc>
<msg timestamp="20231201 17:48:13.546" level="INFO">Getting element with locator: id:ProductNames</msg>
<msg timestamp="20231201 17:48:13.546" level="INFO">Resulted root element: WindowsElement(item=&lt;uiautomation.uiautomation.WindowControl object at 0x000002057F950BC0&gt;, locator='subname:Orders and type:WindowControl', name='Orders - Untitled', automation_id='MainForm', control_type='WindowControl', class_name='WindowsForms10.Window.8.app.0.141b42a_r7_ad1', left=949, right=1861, top=-1062, bottom=-450, width=912, height=612, xcenter=1405, ycenter=-756)</msg>
<msg timestamp="20231201 17:48:13.546" level="INFO">Locator 'id:ProductNames' produced matcher: MatchObject(locators=[('AutomationId', 'ProductNames', 0)], _classes=set(), max_level=0)</msg>
<msg timestamp="20231201 17:48:13.669" level="INFO">Returning element: WindowsElement(item=&lt;uiautomation.uiautomation.ComboBoxControl object at 0x000002057FE5BC50&gt;, locator='id:ProductNames', name='Product:', automation_id='ProductNames', control_type='ComboBoxControl', class_name='WindowsForms10.COMBOBOX.app.0.141b42a_r7_ad1', left=1151, right=1739, top=-1039, bottom=-1007, width=588, height=32, xcenter=1445, ycenter=-1023)</msg>
<status status="PASS" starttime="20231201 17:48:13.546" endtime="20231201 17:48:14.907"/>
</kw>
<kw name="Send Keys" library="RPA.Windows">
<arg>id:Customer</arg>
<arg>${Customer}</arg>
<tag>action</tag>
<tag>keyboard</tag>
<doc>Send keys to desktop, current window or to Control element
defined by given locator.</doc>
<msg timestamp="20231201 17:48:14.912" level="INFO">Getting element with locator: id:Customer</msg>
<msg timestamp="20231201 17:48:14.912" level="INFO">Resulted root element: WindowsElement(item=&lt;uiautomation.uiautomation.WindowControl object at 0x000002057F950BC0&gt;, locator='subname:Orders and type:WindowControl', name='Orders - Untitled', automation_id='MainForm', control_type='WindowControl', class_name='WindowsForms10.Window.8.app.0.141b42a_r7_ad1', left=949, right=1861, top=-1062, bottom=-450, width=912, height=612, xcenter=1405, ycenter=-756)</msg>
<msg timestamp="20231201 17:48:14.912" level="INFO">Locator 'id:Customer' produced matcher: MatchObject(locators=[('AutomationId', 'Customer', 0)], _classes=set(), max_level=0)</msg>
<msg timestamp="20231201 17:48:14.923" level="INFO">Returning element: WindowsElement(item=&lt;uiautomation.uiautomation.EditControl object at 0x000002057FE59BB0&gt;, locator='id:Customer', name='Customer Name:', automation_id='Customer', control_type='EditControl', class_name='WindowsForms10.EDIT.app.0.141b42a_r7_ad1', left=1211, right=1739, top=-823, bottom=-793, width=528, height=30, xcenter=1475, ycenter=-808)</msg>
<msg timestamp="20231201 17:48:14.928" level="INFO">Sending keys 'Doris Haag' to element: ControlType: EditControl    ClassName: WindowsForms10.EDIT.app.0.141b42a_r7_ad1    AutomationId: Customer    Rect: (1211,-823,1739,-793)[528x30]    Name: 'Customer Name:'    Handle: 0x190A38(1641016)</msg>
<status status="PASS" starttime="20231201 17:48:14.907" endtime="20231201 17:48:15.534"/>
</kw>
<kw name="Send Keys" library="RPA.Windows">
<arg>id:Street</arg>
<arg>${Street}</arg>
<tag>action</tag>
<tag>keyboard</tag>
<doc>Send keys to desktop, current window or to Control element
defined by given locator.</doc>
<msg timestamp="20231201 17:48:15.534" level="INFO">Getting element with locator: id:Street</msg>
<msg timestamp="20231201 17:48:15.534" level="INFO">Resulted root element: WindowsElement(item=&lt;uiautomation.uiautomation.WindowControl object at 0x000002057F950BC0&gt;, locator='subname:Orders and type:WindowControl', name='Orders - Untitled', automation_id='MainForm', control_type='WindowControl', class_name='WindowsForms10.Window.8.app.0.141b42a_r7_ad1', left=949, right=1861, top=-1062, bottom=-450, width=912, height=612, xcenter=1405, ycenter=-756)</msg>
<msg timestamp="20231201 17:48:15.534" level="INFO">Locator 'id:Street' produced matcher: MatchObject(locators=[('AutomationId', 'Street', 0)], _classes=set(), max_level=0)</msg>
<msg timestamp="20231201 17:48:15.584" level="INFO">Returning element: WindowsElement(item=&lt;uiautomation.uiautomation.EditControl object at 0x000002057FF41DF0&gt;, locator='id:Street', name='Street:', automation_id='Street', control_type='EditControl', class_name='WindowsForms10.EDIT.app.0.141b42a_r7_ad1', left=1211, right=1403, top=-775, bottom=-745, width=192, height=30, xcenter=1307, ycenter=-760)</msg>
<msg timestamp="20231201 17:48:15.584" level="INFO">Sending keys '1461 Tanglewood Road' to element: ControlType: EditControl    ClassName: WindowsForms10.EDIT.app.0.141b42a_r7_ad1    AutomationId: Street    Rect: (1211,-775,1403,-745)[192x30]    Name: 'Street:'    Handle: 0x26096E(2492782)</msg>
<status status="PASS" starttime="20231201 17:48:15.534" endtime="20231201 17:48:16.317"/>
</kw>
<kw name="Send Keys" library="RPA.Windows">
<arg>id:City</arg>
<arg>${City}</arg>
<tag>action</tag>
<tag>keyboard</tag>
<doc>Send keys to desktop, current window or to Control element
defined by given locator.</doc>
<msg timestamp="20231201 17:48:16.317" level="INFO">Getting element with locator: id:City</msg>
<msg timestamp="20231201 17:48:16.317" level="INFO">Resulted root element: WindowsElement(item=&lt;uiautomation.uiautomation.WindowControl object at 0x000002057F950BC0&gt;, locator='subname:Orders and type:WindowControl', name='Orders - Untitled', automation_id='MainForm', control_type='WindowControl', class_name='WindowsForms10.Window.8.app.0.141b42a_r7_ad1', left=949, right=1861, top=-1062, bottom=-450, width=912, height=612, xcenter=1405, ycenter=-756)</msg>
<msg timestamp="20231201 17:48:16.317" level="INFO">Locator 'id:City' produced matcher: MatchObject(locators=[('AutomationId', 'City', 0)], _classes=set(), max_level=0)</msg>
<msg timestamp="20231201 17:48:16.382" level="INFO">Returning element: WindowsElement(item=&lt;uiautomation.uiautomation.EditControl object at 0x000002057FF42C60&gt;, locator='id:City', name='City:', automation_id='City', control_type='EditControl', class_name='WindowsForms10.EDIT.app.0.141b42a_r7_ad1', left=1547, right=1739, top=-775, bottom=-745, width=192, height=30, xcenter=1643, ycenter=-760)</msg>
<msg timestamp="20231201 17:48:16.382" level="INFO">Sending keys 'Wirt' to element: ControlType: EditControl    ClassName: WindowsForms10.EDIT.app.0.141b42a_r7_ad1    AutomationId: City    Rect: (1547,-775,1739,-745)[192x30]    Name: 'City:'    Handle: 0x110A76(1116790)</msg>
<status status="PASS" starttime="20231201 17:48:16.317" endtime="20231201 17:48:16.927"/>
</kw>
<kw name="Send Keys" library="RPA.Windows">
<arg>id:State</arg>
<arg>${State}</arg>
<tag>action</tag>
<tag>keyboard</tag>
<doc>Send keys to desktop, current window or to Control element
defined by given locator.</doc>
<msg timestamp="20231201 17:48:16.928" level="INFO">Getting element with locator: id:State</msg>
<msg timestamp="20231201 17:48:16.928" level="INFO">Resulted root element: WindowsElement(item=&lt;uiautomation.uiautomation.WindowControl object at 0x000002057F950BC0&gt;, locator='subname:Orders and type:WindowControl', name='Orders - Untitled', automation_id='MainForm', control_type='WindowControl', class_name='WindowsForms10.Window.8.app.0.141b42a_r7_ad1', left=949, right=1861, top=-1062, bottom=-450, width=912, height=612, xcenter=1405, ycenter=-756)</msg>
<msg timestamp="20231201 17:48:16.928" level="INFO">Locator 'id:State' produced matcher: MatchObject(locators=[('AutomationId', 'State', 0)], _classes=set(), max_level=0)</msg>
<msg timestamp="20231201 17:48:16.991" level="INFO">Returning element: WindowsElement(item=&lt;uiautomation.uiautomation.EditControl object at 0x000002057FF43CE0&gt;, locator='id:State', name='State:', automation_id='State', control_type='EditControl', class_name='WindowsForms10.EDIT.app.0.141b42a_r7_ad1', left=1211, right=1403, top=-727, bottom=-697, width=192, height=30, xcenter=1307, ycenter=-712)</msg>
<msg timestamp="20231201 17:48:16.991" level="INFO">Sending keys 'Minnesota' to element: ControlType: EditControl    ClassName: WindowsForms10.EDIT.app.0.141b42a_r7_ad1    AutomationId: State    Rect: (1211,-727,1403,-697)[192x30]    Name: 'State:'    Handle: 0x100A74(1051252)</msg>
<status status="PASS" starttime="20231201 17:48:16.928" endtime="20231201 17:48:17.591"/>
</kw>
<kw name="Send Keys" library="RPA.Windows">
<arg>id:Zip</arg>
<arg>${Zip}</arg>
<tag>action</tag>
<tag>keyboard</tag>
<doc>Send keys to desktop, current window or to Control element
defined by given locator.</doc>
<msg timestamp="20231201 17:48:17.591" level="INFO">Getting element with locator: id:Zip</msg>
<msg timestamp="20231201 17:48:17.591" level="INFO">Resulted root element: WindowsElement(item=&lt;uiautomation.uiautomation.WindowControl object at 0x000002057F950BC0&gt;, locator='subname:Orders and type:WindowControl', name='Orders - Untitled', automation_id='MainForm', control_type='WindowControl', class_name='WindowsForms10.Window.8.app.0.141b42a_r7_ad1', left=949, right=1861, top=-1062, bottom=-450, width=912, height=612, xcenter=1405, ycenter=-756)</msg>
<msg timestamp="20231201 17:48:17.591" level="INFO">Locator 'id:Zip' produced matcher: MatchObject(locators=[('AutomationId', 'Zip', 0)], _classes=set(), max_level=0)</msg>
<msg timestamp="20231201 17:48:17.651" level="INFO">Returning element: WindowsElement(item=&lt;uiautomation.uiautomation.EditControl object at 0x000002057FE5B770&gt;, locator='id:Zip', name='Zip:', automation_id='Zip', control_type='EditControl', class_name='WindowsForms10.EDIT.app.0.141b42a_r7_ad1', left=1547, right=1739, top=-727, bottom=-697, width=192, height=30, xcenter=1643, ycenter=-712)</msg>
<msg timestamp="20231201 17:48:17.653" level="INFO">Sending keys '56688' to element: ControlType: EditControl    ClassName: WindowsForms10.EDIT.app.0.141b42a_r7_ad1    AutomationId: Zip    Rect: (1547,-727,1739,-697)[192x30]    Name: 'Zip:'    Handle: 0x3A0932(3803442)</msg>
<status status="PASS" starttime="20231201 17:48:17.591" endtime="20231201 17:48:18.208"/>
</kw>
<kw name="Send Keys" library="RPA.Windows">
<arg>id:CardNo</arg>
<arg>${CardNo}</arg>
<tag>action</tag>
<tag>keyboard</tag>
<doc>Send keys to desktop, current window or to Control element
defined by given locator.</doc>
<msg timestamp="20231201 17:48:18.213" level="INFO">Getting element with locator: id:CardNo</msg>
<msg timestamp="20231201 17:48:18.213" level="INFO">Resulted root element: WindowsElement(item=&lt;uiautomation.uiautomation.WindowControl object at 0x000002057F950BC0&gt;, locator='subname:Orders and type:WindowControl', name='Orders - Untitled', automation_id='MainForm', control_type='WindowControl', class_name='WindowsForms10.Window.8.app.0.141b42a_r7_ad1', left=949, right=1861, top=-1062, bottom=-450, width=912, height=612, xcenter=1405, ycenter=-756)</msg>
<msg timestamp="20231201 17:48:18.213" level="INFO">Locator 'id:CardNo' produced matcher: MatchObject(locators=[('AutomationId', 'CardNo', 0)], _classes=set(), max_level=0)</msg>
<msg timestamp="20231201 17:48:18.257" level="INFO">Returning element: WindowsElement(item=&lt;uiautomation.uiautomation.EditControl object at 0x000002057FF42420&gt;, locator='id:CardNo', name='Card No', automation_id='CardNo', control_type='EditControl', class_name='WindowsForms10.EDIT.app.0.141b42a_r7_ad1', left=1211, right=1739, top=-559, bottom=-529, width=528, height=30, xcenter=1475, ycenter=-544)</msg>
<msg timestamp="20231201 17:48:18.267" level="INFO">Sending keys '378282000000008' to element: ControlType: EditControl    ClassName: WindowsForms10.EDIT.app.0.141b42a_r7_ad1    AutomationId: CardNo    Rect: (1211,-559,1739,-529)[528x30]    Name: 'Card No'    Handle: 0x160A66(1444454)</msg>
<status status="PASS" starttime="20231201 17:48:18.211" endtime="20231201 17:48:18.927"/>
</kw>
<status status="PASS" starttime="20231201 17:48:13.546" endtime="20231201 17:48:18.927"/>
</kw>
<kw name="When I select the &quot;OK&quot; button" library="order_resource">
<kw name="Click" library="RPA.Windows">
<arg>id:ButtonOK</arg>
<tag>action</tag>
<tag>mouse</tag>
<doc>Mouse click on element matching given locator.</doc>
<msg timestamp="20231201 17:48:18.927" level="INFO">Getting element with locator: id:ButtonOK</msg>
<msg timestamp="20231201 17:48:18.927" level="INFO">Resulted root element: WindowsElement(item=&lt;uiautomation.uiautomation.WindowControl object at 0x000002057F950BC0&gt;, locator='subname:Orders and type:WindowControl', name='Orders - Untitled', automation_id='MainForm', control_type='WindowControl', class_name='WindowsForms10.Window.8.app.0.141b42a_r7_ad1', left=949, right=1861, top=-1062, bottom=-450, width=912, height=612, xcenter=1405, ycenter=-756)</msg>
<msg timestamp="20231201 17:48:18.927" level="INFO">Locator 'id:ButtonOK' produced matcher: MatchObject(locators=[('AutomationId', 'ButtonOK', 0)], _classes=set(), max_level=0)</msg>
<msg timestamp="20231201 17:48:18.940" level="INFO">Returning element: WindowsElement(item=&lt;uiautomation.uiautomation.ButtonControl object at 0x0000020500344590&gt;, locator='id:ButtonOK', name='OK', automation_id='ButtonOK', control_type='ButtonControl', class_name='WindowsForms10.BUTTON.app.0.141b42a_r7_ad1', left=1523, right=1631, top=-451, bottom=-415, width=108, height=36, xcenter=1577, ycenter=-433)</msg>
<status status="PASS" starttime="20231201 17:48:18.927" endtime="20231201 17:48:19.495"/>
</kw>
<status status="PASS" starttime="20231201 17:48:18.927" endtime="20231201 17:48:19.495"/>
</kw>
<kw name="Then the order should be created successfully (c03)" library="order_resource">
<kw name="Click" library="RPA.Windows">
<var>${item_created03}</var>
<arg>name:"Doris Haag" and type:TextControl and path:1|5|1</arg>
<tag>action</tag>
<tag>mouse</tag>
<doc>Mouse click on element matching given locator.</doc>
<msg timestamp="20231201 17:48:19.495" level="INFO">Getting element with locator: name:"Doris Haag" and type:TextControl and path:1|5|1</msg>
<msg timestamp="20231201 17:48:19.495" level="INFO">Resulted root element: WindowsElement(item=&lt;uiautomation.uiautomation.WindowControl object at 0x000002057F950BC0&gt;, locator='subname:Orders and type:WindowControl', name='Orders - Untitled', automation_id='MainForm', control_type='WindowControl', class_name='WindowsForms10.Window.8.app.0.141b42a_r7_ad1', left=949, right=1861, top=-1062, bottom=-450, width=912, height=612, xcenter=1405, ycenter=-756)</msg>
<msg timestamp="20231201 17:48:19.495" level="INFO">Locator 'name:"Doris Haag" and type:TextControl and path:1|5|1' produced matcher: MatchObject(locators=[('Name', 'Doris Haag', 0), ('ControlType', 'TextControl', 0), ('path', [1, 5, 1], 0)], _classes=set(), max_level=0)</msg>
<msg timestamp="20231201 17:48:19.522" level="INFO">Returning element: WindowsElement(item=&lt;uiautomation.uiautomation.TextControl object at 0x0000020500345FD0&gt;, locator='name:"Doris Haag" and type:TextControl and path:1|5|1', name='Doris Haag', automation_id='', control_type='TextControl', class_name='', left=964, right=1846, top=-853, bottom=-827, width=882, height=26, xcenter=1405, ycenter=-840)</msg>
<msg timestamp="20231201 17:48:20.083" level="INFO">${item_created03} = WindowsElement(item=&lt;uiautomation.uiautomation.TextControl object at 0x0000020500345FD0&gt;, locator='name:"Doris Haag" and type:TextControl and path:1|5|1', name='Doris Haag', automation_id='', control_...</msg>
<status status="PASS" starttime="20231201 17:48:19.495" endtime="20231201 17:48:20.083"/>
</kw>
<kw name="Log To Console" library="BuiltIn">
<arg>${item_created03} has been created successfully</arg>
<doc>Logs the given message to the console.</doc>
<status status="PASS" starttime="20231201 17:48:20.083" endtime="20231201 17:48:20.083"/>
</kw>
<status status="PASS" starttime="20231201 17:48:19.495" endtime="20231201 17:48:20.083"/>
</kw>
<status status="PASS" starttime="20231201 17:48:12.401" endtime="20231201 17:48:20.083"/>
</test>
<test id="s1-t5" name="Edit Order" line="39">
<kw name="When I select a Order to edit" library="order_resource">
<kw name="Click" library="RPA.Windows">
<arg>name:"Luisa Kohler I" and type:TextControl and path:1|3|1</arg>
<tag>action</tag>
<tag>mouse</tag>
<doc>Mouse click on element matching given locator.</doc>
<msg timestamp="20231201 17:48:20.083" level="INFO">Getting element with locator: name:"Luisa Kohler I" and type:TextControl and path:1|3|1</msg>
<msg timestamp="20231201 17:48:20.088" level="INFO">Resulted root element: WindowsElement(item=&lt;uiautomation.uiautomation.WindowControl object at 0x000002057F950BC0&gt;, locator='subname:Orders and type:WindowControl', name='Orders - Untitled', automation_id='MainForm', control_type='WindowControl', class_name='WindowsForms10.Window.8.app.0.141b42a_r7_ad1', left=949, right=1861, top=-1062, bottom=-450, width=912, height=612, xcenter=1405, ycenter=-756)</msg>
<msg timestamp="20231201 17:48:20.088" level="INFO">Locator 'name:"Luisa Kohler I" and type:TextControl and path:1|3|1' produced matcher: MatchObject(locators=[('Name', 'Luisa Kohler I', 0), ('ControlType', 'TextControl', 0), ('path', [1, 3, 1], 0)], _classes=set(), max_level=0)</msg>
<msg timestamp="20231201 17:48:20.133" level="INFO">Returning element: WindowsElement(item=&lt;uiautomation.uiautomation.TextControl object at 0x0000020500345850&gt;, locator='name:"Luisa Kohler I" and type:TextControl and path:1|3|1', name='Luisa Kohler I', automation_id='', control_type='TextControl', class_name='', left=964, right=1846, top=-904, bottom=-878, width=882, height=26, xcenter=1405, ycenter=-891)</msg>
<status status="PASS" starttime="20231201 17:48:20.083" endtime="20231201 17:48:20.695"/>
</kw>
<status status="PASS" starttime="20231201 17:48:20.083" endtime="20231201 17:48:20.695"/>
</kw>
<kw name="And I use the command option to edit an order (Ctrl + E)" library="order_resource">
<kw name="Send Keys" library="RPA.Windows">
<arg>id:OrdersView</arg>
<arg>key={Ctrl}E</arg>
<tag>action</tag>
<tag>keyboard</tag>
<doc>Send keys to desktop, current window or to Control element
defined by given locator.</doc>
<msg timestamp="20231201 17:48:20.695" level="INFO">Getting element with locator: id:OrdersView</msg>
<msg timestamp="20231201 17:48:20.695" level="INFO">Resulted root element: WindowsElement(item=&lt;uiautomation.uiautomation.WindowControl object at 0x000002057F950BC0&gt;, locator='subname:Orders and type:WindowControl', name='Orders - Untitled', automation_id='MainForm', control_type='WindowControl', class_name='WindowsForms10.Window.8.app.0.141b42a_r7_ad1', left=949, right=1861, top=-1062, bottom=-450, width=912, height=612, xcenter=1405, ycenter=-756)</msg>
<msg timestamp="20231201 17:48:20.695" level="INFO">Locator 'id:OrdersView' produced matcher: MatchObject(locators=[('AutomationId', 'OrdersView', 0)], _classes=set(), max_level=0)</msg>
<msg timestamp="20231201 17:48:20.705" level="INFO">Returning element: WindowsElement(item=&lt;uiautomation.uiautomation.ListControl object at 0x0000020500346570&gt;, locator='id:OrdersView', name='', automation_id='OrdersView', control_type='ListControl', class_name='WindowsForms10.SysListView32.app.0.141b42a_r7_ad1', left=961, right=1849, top=-943, bottom=-494, width=888, height=449, xcenter=1405, ycenter=-719)</msg>
<msg timestamp="20231201 17:48:20.705" level="INFO">Sending keys 'key={Ctrl}E' to element: ControlType: ListControl    ClassName: WindowsForms10.SysListView32.app.0.141b42a_r7_ad1    AutomationId: OrdersView    Rect: (961,-943,1849,-494)[888x449]    Name: ''    Handle: 0x2009F8(2099704)</msg>
<status status="PASS" starttime="20231201 17:48:20.695" endtime="20231201 17:48:21.293"/>
</kw>
<status status="PASS" starttime="20231201 17:48:20.695" endtime="20231201 17:48:21.299"/>
</kw>
<kw name="And Edit any field" library="order_resource">
<kw name="Set Focus" library="RPA.Windows">
<arg>id:OrderForm</arg>
<tag>action</tag>
<doc>Set view focus to the element defined by the locator.</doc>
<msg timestamp="20231201 17:48:21.303" level="INFO">Getting element with locator: id:OrderForm</msg>
<msg timestamp="20231201 17:48:21.303" level="INFO">Resulted root element: WindowsElement(item=&lt;uiautomation.uiautomation.WindowControl object at 0x000002057F950BC0&gt;, locator='subname:Orders and type:WindowControl', name='Orders - Untitled', automation_id='MainForm', control_type='WindowControl', class_name='WindowsForms10.Window.8.app.0.141b42a_r7_ad1', left=949, right=1861, top=-1062, bottom=-450, width=912, height=612, xcenter=1405, ycenter=-756)</msg>
<msg timestamp="20231201 17:48:21.303" level="INFO">Locator 'id:OrderForm' produced matcher: MatchObject(locators=[('AutomationId', 'OrderForm', 0)], _classes=set(), max_level=0)</msg>
<msg timestamp="20231201 17:48:21.303" level="INFO">Returning element: WindowsElement(item=&lt;uiautomation.uiautomation.WindowControl object at 0x0000020500347500&gt;, locator='id:OrderForm', name='Order', automation_id='OrderForm', control_type='WindowControl', class_name='WindowsForms10.Window.8.app.0.141b42a_r7_ad1', left=1039, right=1771, top=-1114, bottom=-397, width=732, height=717, xcenter=1405, ycenter=-756)</msg>
<status status="PASS" starttime="20231201 17:48:21.302" endtime="20231201 17:48:21.303"/>
</kw>
<kw name="Edit Order" library="OrderData">
<status status="PASS" starttime="20231201 17:48:21.303" endtime="20231201 17:48:21.303"/>
</kw>
<kw name="Get City Edited" library="OrderData">
<var>${edit_city}</var>
<msg timestamp="20231201 17:48:21.303" level="INFO">${edit_city} = Fresno</msg>
<status status="PASS" starttime="20231201 17:48:21.303" endtime="20231201 17:48:21.303"/>
</kw>
<kw name="Send Keys" library="RPA.Windows">
<arg>id:City</arg>
<arg>${edit_city}</arg>
<tag>action</tag>
<tag>keyboard</tag>
<doc>Send keys to desktop, current window or to Control element
defined by given locator.</doc>
<msg timestamp="20231201 17:48:21.303" level="INFO">Getting element with locator: id:City</msg>
<msg timestamp="20231201 17:48:21.303" level="INFO">Resulted root element: WindowsElement(item=&lt;uiautomation.uiautomation.WindowControl object at 0x000002057F950BC0&gt;, locator='subname:Orders and type:WindowControl', name='Orders - Untitled', automation_id='MainForm', control_type='WindowControl', class_name='WindowsForms10.Window.8.app.0.141b42a_r7_ad1', left=949, right=1861, top=-1062, bottom=-450, width=912, height=612, xcenter=1405, ycenter=-756)</msg>
<msg timestamp="20231201 17:48:21.303" level="INFO">Locator 'id:City' produced matcher: MatchObject(locators=[('AutomationId', 'City', 0)], _classes=set(), max_level=0)</msg>
<msg timestamp="20231201 17:48:21.364" level="INFO">Returning element: WindowsElement(item=&lt;uiautomation.uiautomation.EditControl object at 0x0000020500347F80&gt;, locator='id:City', name='City:', automation_id='City', control_type='EditControl', class_name='WindowsForms10.EDIT.app.0.141b42a_r7_ad1', left=1547, right=1739, top=-775, bottom=-745, width=192, height=30, xcenter=1643, ycenter=-760)</msg>
<msg timestamp="20231201 17:48:21.371" level="INFO">Sending keys 'Fresno' to element: ControlType: EditControl    ClassName: WindowsForms10.EDIT.app.0.141b42a_r7_ad1    AutomationId: City    Rect: (1547,-775,1739,-745)[192x30]    Name: 'City:'    Handle: 0x110A74(1116788)</msg>
<status status="PASS" starttime="20231201 17:48:21.303" endtime="20231201 17:48:21.936"/>
</kw>
<status status="PASS" starttime="20231201 17:48:21.300" endtime="20231201 17:48:21.936"/>
</kw>
<kw name="And I select the &quot;OK&quot; button" library="order_resource">
<kw name="Click" library="RPA.Windows">
[...]
<msg timestamp="20231201 17:48:50.213" level="INFO">Sending keys 'Sam Smith' to element: ControlType: EditControl    ClassName: WindowsForms10.EDIT.app.0.141b42a_r7_ad1    AutomationId: Customer    Rect: (1211,-823,1739,-793)[528x30]    Name: 'Customer Name:'    Handle: 0x430842(4393026)</msg>
<status status="PASS" starttime="20231201 17:48:50.195" endtime="20231201 17:48:50.812"/>
</kw>
<kw name="Send Keys" library="RPA.Windows">
<arg>id:Street</arg>
<arg>${Street}</arg>
<tag>action</tag>
<tag>keyboard</tag>
<doc>Send keys to desktop, current window or to Control element
defined by given locator.</doc>
<msg timestamp="20231201 17:48:50.812" level="INFO">Getting element with locator: id:Street</msg>
<msg timestamp="20231201 17:48:50.812" level="INFO">Resulted root element: WindowsElement(item=&lt;uiautomation.uiautomation.WindowControl object at 0x000002057F399DC0&gt;, locator='subname:Orders and type:WindowControl', name='Orders - Untitled', automation_id='MainForm', control_type='WindowControl', class_name='WindowsForms10.Window.8.app.0.141b42a_r7_ad1', left=949, right=1861, top=-1062, bottom=-450, width=912, height=612, xcenter=1405, ycenter=-756)</msg>
<msg timestamp="20231201 17:48:50.812" level="INFO">Locator 'id:Street' produced matcher: MatchObject(locators=[('AutomationId', 'Street', 0)], _classes=set(), max_level=0)</msg>
<msg timestamp="20231201 17:48:50.875" level="INFO">Returning element: WindowsElement(item=&lt;uiautomation.uiautomation.EditControl object at 0x00000205003F9250&gt;, locator='id:Street', name='Street:', automation_id='Street', control_type='EditControl', class_name='WindowsForms10.EDIT.app.0.141b42a_r7_ad1', left=1211, right=1403, top=-775, bottom=-745, width=192, height=30, xcenter=1307, ycenter=-760)</msg>
<msg timestamp="20231201 17:48:50.879" level="INFO">Sending keys '1461 Green Road' to element: ControlType: EditControl    ClassName: WindowsForms10.EDIT.app.0.141b42a_r7_ad1    AutomationId: Street    Rect: (1211,-775,1403,-745)[192x30]    Name: 'Street:'    Handle: 0x3E095A(4065626)</msg>
<status status="PASS" starttime="20231201 17:48:50.812" endtime="20231201 17:48:51.543"/>
</kw>
<kw name="Send Keys" library="RPA.Windows">
<arg>id:City</arg>
<arg>${City}</arg>
<tag>action</tag>
<tag>keyboard</tag>
<doc>Send keys to desktop, current window or to Control element
defined by given locator.</doc>
<msg timestamp="20231201 17:48:51.546" level="INFO">Getting element with locator: id:City</msg>
<msg timestamp="20231201 17:48:51.546" level="INFO">Resulted root element: WindowsElement(item=&lt;uiautomation.uiautomation.WindowControl object at 0x000002057F399DC0&gt;, locator='subname:Orders and type:WindowControl', name='Orders - Untitled', automation_id='MainForm', control_type='WindowControl', class_name='WindowsForms10.Window.8.app.0.141b42a_r7_ad1', left=949, right=1861, top=-1062, bottom=-450, width=912, height=612, xcenter=1405, ycenter=-756)</msg>
<msg timestamp="20231201 17:48:51.546" level="INFO">Locator 'id:City' produced matcher: MatchObject(locators=[('AutomationId', 'City', 0)], _classes=set(), max_level=0)</msg>
<msg timestamp="20231201 17:48:51.593" level="INFO">Returning element: WindowsElement(item=&lt;uiautomation.uiautomation.EditControl object at 0x00000205003F9A00&gt;, locator='id:City', name='City:', automation_id='City', control_type='EditControl', class_name='WindowsForms10.EDIT.app.0.141b42a_r7_ad1', left=1547, right=1739, top=-775, bottom=-745, width=192, height=30, xcenter=1643, ycenter=-760)</msg>
<msg timestamp="20231201 17:48:51.593" level="INFO">Sending keys 'Wise' to element: ControlType: EditControl    ClassName: WindowsForms10.EDIT.app.0.141b42a_r7_ad1    AutomationId: City    Rect: (1547,-775,1739,-745)[192x30]    Name: 'City:'    Handle: 0x1A0A6C(1706604)</msg>
<status status="PASS" starttime="20231201 17:48:51.546" endtime="20231201 17:48:52.150"/>
</kw>
<kw name="Send Keys" library="RPA.Windows">
<arg>id:State</arg>
<arg>${State}</arg>
<tag>action</tag>
<tag>keyboard</tag>
<doc>Send keys to desktop, current window or to Control element
defined by given locator.</doc>
<msg timestamp="20231201 17:48:52.150" level="INFO">Getting element with locator: id:State</msg>
<msg timestamp="20231201 17:48:52.150" level="INFO">Resulted root element: WindowsElement(item=&lt;uiautomation.uiautomation.WindowControl object at 0x000002057F399DC0&gt;, locator='subname:Orders and type:WindowControl', name='Orders - Untitled', automation_id='MainForm', control_type='WindowControl', class_name='WindowsForms10.Window.8.app.0.141b42a_r7_ad1', left=949, right=1861, top=-1062, bottom=-450, width=912, height=612, xcenter=1405, ycenter=-756)</msg>
<msg timestamp="20231201 17:48:52.150" level="INFO">Locator 'id:State' produced matcher: MatchObject(locators=[('AutomationId', 'State', 0)], _classes=set(), max_level=0)</msg>
<msg timestamp="20231201 17:48:52.208" level="INFO">Returning element: WindowsElement(item=&lt;uiautomation.uiautomation.EditControl object at 0x0000020500347AD0&gt;, locator='id:State', name='State:', automation_id='State', control_type='EditControl', class_name='WindowsForms10.EDIT.app.0.141b42a_r7_ad1', left=1211, right=1403, top=-727, bottom=-697, width=192, height=30, xcenter=1307, ycenter=-712)</msg>
<msg timestamp="20231201 17:48:52.208" level="INFO">Sending keys 'Texas' to element: ControlType: EditControl    ClassName: WindowsForms10.EDIT.app.0.141b42a_r7_ad1    AutomationId: State    Rect: (1211,-727,1403,-697)[192x30]    Name: 'State:'    Handle: 0x250B16(2427670)</msg>
<status status="PASS" starttime="20231201 17:48:52.150" endtime="20231201 17:48:52.765"/>
</kw>
<kw name="Send Keys" library="RPA.Windows">
<arg>id:Zip</arg>
<arg>${Zip}</arg>
<tag>action</tag>
<tag>keyboard</tag>
<doc>Send keys to desktop, current window or to Control element
defined by given locator.</doc>
<msg timestamp="20231201 17:48:52.769" level="INFO">Getting element with locator: id:Zip</msg>
<msg timestamp="20231201 17:48:52.769" level="INFO">Resulted root element: WindowsElement(item=&lt;uiautomation.uiautomation.WindowControl object at 0x000002057F399DC0&gt;, locator='subname:Orders and type:WindowControl', name='Orders - Untitled', automation_id='MainForm', control_type='WindowControl', class_name='WindowsForms10.Window.8.app.0.141b42a_r7_ad1', left=949, right=1861, top=-1062, bottom=-450, width=912, height=612, xcenter=1405, ycenter=-756)</msg>
<msg timestamp="20231201 17:48:52.769" level="INFO">Locator 'id:Zip' produced matcher: MatchObject(locators=[('AutomationId', 'Zip', 0)], _classes=set(), max_level=0)</msg>
<msg timestamp="20231201 17:48:52.822" level="INFO">Returning element: WindowsElement(item=&lt;uiautomation.uiautomation.EditControl object at 0x00000205003F9220&gt;, locator='id:Zip', name='Zip:', automation_id='Zip', control_type='EditControl', class_name='WindowsForms10.EDIT.app.0.141b42a_r7_ad1', left=1547, right=1739, top=-727, bottom=-697, width=192, height=30, xcenter=1643, ycenter=-712)</msg>
<msg timestamp="20231201 17:48:52.823" level="INFO">Sending keys '10688' to element: ControlType: EditControl    ClassName: WindowsForms10.EDIT.app.0.141b42a_r7_ad1    AutomationId: Zip    Rect: (1547,-727,1739,-697)[192x30]    Name: 'Zip:'    Handle: 0x2C0A82(2886274)</msg>
<status status="PASS" starttime="20231201 17:48:52.767" endtime="20231201 17:48:53.377"/>
</kw>
<kw name="Send Keys" library="RPA.Windows">
<arg>id:CardNo</arg>
<arg>${CardNo}</arg>
<tag>action</tag>
<tag>keyboard</tag>
<doc>Send keys to desktop, current window or to Control element
defined by given locator.</doc>
<msg timestamp="20231201 17:48:53.377" level="INFO">Getting element with locator: id:CardNo</msg>
<msg timestamp="20231201 17:48:53.382" level="INFO">Resulted root element: WindowsElement(item=&lt;uiautomation.uiautomation.WindowControl object at 0x000002057F399DC0&gt;, locator='subname:Orders and type:WindowControl', name='Orders - Untitled', automation_id='MainForm', control_type='WindowControl', class_name='WindowsForms10.Window.8.app.0.141b42a_r7_ad1', left=949, right=1861, top=-1062, bottom=-450, width=912, height=612, xcenter=1405, ycenter=-756)</msg>
<msg timestamp="20231201 17:48:53.382" level="INFO">Locator 'id:CardNo' produced matcher: MatchObject(locators=[('AutomationId', 'CardNo', 0)], _classes=set(), max_level=0)</msg>
<msg timestamp="20231201 17:48:53.419" level="INFO">Returning element: WindowsElement(item=&lt;uiautomation.uiautomation.EditControl object at 0x00000205003F9940&gt;, locator='id:CardNo', name='Card No', automation_id='CardNo', control_type='EditControl', class_name='WindowsForms10.EDIT.app.0.141b42a_r7_ad1', left=1211, right=1739, top=-559, bottom=-529, width=528, height=30, xcenter=1475, ycenter=-544)</msg>
<msg timestamp="20231201 17:48:53.419" level="INFO">Sending keys '378282000000008' to element: ControlType: EditControl    ClassName: WindowsForms10.EDIT.app.0.141b42a_r7_ad1    AutomationId: CardNo    Rect: (1211,-559,1739,-529)[528x30]    Name: 'Card No'    Handle: 0x450A9E(4524702)</msg>
<status status="PASS" starttime="20231201 17:48:53.377" endtime="20231201 17:48:54.089"/>
</kw>
<status status="PASS" starttime="20231201 17:48:48.172" endtime="20231201 17:48:54.089"/>
</kw>
<kw name="When I select the &quot;OK&quot; button" library="order_resource">
<kw name="Click" library="RPA.Windows">
<arg>id:ButtonOK</arg>
<tag>action</tag>
<tag>mouse</tag>
<doc>Mouse click on element matching given locator.</doc>
<msg timestamp="20231201 17:48:54.094" level="INFO">Getting element with locator: id:ButtonOK</msg>
<msg timestamp="20231201 17:48:54.094" level="INFO">Resulted root element: WindowsElement(item=&lt;uiautomation.uiautomation.WindowControl object at 0x000002057F399DC0&gt;, locator='subname:Orders and type:WindowControl', name='Orders - Untitled', automation_id='MainForm', control_type='WindowControl', class_name='WindowsForms10.Window.8.app.0.141b42a_r7_ad1', left=949, right=1861, top=-1062, bottom=-450, width=912, height=612, xcenter=1405, ycenter=-756)</msg>
<msg timestamp="20231201 17:48:54.094" level="INFO">Locator 'id:ButtonOK' produced matcher: MatchObject(locators=[('AutomationId', 'ButtonOK', 0)], _classes=set(), max_level=0)</msg>
<msg timestamp="20231201 17:48:54.098" level="INFO">Returning element: WindowsElement(item=&lt;uiautomation.uiautomation.ButtonControl object at 0x00000205003528D0&gt;, locator='id:ButtonOK', name='OK', automation_id='ButtonOK', control_type='ButtonControl', class_name='WindowsForms10.BUTTON.app.0.141b42a_r7_ad1', left=1523, right=1631, top=-451, bottom=-415, width=108, height=36, xcenter=1577, ycenter=-433)</msg>
<status status="PASS" starttime="20231201 17:48:54.089" endtime="20231201 17:48:54.664"/>
</kw>
<status status="PASS" starttime="20231201 17:48:54.089" endtime="20231201 17:48:54.664"/>
</kw>
<kw name="Then A warning window is displayed (date Invalid)" library="order_resource">
<kw name="Get Text" library="RPA.Windows">
<var>${date_validation}</var>
<arg>name:"The specified date is not valid.The date is changed to the current one." and type:TextControl and class:Static and path:3</arg>
<tag>action</tag>
<doc>Get text from Control element defined by the locator.</doc>
<msg timestamp="20231201 17:48:54.667" level="INFO">Getting element with locator: name:"The specified date is not valid.The date is changed to the current one." and type:TextControl and class:Static and path:3</msg>
<msg timestamp="20231201 17:48:54.667" level="INFO">Resulted root element: WindowsElement(item=&lt;uiautomation.uiautomation.WindowControl object at 0x000002057F399DC0&gt;, locator='subname:Orders and type:WindowControl', name='Orders - Untitled', automation_id='MainForm', control_type='WindowControl', class_name='WindowsForms10.Window.8.app.0.141b42a_r7_ad1', left=949, right=1861, top=-1062, bottom=-450, width=912, height=612, xcenter=1405, ycenter=-756)</msg>
<msg timestamp="20231201 17:48:54.667" level="INFO">Locator 'name:"The specified date is not valid.The date is changed to the current one." and type:TextControl and class:Static and path:3' produced matcher: MatchObject(locators=[('Name', 'The specified date is not valid.The date is changed to the current one.', 0), ('ControlType', 'TextControl', 0), ('ClassName', 'Static', 0), ('path', [3], 0)], _classes={'static'}, max_level=0)</msg>
<msg timestamp="20231201 17:48:54.677" level="INFO">Returning element: WindowsElement(item=&lt;uiautomation.uiautomation.StatusBarControl object at 0x00000205003532C0&gt;, locator='name:"The specified date is not valid.The date is changed to the current one." and type:TextControl and class:Static and path:3', name='', automation_id='StatusBar', control_type='StatusBarControl', class_name='WindowsForms10.msctls_statusbar32.app.0.141b42a_r7_ad1', left=961, right=1849, top=-495, bottom=-462, width=888, height=33, xcenter=1405, ycenter=-479)</msg>
<msg timestamp="20231201 17:48:54.677" level="INFO">${date_validation} = </msg>
<status status="PASS" starttime="20231201 17:48:54.667" endtime="20231201 17:48:54.677"/>
</kw>
<kw name="Set Variable" library="BuiltIn">
<var>${warning}</var>
<arg>The specified date is not valid.The date is changed to the current one.</arg>
<doc>Returns the given values which can then be assigned to a variables.</doc>
<msg timestamp="20231201 17:48:54.677" level="INFO">${warning} = The specified date is not valid.The date is changed to the current one.</msg>
<status status="PASS" starttime="20231201 17:48:54.677" endtime="20231201 17:48:54.677"/>
</kw>
<kw name="Run Keyword If" library="BuiltIn">
<arg>"${date_validation}" == "${warning}"</arg>
<arg>Log To Console</arg>
<arg>The date validation is correct</arg>
<arg>ELSE</arg>
<arg>Log To Console</arg>
<arg>The date validation is not correct</arg>
<doc>Runs the given keyword with the given arguments, if ``condition`` is true.</doc>
<kw name="Log To Console" library="BuiltIn">
<arg>The date validation is not correct</arg>
<doc>Logs the given message to the console.</doc>
<status status="PASS" starttime="20231201 17:48:54.677" endtime="20231201 17:48:54.682"/>
</kw>
<status status="PASS" starttime="20231201 17:48:54.677" endtime="20231201 17:48:54.682"/>
</kw>
<status status="PASS" starttime="20231201 17:48:54.667" endtime="20231201 17:48:54.682"/>
</kw>
<kw name="And I apply the Close window" library="order_resource">
<kw name="Title Win" library="OrderData">
<status status="PASS" starttime="20231201 17:48:54.682" endtime="20231201 17:48:54.682"/>
</kw>
<kw name="Get Title Window" library="OrderData">
<var>${Win_title}</var>
<msg timestamp="20231201 17:48:54.682" level="INFO">${Win_title} = Orders - Untitled</msg>
<status status="PASS" starttime="20231201 17:48:54.682" endtime="20231201 17:48:54.682"/>
</kw>
<kw name="Close Window" library="Op">
<arg>${Win_title}</arg>
<status status="PASS" starttime="20231201 17:48:54.682" endtime="20231201 17:48:54.682"/>
</kw>
<kw name="Sleep" library="BuiltIn">
<arg>2s</arg>
<doc>Pauses the test executed for the given time.</doc>
<msg timestamp="20231201 17:48:56.683" level="INFO">Slept 2 seconds</msg>
<status status="PASS" starttime="20231201 17:48:54.682" endtime="20231201 17:48:56.683"/>
</kw>
<status status="PASS" starttime="20231201 17:48:54.682" endtime="20231201 17:48:56.683"/>
</kw>
<status status="PASS" starttime="20231201 17:48:41.730" endtime="20231201 17:48:56.683"/>
</test>
<test id="s1-t10" name="Delete File created" line="84">
<kw name="Given a test file exist will be deleted" library="order_resource">
<kw name="Windows Run" library="RPA.Windows">
<arg>C:\\Users\\monik\\Documents\\Orders</arg>
<tag>window</tag>
<doc>Use Windows Run window to launch an application.</doc>
<msg timestamp="20231201 17:48:56.683" level="INFO">Sending keys '{Win}r' to element: &lt;module 'uiautomation' from 'C:\\Users\\monik\\AppData\\Local\\Programs\\Python\\Python312\\Lib\\site-packages\\uiautomation\\__init__.py'&gt;</msg>
<msg timestamp="20231201 17:48:57.230" level="INFO">Sending keys 'C:\\Users\\monik\\Documents\\Orders' to element: &lt;module 'uiautomation' from 'C:\\Users\\monik\\AppData\\Local\\Programs\\Python\\Python312\\Lib\\site-packages\\uiautomation\\__init__.py'&gt;</msg>
<msg timestamp="20231201 17:48:58.064" level="INFO">Sending keys '{Enter}' to element: &lt;module 'uiautomation' from 'C:\\Users\\monik\\AppData\\Local\\Programs\\Python\\Python312\\Lib\\site-packages\\uiautomation\\__init__.py'&gt;</msg>
<status status="PASS" starttime="20231201 17:48:56.683" endtime="20231201 17:49:01.598"/>
</kw>
<kw name="Click" library="RPA.Windows">
<arg>name:CustomerList1.tbl</arg>
<tag>action</tag>
<tag>mouse</tag>
<doc>Mouse click on element matching given locator.</doc>
<msg timestamp="20231201 17:49:01.598" level="INFO">Getting element with locator: name:CustomerList1.tbl</msg>
<msg timestamp="20231201 17:49:01.598" level="INFO">Resulted root element: WindowsElement(item=&lt;uiautomation.uiautomation.PaneControl object at 0x00000205003FBC80&gt;, locator=None, name='Desktop 1', automation_id='', control_type='PaneControl', class_name='#32769', left=0, right=2880, top=0, bottom=1620, width=2880, height=1620, xcenter=1440, ycenter=810)</msg>
<msg timestamp="20231201 17:49:01.598" level="INFO">Locator 'name:CustomerList1.tbl' produced matcher: MatchObject(locators=[('Name', 'CustomerList1.tbl', 0)], _classes=set(), max_level=0)</msg>
<msg timestamp="20231201 17:49:01.703" level="INFO">Returning element: WindowsElement(item=&lt;uiautomation.uiautomation.ListItemControl object at 0x00000205003FB650&gt;, locator='name:CustomerList1.tbl', name='CustomerList1.tbl', automation_id='0', control_type='ListItemControl', class_name='UIItem', left=944, right=1957, top=-930, bottom=-889, width=1013, height=41, xcenter=1450, ycenter=-910)</msg>
<status status="PASS" starttime="20231201 17:49:01.598" endtime="20231201 17:49:02.263"/>
</kw>
<kw name="Click" library="RPA.Windows">
<arg>name:Delete</arg>
<tag>action</tag>
<tag>mouse</tag>
<doc>Mouse click on element matching given locator.</doc>
<msg timestamp="20231201 17:49:02.266" level="INFO">Getting element with locator: name:Delete</msg>
<msg timestamp="20231201 17:49:02.266" level="INFO">Resulted root element: WindowsElement(item=&lt;uiautomation.uiautomation.PaneControl object at 0x00000205003FB770&gt;, locator=None, name='Desktop 1', automation_id='', control_type='PaneControl', class_name='#32769', left=0, right=2880, top=0, bottom=1620, width=2880, height=1620, xcenter=1440, ycenter=810)</msg>
<msg timestamp="20231201 17:49:02.266" level="INFO">Locator 'name:Delete' produced matcher: MatchObject(locators=[('Name', 'Delete', 0)], _classes=set(), max_level=0)</msg>
<msg timestamp="20231201 17:49:02.424" level="INFO">Returning element: WindowsElement(item=&lt;uiautomation.uiautomation.ButtonControl object at 0x00000205003FBE60&gt;, locator='name:Delete', name='Delete', automation_id='', control_type='ButtonControl', class_name='AppBarButton', left=1062, right=1122, top=-1058, bottom=-986, width=60, height=72, xcenter=1092, ycenter=-1022)</msg>
<status status="PASS" starttime="20231201 17:49:02.266" endtime="20231201 17:49:02.980"/>
</kw>
<status status="PASS" starttime="20231201 17:48:56.683" endtime="20231201 17:49:02.980"/>
</kw>
<status status="PASS" starttime="20231201 17:48:56.683" endtime="20231201 17:49:02.981"/>
</test>
<status status="PASS" starttime="20231201 17:47:51.146" endtime="20231201 17:49:02.983"/>
</suite>
<statistics>
<total>
<stat pass="10" fail="0" skip="0">All Tests</stat>
</total>
<tag>
</tag>
<suite>
<stat pass="10" fail="0" skip="0" id="s1" name="Orders">Orders</stat>
</suite>
</statistics>
<errors>
</errors>
</robot>
