<?xml version="1.0" encoding="UTF-8"?>
<robot generator="Robot 6.1.1 (Python 3.11.5 on win32)" generated="20231130 22:29:22.444" rpa="false" schemaversion="4">
<suite id="s1" name="Orders" source="c:\Users\monik\Documents\Challenge_Robot_Framework\orders.robot">
<test id="s1-t1" name="Open application" line="7">
<kw name="Given the Orders.exe application is open" library="order_resource">
<kw name="Windows Run" library="RPA.Windows">
<arg>Orders.exe</arg>
<tag>window</tag>
<doc>Use Windows Run window to launch an application.</doc>
<msg timestamp="20231130 22:29:22.961" level="INFO">Sending keys '{Win}r' to element: &lt;module 'uiautomation' from 'c:\\ProgramData\\robocorp\\ht\\41bdab6_b1f3c24_09529949\\Lib\\site-packages\\uiautomation\\__init__.py'&gt;</msg>
<msg timestamp="20231130 22:29:23.508" level="INFO">Sending keys 'Orders.exe' to element: &lt;module 'uiautomation' from 'c:\\ProgramData\\robocorp\\ht\\41bdab6_b1f3c24_09529949\\Lib\\site-packages\\uiautomation\\__init__.py'&gt;</msg>
<msg timestamp="20231130 22:29:24.131" level="INFO">Sending keys '{Enter}' to element: &lt;module 'uiautomation' from 'c:\\ProgramData\\robocorp\\ht\\41bdab6_b1f3c24_09529949\\Lib\\site-packages\\uiautomation\\__init__.py'&gt;</msg>
<status status="PASS" starttime="20231130 22:29:22.961" endtime="20231130 22:29:27.653"/>
</kw>
<kw name="Control Window" library="RPA.Windows">
<arg>subname:Orders</arg>
<tag>window</tag>
<doc>Controls the window defined by the locator.</doc>
<msg timestamp="20231130 22:29:27.742" level="INFO">Getting element with locator: subname:Orders and type:WindowControl</msg>
<msg timestamp="20231130 22:29:27.742" level="INFO">Resulted root element: WindowsElement(item=&lt;uiautomation.uiautomation.PaneControl object at 0x000001D18DF43F10&gt;, locator='subname:Orders and type:WindowControl', name='Desktop 1', automation_id='', control_type='PaneControl', class_name='#32769', left=0, right=2880, top=0, bottom=1620, width=2880, height=1620, xcenter=1440, ycenter=810)</msg>
<msg timestamp="20231130 22:29:27.742" level="INFO">Locator 'subname:Orders and type:WindowControl' produced matcher: MatchObject(locators=[('SubName', 'Orders', 0), ('ControlType', 'WindowControl', 0)], _classes=set(), max_level=0)</msg>
<msg timestamp="20231130 22:29:27.828" level="INFO">Returning element: WindowsElement(item=&lt;uiautomation.uiautomation.WindowControl object at 0x000001D18DF42FD0&gt;, locator='subname:Orders and type:WindowControl', name='Orders - Untitled', automation_id='MainForm', control_type='WindowControl', class_name='WindowsForms10.Window.8.app.0.141b42a_r7_ad1', left=832, right=2048, top=354, bottom=1170, width=1216, height=816, xcenter=1440, ycenter=762)</msg>
<status status="PASS" starttime="20231130 22:29:27.653" endtime="20231130 22:29:28.331"/>
</kw>
<status status="PASS" starttime="20231130 22:29:22.961" endtime="20231130 22:29:28.332"/>
</kw>
<status status="PASS" starttime="20231130 22:29:22.960" endtime="20231130 22:29:28.333"/>
</test>
<test id="s1-t2" name="Create Orders_01" line="11">
<kw name="When I select &quot;Orders&quot; in the navigation bar" library="order_resource">
<kw name="Click" library="RPA.Windows">
<arg>name:Orders and type:MenuItemControl and path:5|2</arg>
<tag>action</tag>
<tag>mouse</tag>
<doc>Mouse click on element matching given locator.</doc>
<msg timestamp="20231130 22:29:28.337" level="INFO">Getting element with locator: name:Orders and type:MenuItemControl and path:5|2</msg>
<msg timestamp="20231130 22:29:28.338" level="INFO">Resulted root element: WindowsElement(item=&lt;uiautomation.uiautomation.WindowControl object at 0x000001D18DF42FD0&gt;, locator='subname:Orders and type:WindowControl', name='Orders - Untitled', automation_id='MainForm', control_type='WindowControl', class_name='WindowsForms10.Window.8.app.0.141b42a_r7_ad1', left=832, right=2048, top=354, bottom=1170, width=1216, height=816, xcenter=1440, ycenter=762)</msg>
<msg timestamp="20231130 22:29:28.338" level="INFO">Locator 'name:Orders and type:MenuItemControl and path:5|2' produced matcher: MatchObject(locators=[('Name', 'Orders', 0), ('ControlType', 'MenuItemControl', 0), ('path', [5, 2], 0)], _classes=set(), max_level=0)</msg>
<msg timestamp="20231130 22:29:28.357" level="INFO">Returning element: WindowsElement(item=&lt;uiautomation.uiautomation.MenuItemControl object at 0x000001D18E0D95D0&gt;, locator='name:Orders and type:MenuItemControl and path:5|2', name='Orders', automation_id='', control_type='MenuItemControl', class_name='', left=912, right=1010, top=416, bottom=454, width=98, height=38, xcenter=961, ycenter=435)</msg>
<status status="PASS" starttime="20231130 22:29:28.336" endtime="20231130 22:29:28.919"/>
</kw>
<status status="PASS" starttime="20231130 22:29:28.336" endtime="20231130 22:29:28.919"/>
</kw>
<kw name="And I choose &quot;New Order&quot;" library="order_resource">
<kw name="Click" library="RPA.Windows">
<arg>id:264</arg>
<tag>action</tag>
<tag>mouse</tag>
<doc>Mouse click on element matching given locator.</doc>
<msg timestamp="20231130 22:29:28.921" level="INFO">Getting element with locator: id:264</msg>
<msg timestamp="20231130 22:29:28.923" level="INFO">Resulted root element: WindowsElement(item=&lt;uiautomation.uiautomation.WindowControl object at 0x000001D18DF42FD0&gt;, locator='subname:Orders and type:WindowControl', name='Orders - Untitled', automation_id='MainForm', control_type='WindowControl', class_name='WindowsForms10.Window.8.app.0.141b42a_r7_ad1', left=832, right=2048, top=354, bottom=1170, width=1216, height=816, xcenter=1440, ycenter=762)</msg>
<msg timestamp="20231130 22:29:28.923" level="INFO">Locator 'id:264' produced matcher: MatchObject(locators=[('AutomationId', '264', 0)], _classes=set(), max_level=0)</msg>
<msg timestamp="20231130 22:29:28.933" level="INFO">Returning element: WindowsElement(item=&lt;uiautomation.uiautomation.MenuItemControl object at 0x000001D18E0D9250&gt;, locator='id:264', name='New order...\tCtrl+Ins', automation_id='264', control_type='MenuItemControl', class_name='', left=918, right=1352, top=460, bottom=504, width=434, height=44, xcenter=1135, ycenter=482)</msg>
<status status="PASS" starttime="20231130 22:29:28.920" endtime="20231130 22:29:29.494"/>
</kw>
<status status="PASS" starttime="20231130 22:29:28.920" endtime="20231130 22:29:29.495"/>
</kw>
<kw name="Then a quick order form with data entry fields should be displayed (Case 01)" library="order_resource">
<kw name="Set Focus" library="RPA.Windows">
<arg>id:OrderForm</arg>
<tag>action</tag>
<doc>Set view focus to the element defined by the locator.</doc>
<msg timestamp="20231130 22:29:29.499" level="INFO">Getting element with locator: id:OrderForm</msg>
<msg timestamp="20231130 22:29:29.499" level="INFO">Resulted root element: WindowsElement(item=&lt;uiautomation.uiautomation.WindowControl object at 0x000001D18DF42FD0&gt;, locator='subname:Orders and type:WindowControl', name='Orders - Untitled', automation_id='MainForm', control_type='WindowControl', class_name='WindowsForms10.Window.8.app.0.141b42a_r7_ad1', left=832, right=2048, top=354, bottom=1170, width=1216, height=816, xcenter=1440, ycenter=762)</msg>
<msg timestamp="20231130 22:29:29.500" level="INFO">Locator 'id:OrderForm' produced matcher: MatchObject(locators=[('AutomationId', 'OrderForm', 0)], _classes=set(), max_level=0)</msg>
<msg timestamp="20231130 22:29:29.505" level="INFO">Returning element: WindowsElement(item=&lt;uiautomation.uiautomation.WindowControl object at 0x000001D18E0F6F50&gt;, locator='id:OrderForm', name='Order', automation_id='OrderForm', control_type='WindowControl', class_name='WindowsForms10.Window.8.app.0.141b42a_r7_ad1', left=952, right=1928, top=284, bottom=1240, width=976, height=956, xcenter=1440, ycenter=762)</msg>
<status status="PASS" starttime="20231130 22:29:29.498" endtime="20231130 22:29:29.505"/>
</kw>
<kw name="Create Order 01" library="OrderData">
<status status="PASS" starttime="20231130 22:29:29.505" endtime="20231130 22:29:29.506"/>
</kw>
<status status="PASS" starttime="20231130 22:29:29.496" endtime="20231130 22:29:29.506"/>
</kw>
<kw name="And Complete the data in the order form" library="order_resource">
<kw name="Get Product Option" library="OrderData">
<var>${product_option}</var>
<msg timestamp="20231130 22:29:29.507" level="INFO">${product_option} = MyMoney</msg>
<status status="PASS" starttime="20231130 22:29:29.507" endtime="20231130 22:29:29.507"/>
</kw>
<kw name="Get Customer Name" library="OrderData">
<var>${Customer}</var>
<msg timestamp="20231130 22:29:29.507" level="INFO">${Customer} = Luisa Kohler I</msg>
<status status="PASS" starttime="20231130 22:29:29.507" endtime="20231130 22:29:29.507"/>
</kw>
<kw name="Get Street" library="OrderData">
<var>${Street}</var>
<msg timestamp="20231130 22:29:29.507" level="INFO">${Street} = 4538 Diamond Street</msg>
<status status="PASS" starttime="20231130 22:29:29.507" endtime="20231130 22:29:29.508"/>
</kw>
<kw name="Get City" library="OrderData">
<var>${City}</var>
<msg timestamp="20231130 22:29:29.508" level="INFO">${City} = Charlotte</msg>
<status status="PASS" starttime="20231130 22:29:29.508" endtime="20231130 22:29:29.508"/>
</kw>
<kw name="Get State" library="OrderData">
<var>${State}</var>
<msg timestamp="20231130 22:29:29.508" level="INFO">${State} = North Carolina</msg>
<status status="PASS" starttime="20231130 22:29:29.508" endtime="20231130 22:29:29.508"/>
</kw>
<kw name="Get Zip" library="OrderData">
<var>${Zip}</var>
<msg timestamp="20231130 22:29:29.508" level="INFO">${Zip} = 28217</msg>
<status status="PASS" starttime="20231130 22:29:29.508" endtime="20231130 22:29:29.508"/>
</kw>
<kw name="Get Card Number" library="OrderData">
<var>${CardNo}</var>
<msg timestamp="20231130 22:29:29.509" level="INFO">${CardNo} = 4027115277090665</msg>
<status status="PASS" starttime="20231130 22:29:29.508" endtime="20231130 22:29:29.509"/>
</kw>
<kw name="Select" library="RPA.Windows">
<arg>id:ProductNames</arg>
<arg>${product_option}</arg>
<tag>action</tag>
<doc>Select a value on the passed element if such action is supported.</doc>
<msg timestamp="20231130 22:29:29.509" level="INFO">Getting element with locator: id:ProductNames</msg>
<msg timestamp="20231130 22:29:29.510" level="INFO">Resulted root element: WindowsElement(item=&lt;uiautomation.uiautomation.WindowControl object at 0x000001D18DF42FD0&gt;, locator='subname:Orders and type:WindowControl', name='Orders - Untitled', automation_id='MainForm', control_type='WindowControl', class_name='WindowsForms10.Window.8.app.0.141b42a_r7_ad1', left=832, right=2048, top=354, bottom=1170, width=1216, height=816, xcenter=1440, ycenter=762)</msg>
<msg timestamp="20231130 22:29:29.510" level="INFO">Locator 'id:ProductNames' produced matcher: MatchObject(locators=[('AutomationId', 'ProductNames', 0)], _classes=set(), max_level=0)</msg>
<msg timestamp="20231130 22:29:29.656" level="INFO">Returning element: WindowsElement(item=&lt;uiautomation.uiautomation.ComboBoxControl object at 0x000001D18D8B1210&gt;, locator='id:ProductNames', name='Product:', automation_id='ProductNames', control_type='ComboBoxControl', class_name='WindowsForms10.COMBOBOX.app.0.141b42a_r7_ad1', left=1102, right=1886, top=384, bottom=426, width=784, height=42, xcenter=1494, ycenter=405)</msg>
<status status="PASS" starttime="20231130 22:29:29.509" endtime="20231130 22:29:30.884"/>
</kw>
<kw name="Send Keys" library="RPA.Windows">
<arg>id:Customer</arg>
<arg>${Customer}</arg>
<tag>action</tag>
<tag>keyboard</tag>
<doc>Send keys to desktop, current window or to Control element
defined by given locator.</doc>
<msg timestamp="20231130 22:29:30.886" level="INFO">Getting element with locator: id:Customer</msg>
<msg timestamp="20231130 22:29:30.887" level="INFO">Resulted root element: WindowsElement(item=&lt;uiautomation.uiautomation.WindowControl object at 0x000001D18DF42FD0&gt;, locator='subname:Orders and type:WindowControl', name='Orders - Untitled', automation_id='MainForm', control_type='WindowControl', class_name='WindowsForms10.Window.8.app.0.141b42a_r7_ad1', left=832, right=2048, top=354, bottom=1170, width=1216, height=816, xcenter=1440, ycenter=762)</msg>
<msg timestamp="20231130 22:29:30.888" level="INFO">Locator 'id:Customer' produced matcher: MatchObject(locators=[('AutomationId', 'Customer', 0)], _classes=set(), max_level=0)</msg>
<msg timestamp="20231130 22:29:30.909" level="INFO">Returning element: WindowsElement(item=&lt;uiautomation.uiautomation.EditControl object at 0x000001D18E0F7D10&gt;, locator='id:Customer', name='Customer Name:', automation_id='Customer', control_type='EditControl', class_name='WindowsForms10.EDIT.app.0.141b42a_r7_ad1', left=1182, right=1886, top=672, bottom=712, width=704, height=40, xcenter=1534, ycenter=692)</msg>
<msg timestamp="20231130 22:29:30.911" level="INFO">Sending keys 'Luisa Kohler I' to element: ControlType: EditControl    ClassName: WindowsForms10.EDIT.app.0.141b42a_r7_ad1    AutomationId: Customer    Rect: (1182,672,1886,712)[704x40]    Name: 'Customer Name:'    Handle: 0x870D3C(8850748)</msg>
<status status="PASS" starttime="20231130 22:29:30.885" endtime="20231130 22:29:31.561"/>
</kw>
<kw name="Send Keys" library="RPA.Windows">
<arg>id:Street</arg>
<arg>${Street}</arg>
<tag>action</tag>
<tag>keyboard</tag>
<doc>Send keys to desktop, current window or to Control element
defined by given locator.</doc>
<msg timestamp="20231130 22:29:31.564" level="INFO">Getting element with locator: id:Street</msg>
<msg timestamp="20231130 22:29:31.565" level="INFO">Resulted root element: WindowsElement(item=&lt;uiautomation.uiautomation.WindowControl object at 0x000001D18DF42FD0&gt;, locator='subname:Orders and type:WindowControl', name='Orders - Untitled', automation_id='MainForm', control_type='WindowControl', class_name='WindowsForms10.Window.8.app.0.141b42a_r7_ad1', left=832, right=2048, top=354, bottom=1170, width=1216, height=816, xcenter=1440, ycenter=762)</msg>
<msg timestamp="20231130 22:29:31.565" level="INFO">Locator 'id:Street' produced matcher: MatchObject(locators=[('AutomationId', 'Street', 0)], _classes=set(), max_level=0)</msg>
<msg timestamp="20231130 22:29:31.631" level="INFO">Returning element: WindowsElement(item=&lt;uiautomation.uiautomation.EditControl object at 0x000001D18E0F6050&gt;, locator='id:Street', name='Street:', automation_id='Street', control_type='EditControl', class_name='WindowsForms10.EDIT.app.0.141b42a_r7_ad1', left=1182, right=1438, top=736, bottom=776, width=256, height=40, xcenter=1310, ycenter=756)</msg>
<msg timestamp="20231130 22:29:31.632" level="INFO">Sending keys '4538 Diamond Street' to element: ControlType: EditControl    ClassName: WindowsForms10.EDIT.app.0.141b42a_r7_ad1    AutomationId: Street    Rect: (1182,736,1438,776)[256x40]    Name: 'Street:'    Handle: 0x520DE0(5377504)</msg>
<status status="PASS" starttime="20231130 22:29:31.562" endtime="20231130 22:29:32.335"/>
</kw>
<kw name="Send Keys" library="RPA.Windows">
<arg>id:City</arg>
<arg>${City}</arg>
<tag>action</tag>
<tag>keyboard</tag>
<doc>Send keys to desktop, current window or to Control element
defined by given locator.</doc>
<msg timestamp="20231130 22:29:32.338" level="INFO">Getting element with locator: id:City</msg>
<msg timestamp="20231130 22:29:32.339" level="INFO">Resulted root element: WindowsElement(item=&lt;uiautomation.uiautomation.WindowControl object at 0x000001D18DF42FD0&gt;, locator='subname:Orders and type:WindowControl', name='Orders - Untitled', automation_id='MainForm', control_type='WindowControl', class_name='WindowsForms10.Window.8.app.0.141b42a_r7_ad1', left=832, right=2048, top=354, bottom=1170, width=1216, height=816, xcenter=1440, ycenter=762)</msg>
<msg timestamp="20231130 22:29:32.339" level="INFO">Locator 'id:City' produced matcher: MatchObject(locators=[('AutomationId', 'City', 0)], _classes=set(), max_level=0)</msg>
<msg timestamp="20231130 22:29:32.406" level="INFO">Returning element: WindowsElement(item=&lt;uiautomation.uiautomation.EditControl object at 0x000001D18E0DA550&gt;, locator='id:City', name='City:', automation_id='City', control_type='EditControl', class_name='WindowsForms10.EDIT.app.0.141b42a_r7_ad1', left=1630, right=1886, top=736, bottom=776, width=256, height=40, xcenter=1758, ycenter=756)</msg>
<msg timestamp="20231130 22:29:32.407" level="INFO">Sending keys 'Charlotte' to element: ControlType: EditControl    ClassName: WindowsForms10.EDIT.app.0.141b42a_r7_ad1    AutomationId: City    Rect: (1630,736,1886,776)[256x40]    Name: 'City:'    Handle: 0x2C0E4E(2887246)</msg>
<status status="PASS" starttime="20231130 22:29:32.336" endtime="20231130 22:29:33.003"/>
</kw>
<kw name="Send Keys" library="RPA.Windows">
<arg>id:State</arg>
<arg>${State}</arg>
<tag>action</tag>
<tag>keyboard</tag>
<doc>Send keys to desktop, current window or to Control element
defined by given locator.</doc>
<msg timestamp="20231130 22:29:33.006" level="INFO">Getting element with locator: id:State</msg>
<msg timestamp="20231130 22:29:33.007" level="INFO">Resulted root element: WindowsElement(item=&lt;uiautomation.uiautomation.WindowControl object at 0x000001D18DF42FD0&gt;, locator='subname:Orders and type:WindowControl', name='Orders - Untitled', automation_id='MainForm', control_type='WindowControl', class_name='WindowsForms10.Window.8.app.0.141b42a_r7_ad1', left=832, right=2048, top=354, bottom=1170, width=1216, height=816, xcenter=1440, ycenter=762)</msg>
<msg timestamp="20231130 22:29:33.008" level="INFO">Locator 'id:State' produced matcher: MatchObject(locators=[('AutomationId', 'State', 0)], _classes=set(), max_level=0)</msg>
<msg timestamp="20231130 22:29:33.065" level="INFO">Returning element: WindowsElement(item=&lt;uiautomation.uiautomation.EditControl object at 0x000001D18E0F6510&gt;, locator='id:State', name='State:', automation_id='State', control_type='EditControl', class_name='WindowsForms10.EDIT.app.0.141b42a_r7_ad1', left=1182, right=1438, top=800, bottom=840, width=256, height=40, xcenter=1310, ycenter=820)</msg>
<msg timestamp="20231130 22:29:33.067" level="INFO">Sending keys 'North Carolina' to element: ControlType: EditControl    ClassName: WindowsForms10.EDIT.app.0.141b42a_r7_ad1    AutomationId: State    Rect: (1182,800,1438,840)[256x40]    Name: 'State:'    Handle: 0x2D07B6(2951094)</msg>
<status status="PASS" starttime="20231130 22:29:33.004" endtime="20231130 22:29:33.718"/>
</kw>
<kw name="Send Keys" library="RPA.Windows">
<arg>id:Zip</arg>
<arg>${Zip}</arg>
<tag>action</tag>
<tag>keyboard</tag>
<doc>Send keys to desktop, current window or to Control element
defined by given locator.</doc>
<msg timestamp="20231130 22:29:33.721" level="INFO">Getting element with locator: id:Zip</msg>
<msg timestamp="20231130 22:29:33.722" level="INFO">Resulted root element: WindowsElement(item=&lt;uiautomation.uiautomation.WindowControl object at 0x000001D18DF42FD0&gt;, locator='subname:Orders and type:WindowControl', name='Orders - Untitled', automation_id='MainForm', control_type='WindowControl', class_name='WindowsForms10.Window.8.app.0.141b42a_r7_ad1', left=832, right=2048, top=354, bottom=1170, width=1216, height=816, xcenter=1440, ycenter=762)</msg>
<msg timestamp="20231130 22:29:33.722" level="INFO">Locator 'id:Zip' produced matcher: MatchObject(locators=[('AutomationId', 'Zip', 0)], _classes=set(), max_level=0)</msg>
<msg timestamp="20231130 22:29:33.780" level="INFO">Returning element: WindowsElement(item=&lt;uiautomation.uiautomation.EditControl object at 0x000001D18E0F68D0&gt;, locator='id:Zip', name='Zip:', automation_id='Zip', control_type='EditControl', class_name='WindowsForms10.EDIT.app.0.141b42a_r7_ad1', left=1630, right=1886, top=800, bottom=840, width=256, height=40, xcenter=1758, ycenter=820)</msg>
<msg timestamp="20231130 22:29:33.781" level="INFO">Sending keys '28217' to element: ControlType: EditControl    ClassName: WindowsForms10.EDIT.app.0.141b42a_r7_ad1    AutomationId: Zip    Rect: (1630,800,1886,840)[256x40]    Name: 'Zip:'    Handle: 0x1B0E54(1773140)</msg>
<status status="PASS" starttime="20231130 22:29:33.719" endtime="20231130 22:29:34.336"/>
</kw>
<kw name="Send Keys" library="RPA.Windows">
<arg>id:CardNo</arg>
<arg>${CardNo}</arg>
<tag>action</tag>
<tag>keyboard</tag>
<doc>Send keys to desktop, current window or to Control element
defined by given locator.</doc>
<msg timestamp="20231130 22:29:34.339" level="INFO">Getting element with locator: id:CardNo</msg>
<msg timestamp="20231130 22:29:34.340" level="INFO">Resulted root element: WindowsElement(item=&lt;uiautomation.uiautomation.WindowControl object at 0x000001D18DF42FD0&gt;, locator='subname:Orders and type:WindowControl', name='Orders - Untitled', automation_id='MainForm', control_type='WindowControl', class_name='WindowsForms10.Window.8.app.0.141b42a_r7_ad1', left=832, right=2048, top=354, bottom=1170, width=1216, height=816, xcenter=1440, ycenter=762)</msg>
<msg timestamp="20231130 22:29:34.340" level="INFO">Locator 'id:CardNo' produced matcher: MatchObject(locators=[('AutomationId', 'CardNo', 0)], _classes=set(), max_level=0)</msg>
<msg timestamp="20231130 22:29:34.390" level="INFO">Returning element: WindowsElement(item=&lt;uiautomation.uiautomation.EditControl object at 0x000001D18E0D9050&gt;, locator='id:CardNo', name='Card No', automation_id='CardNo', control_type='EditControl', class_name='WindowsForms10.EDIT.app.0.141b42a_r7_ad1', left=1182, right=1886, top=1024, bottom=1064, width=704, height=40, xcenter=1534, ycenter=1044)</msg>
<msg timestamp="20231130 22:29:34.391" level="INFO">Sending keys '4027115277090665' to element: ControlType: EditControl    ClassName: WindowsForms10.EDIT.app.0.141b42a_r7_ad1    AutomationId: CardNo    Rect: (1182,1024,1886,1064)[704x40]    Name: 'Card No'    Handle: 0x3403D2(3408850)</msg>
<status status="PASS" starttime="20231130 22:29:34.337" endtime="20231130 22:29:35.065"/>
</kw>
<status status="PASS" starttime="20231130 22:29:29.506" endtime="20231130 22:29:35.066"/>
</kw>
<kw name="When I select the &quot;OK&quot; button" library="order_resource">
<kw name="Click" library="RPA.Windows">
<arg>id:ButtonOK</arg>
<tag>action</tag>
<tag>mouse</tag>
<doc>Mouse click on element matching given locator.</doc>
<msg timestamp="20231130 22:29:35.068" level="INFO">Getting element with locator: id:ButtonOK</msg>
<msg timestamp="20231130 22:29:35.069" level="INFO">Resulted root element: WindowsElement(item=&lt;uiautomation.uiautomation.WindowControl object at 0x000001D18DF42FD0&gt;, locator='subname:Orders and type:WindowControl', name='Orders - Untitled', automation_id='MainForm', control_type='WindowControl', class_name='WindowsForms10.Window.8.app.0.141b42a_r7_ad1', left=832, right=2048, top=354, bottom=1170, width=1216, height=816, xcenter=1440, ycenter=762)</msg>
<msg timestamp="20231130 22:29:35.069" level="INFO">Locator 'id:ButtonOK' produced matcher: MatchObject(locators=[('AutomationId', 'ButtonOK', 0)], _classes=set(), max_level=0)</msg>
<msg timestamp="20231130 22:29:35.081" level="INFO">Returning element: WindowsElement(item=&lt;uiautomation.uiautomation.ButtonControl object at 0x000001D18E0D9490&gt;, locator='id:ButtonOK', name='OK', automation_id='ButtonOK', control_type='ButtonControl', class_name='WindowsForms10.BUTTON.app.0.141b42a_r7_ad1', left=1598, right=1742, top=1168, bottom=1216, width=144, height=48, xcenter=1670, ycenter=1192)</msg>
<status status="PASS" starttime="20231130 22:29:35.067" endtime="20231130 22:29:35.642"/>
</kw>
<status status="PASS" starttime="20231130 22:29:35.067" endtime="20231130 22:29:35.643"/>
</kw>
<kw name="Then the order should be created successfully (c01)" library="order_resource">
<kw name="Click" library="RPA.Windows">
<var>${item_created01}</var>
<arg>name:"Luisa Kohler I" and type:TextControl and path:1|3|1</arg>
<tag>action</tag>
<tag>mouse</tag>
<doc>Mouse click on element matching given locator.</doc>
<msg timestamp="20231130 22:29:35.645" level="INFO">Getting element with locator: name:"Luisa Kohler I" and type:TextControl and path:1|3|1</msg>
<msg timestamp="20231130 22:29:35.646" level="INFO">Resulted root element: WindowsElement(item=&lt;uiautomation.uiautomation.WindowControl object at 0x000001D18DF42FD0&gt;, locator='subname:Orders and type:WindowControl', name='Orders - Untitled', automation_id='MainForm', control_type='WindowControl', class_name='WindowsForms10.Window.8.app.0.141b42a_r7_ad1', left=832, right=2048, top=354, bottom=1170, width=1216, height=816, xcenter=1440, ycenter=762)</msg>
<msg timestamp="20231130 22:29:35.646" level="INFO">Locator 'name:"Luisa Kohler I" and type:TextControl and path:1|3|1' produced matcher: MatchObject(locators=[('Name', 'Luisa Kohler I', 0), ('ControlType', 'TextControl', 0), ('path', [1, 3, 1], 0)], _classes=set(), max_level=0)</msg>
<msg timestamp="20231130 22:29:35.677" level="INFO">Returning element: WindowsElement(item=&lt;uiautomation.uiautomation.TextControl object at 0x000001D18E197E50&gt;, locator='name:"Luisa Kohler I" and type:TextControl and path:1|3|1', name='Luisa Kohler I', automation_id='', control_type='TextControl', class_name='', left=852, right=2028, top=564, bottom=598, width=1176, height=34, xcenter=1440, ycenter=581)</msg>
<msg timestamp="20231130 22:29:36.237" level="INFO">${item_created01} = WindowsElement(item=&lt;uiautomation.uiautomation.TextControl object at 0x000001D18E197E50&gt;, locator='name:"Luisa Kohler I" and type:TextControl and path:1|3|1', name='Luisa Kohler I', automation_id='', ...</msg>
<status status="PASS" starttime="20231130 22:29:35.644" endtime="20231130 22:29:36.237"/>
</kw>
<kw name="Log To Console" library="BuiltIn">
<arg>${item_created01} has been created successfully</arg>
<doc>Logs the given message to the console.</doc>
<status status="PASS" starttime="20231130 22:29:36.237" endtime="20231130 22:29:36.238"/>
</kw>
<status status="PASS" starttime="20231130 22:29:35.644" endtime="20231130 22:29:36.238"/>
</kw>
<status status="PASS" starttime="20231130 22:29:28.335" endtime="20231130 22:29:36.240"/>
</test>
<test id="s1-t3" name="Create Orders_02" line="20">
<kw name="When I select &quot;Orders&quot; in the navigation bar" library="order_resource">
<kw name="Click" library="RPA.Windows">
<arg>name:Orders and type:MenuItemControl and path:5|2</arg>
<tag>action</tag>
<tag>mouse</tag>
<doc>Mouse click on element matching given locator.</doc>
<msg timestamp="20231130 22:29:36.249" level="INFO">Getting element with locator: name:Orders and type:MenuItemControl and path:5|2</msg>
<msg timestamp="20231130 22:29:36.251" level="INFO">Resulted root element: WindowsElement(item=&lt;uiautomation.uiautomation.WindowControl object at 0x000001D18DF42FD0&gt;, locator='subname:Orders and type:WindowControl', name='Orders - Untitled', automation_id='MainForm', control_type='WindowControl', class_name='WindowsForms10.Window.8.app.0.141b42a_r7_ad1', left=832, right=2048, top=354, bottom=1170, width=1216, height=816, xcenter=1440, ycenter=762)</msg>
<msg timestamp="20231130 22:29:36.251" level="INFO">Locator 'name:Orders and type:MenuItemControl and path:5|2' produced matcher: MatchObject(locators=[('Name', 'Orders', 0), ('ControlType', 'MenuItemControl', 0), ('path', [5, 2], 0)], _classes=set(), max_level=0)</msg>
<msg timestamp="20231130 22:29:36.283" level="INFO">Returning element: WindowsElement(item=&lt;uiautomation.uiautomation.MenuItemControl object at 0x000001D18E851610&gt;, locator='name:Orders and type:MenuItemControl and path:5|2', name='Orders', automation_id='', control_type='MenuItemControl', class_name='', left=912, right=1010, top=416, bottom=454, width=98, height=38, xcenter=961, ycenter=435)</msg>
<status status="PASS" starttime="20231130 22:29:36.246" endtime="20231130 22:29:36.846"/>
</kw>
<status status="PASS" starttime="20231130 22:29:36.244" endtime="20231130 22:29:36.846"/>
</kw>
<kw name="And I choose &quot;New Order&quot;" library="order_resource">
<kw name="Click" library="RPA.Windows">
<arg>id:264</arg>
<tag>action</tag>
<tag>mouse</tag>
<doc>Mouse click on element matching given locator.</doc>
<msg timestamp="20231130 22:29:36.850" level="INFO">Getting element with locator: id:264</msg>
<msg timestamp="20231130 22:29:36.851" level="INFO">Resulted root element: WindowsElement(item=&lt;uiautomation.uiautomation.WindowControl object at 0x000001D18DF42FD0&gt;, locator='subname:Orders and type:WindowControl', name='Orders - Untitled', automation_id='MainForm', control_type='WindowControl', class_name='WindowsForms10.Window.8.app.0.141b42a_r7_ad1', left=832, right=2048, top=354, bottom=1170, width=1216, height=816, xcenter=1440, ycenter=762)</msg>
<msg timestamp="20231130 22:29:36.851" level="INFO">Locator 'id:264' produced matcher: MatchObject(locators=[('AutomationId', '264', 0)], _classes=set(), max_level=0)</msg>
<msg timestamp="20231130 22:29:36.860" level="INFO">Returning element: WindowsElement(item=&lt;uiautomation.uiautomation.MenuItemControl object at 0x000001D18E8519D0&gt;, locator='id:264', name='New order...\tCtrl+Ins', automation_id='264', control_type='MenuItemControl', class_name='', left=918, right=1352, top=460, bottom=504, width=434, height=44, xcenter=1135, ycenter=482)</msg>
<status status="PASS" starttime="20231130 22:29:36.848" endtime="20231130 22:29:37.414"/>
</kw>
<status status="PASS" starttime="20231130 22:29:36.848" endtime="20231130 22:29:37.414"/>
</kw>
<kw name="Then a quick order form with data entry fields should be displayed (Case 02)" library="order_resource">
<kw name="Set Focus" library="RPA.Windows">
<arg>id:OrderForm</arg>
<tag>action</tag>
<doc>Set view focus to the element defined by the locator.</doc>
<msg timestamp="20231130 22:29:37.420" level="INFO">Getting element with locator: id:OrderForm</msg>
<msg timestamp="20231130 22:29:37.420" level="INFO">Resulted root element: WindowsElement(item=&lt;uiautomation.uiautomation.WindowControl object at 0x000001D18DF42FD0&gt;, locator='subname:Orders and type:WindowControl', name='Orders - Untitled', automation_id='MainForm', control_type='WindowControl', class_name='WindowsForms10.Window.8.app.0.141b42a_r7_ad1', left=832, right=2048, top=354, bottom=1170, width=1216, height=816, xcenter=1440, ycenter=762)</msg>
<msg timestamp="20231130 22:29:37.420" level="INFO">Locator 'id:OrderForm' produced matcher: MatchObject(locators=[('AutomationId', 'OrderForm', 0)], _classes=set(), max_level=0)</msg>
<msg timestamp="20231130 22:29:37.424" level="INFO">Returning element: WindowsElement(item=&lt;uiautomation.uiautomation.WindowControl object at 0x000001D18E0F6650&gt;, locator='id:OrderForm', name='Order', automation_id='OrderForm', control_type='WindowControl', class_name='WindowsForms10.Window.8.app.0.141b42a_r7_ad1', left=952, right=1928, top=284, bottom=1240, width=976, height=956, xcenter=1440, ycenter=762)</msg>
<status status="PASS" starttime="20231130 22:29:37.418" endtime="20231130 22:29:37.424"/>
</kw>
<kw name="Create Order 02" library="OrderData">
<status status="PASS" starttime="20231130 22:29:37.424" endtime="20231130 22:29:37.424"/>
</kw>
<status status="PASS" starttime="20231130 22:29:37.417" endtime="20231130 22:29:37.424"/>
</kw>
<kw name="And Complete the data in the order form" library="order_resource">
<kw name="Get Product Option" library="OrderData">
<var>${product_option}</var>
<msg timestamp="20231130 22:29:37.425" level="INFO">${product_option} = FamilyAlbum</msg>
<status status="PASS" starttime="20231130 22:29:37.425" endtime="20231130 22:29:37.425"/>
</kw>
<kw name="Get Customer Name" library="OrderData">
<var>${Customer}</var>
<msg timestamp="20231130 22:29:37.425" level="INFO">${Customer} = Natasha Rath III</msg>
<status status="PASS" starttime="20231130 22:29:37.425" endtime="20231130 22:29:37.425"/>
</kw>
<kw name="Get Street" library="OrderData">
<var>${Street}</var>
<msg timestamp="20231130 22:29:37.425" level="INFO">${Street} = 1826 Summit Park Avenue</msg>
<status status="PASS" starttime="20231130 22:29:37.425" endtime="20231130 22:29:37.426"/>
</kw>
<kw name="Get City" library="OrderData">
<var>${City}</var>
<msg timestamp="20231130 22:29:37.426" level="INFO">${City} = Fairhope</msg>
<status status="PASS" starttime="20231130 22:29:37.426" endtime="20231130 22:29:37.426"/>
</kw>
<kw name="Get State" library="OrderData">
<var>${State}</var>
<msg timestamp="20231130 22:29:37.426" level="INFO">${State} = Alabama</msg>
<status status="PASS" starttime="20231130 22:29:37.426" endtime="20231130 22:29:37.426"/>
</kw>
<kw name="Get Zip" library="OrderData">
<var>${Zip}</var>
<msg timestamp="20231130 22:29:37.426" level="INFO">${Zip} = 36532</msg>
<status status="PASS" starttime="20231130 22:29:37.426" endtime="20231130 22:29:37.426"/>
</kw>
<kw name="Get Card Number" library="OrderData">
<var>${CardNo}</var>
<msg timestamp="20231130 22:29:37.427" level="INFO">${CardNo} = 5970100300000018</msg>
<status status="PASS" starttime="20231130 22:29:37.426" endtime="20231130 22:29:37.427"/>
</kw>
<kw name="Select" library="RPA.Windows">
<arg>id:ProductNames</arg>
<arg>${product_option}</arg>
<tag>action</tag>
<doc>Select a value on the passed element if such action is supported.</doc>
<msg timestamp="20231130 22:29:37.427" level="INFO">Getting element with locator: id:ProductNames</msg>
<msg timestamp="20231130 22:29:37.428" level="INFO">Resulted root element: WindowsElement(item=&lt;uiautomation.uiautomation.WindowControl object at 0x000001D18DF42FD0&gt;, locator='subname:Orders and type:WindowControl', name='Orders - Untitled', automation_id='MainForm', control_type='WindowControl', class_name='WindowsForms10.Window.8.app.0.141b42a_r7_ad1', left=832, right=2048, top=354, bottom=1170, width=1216, height=816, xcenter=1440, ycenter=762)</msg>
<msg timestamp="20231130 22:29:37.428" level="INFO">Locator 'id:ProductNames' produced matcher: MatchObject(locators=[('AutomationId', 'ProductNames', 0)], _classes=set(), max_level=0)</msg>
<msg timestamp="20231130 22:29:37.546" level="INFO">Returning element: WindowsElement(item=&lt;uiautomation.uiautomation.ComboBoxControl object at 0x000001D18E854210&gt;, locator='id:ProductNames', name='Product:', automation_id='ProductNames', control_type='ComboBoxControl', class_name='WindowsForms10.COMBOBOX.app.0.141b42a_r7_ad1', left=1102, right=1886, top=384, bottom=426, width=784, height=42, xcenter=1494, ycenter=405)</msg>
<status status="PASS" starttime="20231130 22:29:37.427" endtime="20231130 22:29:38.790"/>
</kw>
<kw name="Send Keys" library="RPA.Windows">
<arg>id:Customer</arg>
<arg>${Customer}</arg>
<tag>action</tag>
<tag>keyboard</tag>
<doc>Send keys to desktop, current window or to Control element
defined by given locator.</doc>
<msg timestamp="20231130 22:29:38.796" level="INFO">Getting element with locator: id:Customer</msg>
<msg timestamp="20231130 22:29:38.798" level="INFO">Resulted root element: WindowsElement(item=&lt;uiautomation.uiautomation.WindowControl object at 0x000001D18DF42FD0&gt;, locator='subname:Orders and type:WindowControl', name='Orders - Untitled', automation_id='MainForm', control_type='WindowControl', class_name='WindowsForms10.Window.8.app.0.141b42a_r7_ad1', left=832, right=2048, top=354, bottom=1170, width=1216, height=816, xcenter=1440, ycenter=762)</msg>
<msg timestamp="20231130 22:29:38.798" level="INFO">Locator 'id:Customer' produced matcher: MatchObject(locators=[('AutomationId', 'Customer', 0)], _classes=set(), max_level=0)</msg>
<msg timestamp="20231130 22:29:38.816" level="INFO">Returning element: WindowsElement(item=&lt;uiautomation.uiautomation.EditControl object at 0x000001D18E850F50&gt;, locator='id:Customer', name='Customer Name:', automation_id='Customer', control_type='EditControl', class_name='WindowsForms10.EDIT.app.0.141b42a_r7_ad1', left=1182, right=1886, top=672, bottom=712, width=704, height=40, xcenter=1534, ycenter=692)</msg>
<msg timestamp="20231130 22:29:38.817" level="INFO">Sending keys 'Natasha Rath III' to element: ControlType: EditControl    ClassName: WindowsForms10.EDIT.app.0.141b42a_r7_ad1    AutomationId: Customer    Rect: (1182,672,1886,712)[704x40]    Name: 'Customer Name:'    Handle: 0x1E0E84(1969796)</msg>
<status status="PASS" starttime="20231130 22:29:38.794" endtime="20231130 22:29:39.487"/>
</kw>
<kw name="Send Keys" library="RPA.Windows">
<arg>id:Street</arg>
<arg>${Street}</arg>
<tag>action</tag>
<tag>keyboard</tag>
<doc>Send keys to desktop, current window or to Control element
defined by given locator.</doc>
<msg timestamp="20231130 22:29:39.490" level="INFO">Getting element with locator: id:Street</msg>
<msg timestamp="20231130 22:29:39.492" level="INFO">Resulted root element: WindowsElement(item=&lt;uiautomation.uiautomation.WindowControl object at 0x000001D18DF42FD0&gt;, locator='subname:Orders and type:WindowControl', name='Orders - Untitled', automation_id='MainForm', control_type='WindowControl', class_name='WindowsForms10.Window.8.app.0.141b42a_r7_ad1', left=832, right=2048, top=354, bottom=1170, width=1216, height=816, xcenter=1440, ycenter=762)</msg>
<msg timestamp="20231130 22:29:39.492" level="INFO">Locator 'id:Street' produced matcher: MatchObject(locators=[('AutomationId', 'Street', 0)], _classes=set(), max_level=0)</msg>
<msg timestamp="20231130 22:29:39.562" level="INFO">Returning element: WindowsElement(item=&lt;uiautomation.uiautomation.EditControl object at 0x000001D18DFF8D10&gt;, locator='id:Street', name='Street:', automation_id='Street', control_type='EditControl', class_name='WindowsForms10.EDIT.app.0.141b42a_r7_ad1', left=1182, right=1438, top=736, bottom=776, width=256, height=40, xcenter=1310, ycenter=756)</msg>
<msg timestamp="20231130 22:29:39.563" level="INFO">Sending keys '1826 Summit Park Avenue' to element: ControlType: EditControl    ClassName: WindowsForms10.EDIT.app.0.141b42a_r7_ad1    AutomationId: Street    Rect: (1182,736,1438,776)[256x40]    Name: 'Street:'    Handle: 0x1C0E54(1838676)</msg>
<status status="PASS" starttime="20231130 22:29:39.488" endtime="20231130 22:29:40.313"/>
</kw>
<kw name="Send Keys" library="RPA.Windows">
<arg>id:City</arg>
<arg>${City}</arg>
<tag>action</tag>
<tag>keyboard</tag>
<doc>Send keys to desktop, current window or to Control element
defined by given locator.</doc>
<msg timestamp="20231130 22:29:40.316" level="INFO">Getting element with locator: id:City</msg>
<msg timestamp="20231130 22:29:40.317" level="INFO">Resulted root element: WindowsElement(item=&lt;uiautomation.uiautomation.WindowControl object at 0x000001D18DF42FD0&gt;, locator='subname:Orders and type:WindowControl', name='Orders - Untitled', automation_id='MainForm', control_type='WindowControl', class_name='WindowsForms10.Window.8.app.0.141b42a_r7_ad1', left=832, right=2048, top=354, bottom=1170, width=1216, height=816, xcenter=1440, ycenter=762)</msg>
<msg timestamp="20231130 22:29:40.317" level="INFO">Locator 'id:City' produced matcher: MatchObject(locators=[('AutomationId', 'City', 0)], _classes=set(), max_level=0)</msg>
<msg timestamp="20231130 22:29:40.394" level="INFO">Returning element: WindowsElement(item=&lt;uiautomation.uiautomation.EditControl object at 0x000001D18E0D8790&gt;, locator='id:City', name='City:', automation_id='City', control_type='EditControl', class_name='WindowsForms10.EDIT.app.0.141b42a_r7_ad1', left=1630, right=1886, top=736, bottom=776, width=256, height=40, xcenter=1758, ycenter=756)</msg>
<msg timestamp="20231130 22:29:40.395" level="INFO">Sending keys 'Fairhope' to element: ControlType: EditControl    ClassName: WindowsForms10.EDIT.app.0.141b42a_r7_ad1    AutomationId: City    Rect: (1630,736,1886,776)[256x40]    Name: 'City:'    Handle: 0x2E07B6(3016630)</msg>
<status status="PASS" starttime="20231130 22:29:40.314" endtime="20231130 22:29:40.982"/>
</kw>
<kw name="Send Keys" library="RPA.Windows">
<arg>id:State</arg>
<arg>${State}</arg>
<tag>action</tag>
<tag>keyboard</tag>
<doc>Send keys to desktop, current window or to Control element
defined by given locator.</doc>
<msg timestamp="20231130 22:29:40.983" level="INFO">Getting element with locator: id:State</msg>
<msg timestamp="20231130 22:29:40.983" level="INFO">Resulted root element: WindowsElement(item=&lt;uiautomation.uiautomation.WindowControl object at 0x000001D18DF42FD0&gt;, locator='subname:Orders and type:WindowControl', name='Orders - Untitled', automation_id='MainForm', control_type='WindowControl', class_name='WindowsForms10.Window.8.app.0.141b42a_r7_ad1', left=832, right=2048, top=354, bottom=1170, width=1216, height=816, xcenter=1440, ycenter=762)</msg>
<msg timestamp="20231130 22:29:40.983" level="INFO">Locator 'id:State' produced matcher: MatchObject(locators=[('AutomationId', 'State', 0)], _classes=set(), max_level=0)</msg>
<msg timestamp="20231130 22:29:41.039" level="INFO">Returning element: WindowsElement(item=&lt;uiautomation.uiautomation.EditControl object at 0x000001D18DA56C50&gt;, locator='id:State', name='State:', automation_id='State', control_type='EditControl', class_name='WindowsForms10.EDIT.app.0.141b42a_r7_ad1', left=1182, right=1438, top=800, bottom=840, width=256, height=40, xcenter=1310, ycenter=820)</msg>
<msg timestamp="20231130 22:29:41.040" level="INFO">Sending keys 'Alabama' to element: ControlType: EditControl    ClassName: WindowsForms10.EDIT.app.0.141b42a_r7_ad1    AutomationId: State    Rect: (1182,800,1438,840)[256x40]    Name: 'State:'    Handle: 0x2D0E4E(2952782)</msg>
<status status="PASS" starttime="20231130 22:29:40.982" endtime="20231130 22:29:41.616"/>
</kw>
<kw name="Send Keys" library="RPA.Windows">
<arg>id:Zip</arg>
<arg>${Zip}</arg>
<tag>action</tag>
<tag>keyboard</tag>
<doc>Send keys to desktop, current window or to Control element
defined by given locator.</doc>
<msg timestamp="20231130 22:29:41.619" level="INFO">Getting element with locator: id:Zip</msg>
<msg timestamp="20231130 22:29:41.619" level="INFO">Resulted root element: WindowsElement(item=&lt;uiautomation.uiautomation.WindowControl object at 0x000001D18DF42FD0&gt;, locator='subname:Orders and type:WindowControl', name='Orders - Untitled', automation_id='MainForm', control_type='WindowControl', class_name='WindowsForms10.Window.8.app.0.141b42a_r7_ad1', left=832, right=2048, top=354, bottom=1170, width=1216, height=816, xcenter=1440, ycenter=762)</msg>
<msg timestamp="20231130 22:29:41.619" level="INFO">Locator 'id:Zip' produced matcher: MatchObject(locators=[('AutomationId', 'Zip', 0)], _classes=set(), max_level=0)</msg>
<msg timestamp="20231130 22:29:41.676" level="INFO">Returning element: WindowsElement(item=&lt;uiautomation.uiautomation.EditControl object at 0x000001D18E851710&gt;, locator='id:Zip', name='Zip:', automation_id='Zip', control_type='EditControl', class_name='WindowsForms10.EDIT.app.0.141b42a_r7_ad1', left=1630, right=1886, top=800, bottom=840, width=256, height=40, xcenter=1758, ycenter=820)</msg>
<msg timestamp="20231130 22:29:41.677" level="INFO">Sending keys '36532' to element: ControlType: EditControl    ClassName: WindowsForms10.EDIT.app.0.141b42a_r7_ad1    AutomationId: Zip    Rect: (1630,800,1886,840)[256x40]    Name: 'Zip:'    Handle: 0x530DE0(5443040)</msg>
<status status="PASS" starttime="20231130 22:29:41.616" endtime="20231130 22:29:42.231"/>
</kw>
<kw name="Send Keys" library="RPA.Windows">
<arg>id:CardNo</arg>
<arg>${CardNo}</arg>
<tag>action</tag>
<tag>keyboard</tag>
<doc>Send keys to desktop, current window or to Control element
defined by given locator.</doc>
<msg timestamp="20231130 22:29:42.234" level="INFO">Getting element with locator: id:CardNo</msg>
<msg timestamp="20231130 22:29:42.235" level="INFO">Resulted root element: WindowsElement(item=&lt;uiautomation.uiautomation.WindowControl object at 0x000001D18DF42FD0&gt;, locator='subname:Orders and type:WindowControl', name='Orders - Untitled', automation_id='MainForm', control_type='WindowControl', class_name='WindowsForms10.Window.8.app.0.141b42a_r7_ad1', left=832, right=2048, top=354, bottom=1170, width=1216, height=816, xcenter=1440, ycenter=762)</msg>
<msg timestamp="20231130 22:29:42.235" level="INFO">Locator 'id:CardNo' produced matcher: MatchObject(locators=[('AutomationId', 'CardNo', 0)], _classes=set(), max_level=0)</msg>
<msg timestamp="20231130 22:29:42.277" level="INFO">Returning element: WindowsElement(item=&lt;uiautomation.uiautomation.EditControl object at 0x000001D18E17D750&gt;, locator='id:CardNo', name='Card No', automation_id='CardNo', control_type='EditControl', class_name='WindowsForms10.EDIT.app.0.141b42a_r7_ad1', left=1182, right=1886, top=1024, bottom=1064, width=704, height=40, xcenter=1534, ycenter=1044)</msg>
<msg timestamp="20231130 22:29:42.278" level="INFO">Sending keys '5970100300000018' to element: ControlType: EditControl    ClassName: WindowsForms10.EDIT.app.0.141b42a_r7_ad1    AutomationId: CardNo    Rect: (1182,1024,1886,1064)[704x40]    Name: 'Card No'    Handle: 0x180E58(1576536)</msg>
<status status="PASS" starttime="20231130 22:29:42.232" endtime="20231130 22:29:42.952"/>
</kw>
<status status="PASS" starttime="20231130 22:29:37.425" endtime="20231130 22:29:42.953"/>
</kw>
<kw name="When I select the &quot;OK&quot; button" library="order_resource">
<kw name="Click" library="RPA.Windows">
<arg>id:ButtonOK</arg>
<tag>action</tag>
<tag>mouse</tag>
<doc>Mouse click on element matching given locator.</doc>
<msg timestamp="20231130 22:29:42.958" level="INFO">Getting element with locator: id:ButtonOK</msg>
<msg timestamp="20231130 22:29:42.959" level="INFO">Resulted root element: WindowsElement(item=&lt;uiautomation.uiautomation.WindowControl object at 0x000001D18DF42FD0&gt;, locator='subname:Orders and type:WindowControl', name='Orders - Untitled', automation_id='MainForm', control_type='WindowControl', class_name='WindowsForms10.Window.8.app.0.141b42a_r7_ad1', left=832, right=2048, top=354, bottom=1170, width=1216, height=816, xcenter=1440, ycenter=762)</msg>
<msg timestamp="20231130 22:29:42.959" level="INFO">Locator 'id:ButtonOK' produced matcher: MatchObject(locators=[('AutomationId', 'ButtonOK', 0)], _classes=set(), max_level=0)</msg>
<msg timestamp="20231130 22:29:42.969" level="INFO">Returning element: WindowsElement(item=&lt;uiautomation.uiautomation.ButtonControl object at 0x000001D18E0D9490&gt;, locator='id:ButtonOK', name='OK', automation_id='ButtonOK', control_type='ButtonControl', class_name='WindowsForms10.BUTTON.app.0.141b42a_r7_ad1', left=1598, right=1742, top=1168, bottom=1216, width=144, height=48, xcenter=1670, ycenter=1192)</msg>
<status status="PASS" starttime="20231130 22:29:42.958" endtime="20231130 22:29:43.523"/>
</kw>
<status status="PASS" starttime="20231130 22:29:42.958" endtime="20231130 22:29:43.527"/>
</kw>
<kw name="Then the order should be created successfully (c02)" library="order_resource">
<kw name="Click" library="RPA.Windows">
<var>${item_created02}</var>
<arg>name:"Natasha Rath III" and type:TextControl and path:1|4|1</arg>
<tag>action</tag>
<tag>mouse</tag>
<doc>Mouse click on element matching given locator.</doc>
<msg timestamp="20231130 22:29:43.533" level="INFO">Getting element with locator: name:"Natasha Rath III" and type:TextControl and path:1|4|1</msg>
<msg timestamp="20231130 22:29:43.534" level="INFO">Resulted root element: WindowsElement(item=&lt;uiautomation.uiautomation.WindowControl object at 0x000001D18DF42FD0&gt;, locator='subname:Orders and type:WindowControl', name='Orders - Untitled', automation_id='MainForm', control_type='WindowControl', class_name='WindowsForms10.Window.8.app.0.141b42a_r7_ad1', left=832, right=2048, top=354, bottom=1170, width=1216, height=816, xcenter=1440, ycenter=762)</msg>
<msg timestamp="20231130 22:29:43.534" level="INFO">Locator 'name:"Natasha Rath III" and type:TextControl and path:1|4|1' produced matcher: MatchObject(locators=[('Name', 'Natasha Rath III', 0), ('ControlType', 'TextControl', 0), ('path', [1, 4, 1], 0)], _classes=set(), max_level=0)</msg>
<msg timestamp="20231130 22:29:43.561" level="INFO">Returning element: WindowsElement(item=&lt;uiautomation.uiautomation.TextControl object at 0x000001D18D97A790&gt;, locator='name:"Natasha Rath III" and type:TextControl and path:1|4|1', name='Natasha Rath III', automation_id='', control_type='TextControl', class_name='', left=852, right=2028, top=598, bottom=632, width=1176, height=34, xcenter=1440, ycenter=615)</msg>
<msg timestamp="20231130 22:29:44.116" level="INFO">${item_created02} = WindowsElement(item=&lt;uiautomation.uiautomation.TextControl object at 0x000001D18D97A790&gt;, locator='name:"Natasha Rath III" and type:TextControl and path:1|4|1', name='Natasha Rath III', automation_id=...</msg>
<status status="PASS" starttime="20231130 22:29:43.529" endtime="20231130 22:29:44.116"/>
</kw>
<kw name="Log To Console" library="BuiltIn">
<arg>${item_created02} has been created successfully</arg>
<doc>Logs the given message to the console.</doc>
<status status="PASS" starttime="20231130 22:29:44.116" endtime="20231130 22:29:44.119"/>
</kw>
<status status="PASS" starttime="20231130 22:29:43.529" endtime="20231130 22:29:44.120"/>
</kw>
<status status="PASS" starttime="20231130 22:29:36.242" endtime="20231130 22:29:44.120"/>
</test>
<test id="s1-t4" name="Create Orders_03" line="29">
<kw name="When I select &quot;Orders&quot; in the navigation bar" library="order_resource">
<kw name="Click" library="RPA.Windows">
<arg>name:Orders and type:MenuItemControl and path:5|2</arg>
<tag>action</tag>
<tag>mouse</tag>
<doc>Mouse click on element matching given locator.</doc>
<msg timestamp="20231130 22:29:44.122" level="INFO">Getting element with locator: name:Orders and type:MenuItemControl and path:5|2</msg>
<msg timestamp="20231130 22:29:44.123" level="INFO">Resulted root element: WindowsElement(item=&lt;uiautomation.uiautomation.WindowControl object at 0x000001D18DF42FD0&gt;, locator='subname:Orders and type:WindowControl', name='Orders - Untitled', automation_id='MainForm', control_type='WindowControl', class_name='WindowsForms10.Window.8.app.0.141b42a_r7_ad1', left=832, right=2048, top=354, bottom=1170, width=1216, height=816, xcenter=1440, ycenter=762)</msg>
<msg timestamp="20231130 22:29:44.123" level="INFO">Locator 'name:Orders and type:MenuItemControl and path:5|2' produced matcher: MatchObject(locators=[('Name', 'Orders', 0), ('ControlType', 'MenuItemControl', 0), ('path', [5, 2], 0)], _classes=set(), max_level=0)</msg>
<msg timestamp="20231130 22:29:44.137" level="INFO">Returning element: WindowsElement(item=&lt;uiautomation.uiautomation.MenuItemControl object at 0x000001D18E0F45D0&gt;, locator='name:Orders and type:MenuItemControl and path:5|2', name='Orders', automation_id='', control_type='MenuItemControl', class_name='', left=912, right=1010, top=416, bottom=454, width=98, height=38, xcenter=961, ycenter=435)</msg>
<status status="PASS" starttime="20231130 22:29:44.122" endtime="20231130 22:29:44.699"/>
</kw>
<status status="PASS" starttime="20231130 22:29:44.122" endtime="20231130 22:29:44.700"/>
</kw>
<kw name="And I choose &quot;New Order&quot;" library="order_resource">
<kw name="Click" library="RPA.Windows">
<arg>id:264</arg>
<tag>action</tag>
<tag>mouse</tag>
<doc>Mouse click on element matching given locator.</doc>
<msg timestamp="20231130 22:29:44.701" level="INFO">Getting element with locator: id:264</msg>
<msg timestamp="20231130 22:29:44.702" level="INFO">Resulted root element: WindowsElement(item=&lt;uiautomation.uiautomation.WindowControl object at 0x000001D18DF42FD0&gt;, locator='subname:Orders and type:WindowControl', name='Orders - Untitled', automation_id='MainForm', control_type='WindowControl', class_name='WindowsForms10.Window.8.app.0.141b42a_r7_ad1', left=832, right=2048, top=354, bottom=1170, width=1216, height=816, xcenter=1440, ycenter=762)</msg>
<msg timestamp="20231130 22:29:44.702" level="INFO">Locator 'id:264' produced matcher: MatchObject(locators=[('AutomationId', '264', 0)], _classes=set(), max_level=0)</msg>
<msg timestamp="20231130 22:29:44.708" level="INFO">Returning element: WindowsElement(item=&lt;uiautomation.uiautomation.MenuItemControl object at 0x000001D18E86DE90&gt;, locator='id:264', name='New order...\tCtrl+Ins', automation_id='264', control_type='MenuItemControl', class_name='', left=918, right=1352, top=460, bottom=504, width=434, height=44, xcenter=1135, ycenter=482)</msg>
<status status="PASS" starttime="20231130 22:29:44.700" endtime="20231130 22:29:45.261"/>
</kw>
<status status="PASS" starttime="20231130 22:29:44.700" endtime="20231130 22:29:45.261"/>
</kw>
<kw name="Then a quick order form with data entry fields should be displayed (Case 03)" library="order_resource">
<kw name="Set Focus" library="RPA.Windows">
<arg>id:OrderForm</arg>
<tag>action</tag>
<doc>Set view focus to the element defined by the locator.</doc>
<msg timestamp="20231130 22:29:45.263" level="INFO">Getting element with locator: id:OrderForm</msg>
<msg timestamp="20231130 22:29:45.264" level="INFO">Resulted root element: WindowsElement(item=&lt;uiautomation.uiautomation.WindowControl object at 0x000001D18DF42FD0&gt;, locator='subname:Orders and type:WindowControl', name='Orders - Untitled', automation_id='MainForm', control_type='WindowControl', class_name='WindowsForms10.Window.8.app.0.141b42a_r7_ad1', left=832, right=2048, top=354, bottom=1170, width=1216, height=816, xcenter=1440, ycenter=762)</msg>
<msg timestamp="20231130 22:29:45.265" level="INFO">Locator 'id:OrderForm' produced matcher: MatchObject(locators=[('AutomationId', 'OrderForm', 0)], _classes=set(), max_level=0)</msg>
<msg timestamp="20231130 22:29:45.270" level="INFO">Returning element: WindowsElement(item=&lt;uiautomation.uiautomation.WindowControl object at 0x000001D18E86DD90&gt;, locator='id:OrderForm', name='Order', automation_id='OrderForm', control_type='WindowControl', class_name='WindowsForms10.Window.8.app.0.141b42a_r7_ad1', left=952, right=1928, top=284, bottom=1240, width=976, height=956, xcenter=1440, ycenter=762)</msg>
<status status="PASS" starttime="20231130 22:29:45.263" endtime="20231130 22:29:45.270"/>
</kw>
<kw name="Create Order 03" library="OrderData">
<status status="PASS" starttime="20231130 22:29:45.270" endtime="20231130 22:29:45.271"/>
</kw>
<status status="PASS" starttime="20231130 22:29:45.262" endtime="20231130 22:29:45.271"/>
</kw>
<kw name="And Complete the data in the order form" library="order_resource">
<kw name="Get Product Option" library="OrderData">
<var>${product_option}</var>
<msg timestamp="20231130 22:29:45.272" level="INFO">${product_option} = ScreenSaver</msg>
<status status="PASS" starttime="20231130 22:29:45.271" endtime="20231130 22:29:45.272"/>
</kw>
<kw name="Get Customer Name" library="OrderData">
<var>${Customer}</var>
<msg timestamp="20231130 22:29:45.272" level="INFO">${Customer} = Doris Haag</msg>
<status status="PASS" starttime="20231130 22:29:45.272" endtime="20231130 22:29:45.272"/>
</kw>
<kw name="Get Street" library="OrderData">
<var>${Street}</var>
<msg timestamp="20231130 22:29:45.272" level="INFO">${Street} = 1461 Tanglewood Road</msg>
<status status="PASS" starttime="20231130 22:29:45.272" endtime="20231130 22:29:45.272"/>
</kw>
<kw name="Get City" library="OrderData">
<var>${City}</var>
<msg timestamp="20231130 22:29:45.272" level="INFO">${City} = Wirt</msg>
<status status="PASS" starttime="20231130 22:29:45.272" endtime="20231130 22:29:45.272"/>
</kw>
<kw name="Get State" library="OrderData">
<var>${State}</var>
<msg timestamp="20231130 22:29:45.273" level="INFO">${State} = Minnesota</msg>
<status status="PASS" starttime="20231130 22:29:45.272" endtime="20231130 22:29:45.273"/>
</kw>
<kw name="Get Zip" library="OrderData">
<var>${Zip}</var>
<msg timestamp="20231130 22:29:45.273" level="INFO">${Zip} = 56688</msg>
<status status="PASS" starttime="20231130 22:29:45.273" endtime="20231130 22:29:45.273"/>
</kw>
<kw name="Get Card Number" library="OrderData">
<var>${CardNo}</var>
<msg timestamp="20231130 22:29:45.273" level="INFO">${CardNo} = 378282000000008</msg>
<status status="PASS" starttime="20231130 22:29:45.273" endtime="20231130 22:29:45.273"/>
</kw>
<kw name="Select" library="RPA.Windows">
<arg>id:ProductNames</arg>
<arg>${product_option}</arg>
<tag>action</tag>
<doc>Select a value on the passed element if such action is supported.</doc>
<msg timestamp="20231130 22:29:45.273" level="INFO">Getting element with locator: id:ProductNames</msg>
<msg timestamp="20231130 22:29:45.273" level="INFO">Resulted root element: WindowsElement(item=&lt;uiautomation.uiautomation.WindowControl object at 0x000001D18DF42FD0&gt;, locator='subname:Orders and type:WindowControl', name='Orders - Untitled', automation_id='MainForm', control_type='WindowControl', class_name='WindowsForms10.Window.8.app.0.141b42a_r7_ad1', left=832, right=2048, top=354, bottom=1170, width=1216, height=816, xcenter=1440, ycenter=762)</msg>
<msg timestamp="20231130 22:29:45.274" level="INFO">Locator 'id:ProductNames' produced matcher: MatchObject(locators=[('AutomationId', 'ProductNames', 0)], _classes=set(), max_level=0)</msg>
<msg timestamp="20231130 22:29:45.410" level="INFO">Returning element: WindowsElement(item=&lt;uiautomation.uiautomation.ComboBoxControl object at 0x000001D18D8B1210&gt;, locator='id:ProductNames', name='Product:', automation_id='ProductNames', control_type='ComboBoxControl', class_name='WindowsForms10.COMBOBOX.app.0.141b42a_r7_ad1', left=1102, right=1886, top=384, bottom=426, width=784, height=42, xcenter=1494, ycenter=405)</msg>
<status status="PASS" starttime="20231130 22:29:45.273" endtime="20231130 22:29:46.647"/>
</kw>
<kw name="Send Keys" library="RPA.Windows">
<arg>id:Customer</arg>
<arg>${Customer}</arg>
<tag>action</tag>
<tag>keyboard</tag>
<doc>Send keys to desktop, current window or to Control element
defined by given locator.</doc>
<msg timestamp="20231130 22:29:46.655" level="INFO">Getting element with locator: id:Customer</msg>
<msg timestamp="20231130 22:29:46.656" level="INFO">Resulted root element: WindowsElement(item=&lt;uiautomation.uiautomation.WindowControl object at 0x000001D18DF42FD0&gt;, locator='subname:Orders and type:WindowControl', name='Orders - Untitled', automation_id='MainForm', control_type='WindowControl', class_name='WindowsForms10.Window.8.app.0.141b42a_r7_ad1', left=832, right=2048, top=354, bottom=1170, width=1216, height=816, xcenter=1440, ycenter=762)</msg>
<msg timestamp="20231130 22:29:46.656" level="INFO">Locator 'id:Customer' produced matcher: MatchObject(locators=[('AutomationId', 'Customer', 0)], _classes=set(), max_level=0)</msg>
<msg timestamp="20231130 22:29:46.676" level="INFO">Returning element: WindowsElement(item=&lt;uiautomation.uiautomation.EditControl object at 0x000001D18E0D9950&gt;, locator='id:Customer', name='Customer Name:', automation_id='Customer', control_type='EditControl', class_name='WindowsForms10.EDIT.app.0.141b42a_r7_ad1', left=1182, right=1886, top=672, bottom=712, width=704, height=40, xcenter=1534, ycenter=692)</msg>
<msg timestamp="20231130 22:29:46.677" level="INFO">Sending keys 'Doris Haag' to element: ControlType: EditControl    ClassName: WindowsForms10.EDIT.app.0.141b42a_r7_ad1    AutomationId: Customer    Rect: (1182,672,1886,712)[704x40]    Name: 'Customer Name:'    Handle: 0x1C0E98(1838744)</msg>
<status status="PASS" starttime="20231130 22:29:46.652" endtime="20231130 22:29:47.284"/>
</kw>
<kw name="Send Keys" library="RPA.Windows">
<arg>id:Street</arg>
<arg>${Street}</arg>
<tag>action</tag>
<tag>keyboard</tag>
<doc>Send keys to desktop, current window or to Control element
defined by given locator.</doc>
<msg timestamp="20231130 22:29:47.287" level="INFO">Getting element with locator: id:Street</msg>
<msg timestamp="20231130 22:29:47.288" level="INFO">Resulted root element: WindowsElement(item=&lt;uiautomation.uiautomation.WindowControl object at 0x000001D18DF42FD0&gt;, locator='subname:Orders and type:WindowControl', name='Orders - Untitled', automation_id='MainForm', control_type='WindowControl', class_name='WindowsForms10.Window.8.app.0.141b42a_r7_ad1', left=832, right=2048, top=354, bottom=1170, width=1216, height=816, xcenter=1440, ycenter=762)</msg>
<msg timestamp="20231130 22:29:47.288" level="INFO">Locator 'id:Street' produced matcher: MatchObject(locators=[('AutomationId', 'Street', 0)], _classes=set(), max_level=0)</msg>
<msg timestamp="20231130 22:29:47.351" level="INFO">Returning element: WindowsElement(item=&lt;uiautomation.uiautomation.EditControl object at 0x000001D18D97A790&gt;, locator='id:Street', name='Street:', automation_id='Street', control_type='EditControl', class_name='WindowsForms10.EDIT.app.0.141b42a_r7_ad1', left=1182, right=1438, top=736, bottom=776, width=256, height=40, xcenter=1310, ycenter=756)</msg>
<msg timestamp="20231130 22:29:47.352" level="INFO">Sending keys '1461 Tanglewood Road' to element: ControlType: EditControl    ClassName: WindowsForms10.EDIT.app.0.141b42a_r7_ad1    AutomationId: Street    Rect: (1182,736,1438,776)[256x40]    Name: 'Street:'    Handle: 0x540DE0(5508576)</msg>
<status status="PASS" starttime="20231130 22:29:47.285" endtime="20231130 22:29:48.066"/>
</kw>
<kw name="Send Keys" library="RPA.Windows">
<arg>id:City</arg>
<arg>${City}</arg>
<tag>action</tag>
<tag>keyboard</tag>
<doc>Send keys to desktop, current window or to Control element
defined by given locator.</doc>
<msg timestamp="20231130 22:29:48.070" level="INFO">Getting element with locator: id:City</msg>
<msg timestamp="20231130 22:29:48.071" level="INFO">Resulted root element: WindowsElement(item=&lt;uiautomation.uiautomation.WindowControl object at 0x000001D18DF42FD0&gt;, locator='subname:Orders and type:WindowControl', name='Orders - Untitled', automation_id='MainForm', control_type='WindowControl', class_name='WindowsForms10.Window.8.app.0.141b42a_r7_ad1', left=832, right=2048, top=354, bottom=1170, width=1216, height=816, xcenter=1440, ycenter=762)</msg>
<msg timestamp="20231130 22:29:48.071" level="INFO">Locator 'id:City' produced matcher: MatchObject(locators=[('AutomationId', 'City', 0)], _classes=set(), max_level=0)</msg>
<msg timestamp="20231130 22:29:48.134" level="INFO">Returning element: WindowsElement(item=&lt;uiautomation.uiautomation.EditControl object at 0x000001D18E850B90&gt;, locator='id:City', name='City:', automation_id='City', control_type='EditControl', class_name='WindowsForms10.EDIT.app.0.141b42a_r7_ad1', left=1630, right=1886, top=736, bottom=776, width=256, height=40, xcenter=1758, ycenter=756)</msg>
<msg timestamp="20231130 22:29:48.136" level="INFO">Sending keys 'Wirt' to element: ControlType: EditControl    ClassName: WindowsForms10.EDIT.app.0.141b42a_r7_ad1    AutomationId: City    Rect: (1630,736,1886,776)[256x40]    Name: 'City:'    Handle: 0x2E0E4E(3018318)</msg>
<status status="PASS" starttime="20231130 22:29:48.068" endtime="20231130 22:29:48.679"/>
</kw>
<kw name="Send Keys" library="RPA.Windows">
<arg>id:State</arg>
<arg>${State}</arg>
<tag>action</tag>
<tag>keyboard</tag>
<doc>Send keys to desktop, current window or to Control element
defined by given locator.</doc>
<msg timestamp="20231130 22:29:48.683" level="INFO">Getting element with locator: id:State</msg>
<msg timestamp="20231130 22:29:48.684" level="INFO">Resulted root element: WindowsElement(item=&lt;uiautomation.uiautomation.WindowControl object at 0x000001D18DF42FD0&gt;, locator='subname:Orders and type:WindowControl', name='Orders - Untitled', automation_id='MainForm', control_type='WindowControl', class_name='WindowsForms10.Window.8.app.0.141b42a_r7_ad1', left=832, right=2048, top=354, bottom=1170, width=1216, height=816, xcenter=1440, ycenter=762)</msg>
<msg timestamp="20231130 22:29:48.685" level="INFO">Locator 'id:State' produced matcher: MatchObject(locators=[('AutomationId', 'State', 0)], _classes=set(), max_level=0)</msg>
<msg timestamp="20231130 22:29:48.740" level="INFO">Returning element: WindowsElement(item=&lt;uiautomation.uiautomation.EditControl object at 0x000001D18E86E890&gt;, locator='id:State', name='State:', automation_id='State', control_type='EditControl', class_name='WindowsForms10.EDIT.app.0.141b42a_r7_ad1', left=1182, right=1438, top=800, bottom=840, width=256, height=40, xcenter=1310, ycenter=820)</msg>
<msg timestamp="20231130 22:29:48.740" level="INFO">Sending keys 'Minnesota' to element: ControlType: EditControl    ClassName: WindowsForms10.EDIT.app.0.141b42a_r7_ad1    AutomationId: State    Rect: (1182,800,1438,840)[256x40]    Name: 'State:'    Handle: 0x2F07B6(3082166)</msg>
<status status="PASS" starttime="20231130 22:29:48.680" endtime="20231130 22:29:49.339"/>
</kw>
<kw name="Send Keys" library="RPA.Windows">
<arg>id:Zip</arg>
<arg>${Zip}</arg>
<tag>action</tag>
<tag>keyboard</tag>
<doc>Send keys to desktop, current window or to Control element
defined by given locator.</doc>
<msg timestamp="20231130 22:29:49.342" level="INFO">Getting element with locator: id:Zip</msg>
<msg timestamp="20231130 22:29:49.343" level="INFO">Resulted root element: WindowsElement(item=&lt;uiautomation.uiautomation.WindowControl object at 0x000001D18DF42FD0&gt;, locator='subname:Orders and type:WindowControl', name='Orders - Untitled', automation_id='MainForm', control_type='WindowControl', class_name='WindowsForms10.Window.8.app.0.141b42a_r7_ad1', left=832, right=2048, top=354, bottom=1170, width=1216, height=816, xcenter=1440, ycenter=762)</msg>
<msg timestamp="20231130 22:29:49.343" level="INFO">Locator 'id:Zip' produced matcher: MatchObject(locators=[('AutomationId', 'Zip', 0)], _classes=set(), max_level=0)</msg>
<msg timestamp="20231130 22:29:49.401" level="INFO">Returning element: WindowsElement(item=&lt;uiautomation.uiautomation.EditControl object at 0x000001D18E187B50&gt;, locator='id:Zip', name='Zip:', automation_id='Zip', control_type='EditControl', class_name='WindowsForms10.EDIT.app.0.141b42a_r7_ad1', left=1630, right=1886, top=800, bottom=840, width=256, height=40, xcenter=1758, ycenter=820)</msg>
<msg timestamp="20231130 22:29:49.402" level="INFO">Sending keys '56688' to element: ControlType: EditControl    ClassName: WindowsForms10.EDIT.app.0.141b42a_r7_ad1    AutomationId: Zip    Rect: (1630,800,1886,840)[256x40]    Name: 'Zip:'    Handle: 0x1D0E54(1904212)</msg>
<status status="PASS" starttime="20231130 22:29:49.340" endtime="20231130 22:29:49.956"/>
</kw>
<kw name="Send Keys" library="RPA.Windows">
<arg>id:CardNo</arg>
<arg>${CardNo}</arg>
<tag>action</tag>
<tag>keyboard</tag>
<doc>Send keys to desktop, current window or to Control element
defined by given locator.</doc>
<msg timestamp="20231130 22:29:49.959" level="INFO">Getting element with locator: id:CardNo</msg>
<msg timestamp="20231130 22:29:49.960" level="INFO">Resulted root element: WindowsElement(item=&lt;uiautomation.uiautomation.WindowControl object at 0x000001D18DF42FD0&gt;, locator='subname:Orders and type:WindowControl', name='Orders - Untitled', automation_id='MainForm', control_type='WindowControl', class_name='WindowsForms10.Window.8.app.0.141b42a_r7_ad1', left=832, right=2048, top=354, bottom=1170, width=1216, height=816, xcenter=1440, ycenter=762)</msg>
<msg timestamp="20231130 22:29:49.960" level="INFO">Locator 'id:CardNo' produced matcher: MatchObject(locators=[('AutomationId', 'CardNo', 0)], _classes=set(), max_level=0)</msg>
<msg timestamp="20231130 22:29:50.000" level="INFO">Returning element: WindowsElement(item=&lt;uiautomation.uiautomation.EditControl object at 0x000001D18D904490&gt;, locator='id:CardNo', name='Card No', automation_id='CardNo', control_type='EditControl', class_name='WindowsForms10.EDIT.app.0.141b42a_r7_ad1', left=1182, right=1886, top=1024, bottom=1064, width=704, height=40, xcenter=1534, ycenter=1044)</msg>
<msg timestamp="20231130 22:29:50.001" level="INFO">Sending keys '378282000000008' to element: ControlType: EditControl    ClassName: WindowsForms10.EDIT.app.0.141b42a_r7_ad1    AutomationId: CardNo    Rect: (1182,1024,1886,1064)[704x40]    Name: 'Card No'    Handle: 0x220ED0(2232016)</msg>
<status status="PASS" starttime="20231130 22:29:49.957" endtime="20231130 22:29:50.667"/>
</kw>
<status status="PASS" starttime="20231130 22:29:45.271" endtime="20231130 22:29:50.668"/>
</kw>
<kw name="When I select the &quot;OK&quot; button" library="order_resource">
<kw name="Click" library="RPA.Windows">
<arg>id:ButtonOK</arg>
<tag>action</tag>
<tag>mouse</tag>
<doc>Mouse click on element matching given locator.</doc>
<msg timestamp="20231130 22:29:50.671" level="INFO">Getting element with locator: id:ButtonOK</msg>
<msg timestamp="20231130 22:29:50.672" level="INFO">Resulted root element: WindowsElement(item=&lt;uiautomation.uiautomation.WindowControl object at 0x000001D18DF42FD0&gt;, locator='subname:Orders and type:WindowControl', name='Orders - Untitled', automation_id='MainForm', control_type='WindowControl', class_name='WindowsForms10.Window.8.app.0.141b42a_r7_ad1', left=832, right=2048, top=354, bottom=1170, width=1216, height=816, xcenter=1440, ycenter=762)</msg>
<msg timestamp="20231130 22:29:50.672" level="INFO">Locator 'id:ButtonOK' produced matcher: MatchObject(locators=[('AutomationId', 'ButtonOK', 0)], _classes=set(), max_level=0)</msg>
<msg timestamp="20231130 22:29:50.689" level="INFO">Returning element: WindowsElement(item=&lt;uiautomation.uiautomation.ButtonControl object at 0x000001D18E86CD90&gt;, locator='id:ButtonOK', name='OK', automation_id='ButtonOK', control_type='ButtonControl', class_name='WindowsForms10.BUTTON.app.0.141b42a_r7_ad1', left=1598, right=1742, top=1168, bottom=1216, width=144, height=48, xcenter=1670, ycenter=1192)</msg>
<status status="PASS" starttime="20231130 22:29:50.669" endtime="20231130 22:29:51.243"/>
</kw>
<status status="PASS" starttime="20231130 22:29:50.669" endtime="20231130 22:29:51.244"/>
</kw>
<kw name="Then the order should be created successfully (c03)" library="order_resource">
<kw name="Click" library="RPA.Windows">
<var>${item_created03}</var>
<arg>name:"Doris Haag" and type:TextControl and path:1|5|1</arg>
<tag>action</tag>
<tag>mouse</tag>
<doc>Mouse click on element matching given locator.</doc>
<msg timestamp="20231130 22:29:51.247" level="INFO">Getting element with locator: name:"Doris Haag" and type:TextControl and path:1|5|1</msg>
<msg timestamp="20231130 22:29:51.248" level="INFO">Resulted root element: WindowsElement(item=&lt;uiautomation.uiautomation.WindowControl object at 0x000001D18DF42FD0&gt;, locator='subname:Orders and type:WindowControl', name='Orders - Untitled', automation_id='MainForm', control_type='WindowControl', class_name='WindowsForms10.Window.8.app.0.141b42a_r7_ad1', left=832, right=2048, top=354, bottom=1170, width=1216, height=816, xcenter=1440, ycenter=762)</msg>
<msg timestamp="20231130 22:29:51.249" level="INFO">Locator 'name:"Doris Haag" and type:TextControl and path:1|5|1' produced matcher: MatchObject(locators=[('Name', 'Doris Haag', 0), ('ControlType', 'TextControl', 0), ('path', [1, 5, 1], 0)], _classes=set(), max_level=0)</msg>
<msg timestamp="20231130 22:29:51.278" level="INFO">Returning element: WindowsElement(item=&lt;uiautomation.uiautomation.TextControl object at 0x000001D18E86D010&gt;, locator='name:"Doris Haag" and type:TextControl and path:1|5|1', name='Doris Haag', automation_id='', control_type='TextControl', class_name='', left=852, right=2028, top=632, bottom=666, width=1176, height=34, xcenter=1440, ycenter=649)</msg>
<msg timestamp="20231130 22:29:51.839" level="INFO">${item_created03} = WindowsElement(item=&lt;uiautomation.uiautomation.TextControl object at 0x000001D18E86D010&gt;, locator='name:"Doris Haag" and type:TextControl and path:1|5|1', name='Doris Haag', automation_id='', control_...</msg>
<status status="PASS" starttime="20231130 22:29:51.247" endtime="20231130 22:29:51.839"/>
</kw>
<kw name="Log To Console" library="BuiltIn">
<arg>${item_created03} has been created successfully</arg>
<doc>Logs the given message to the console.</doc>
<status status="PASS" starttime="20231130 22:29:51.840" endtime="20231130 22:29:51.843"/>
</kw>
<status status="PASS" starttime="20231130 22:29:51.246" endtime="20231130 22:29:51.844"/>
</kw>
<status status="PASS" starttime="20231130 22:29:44.122" endtime="20231130 22:29:51.845"/>
</test>
<test id="s1-t5" name="Edit Order" line="39">
<kw name="When I select a Order to edit" library="order_resource">
<kw name="Click" library="RPA.Windows">
<arg>name:"Luisa Kohler I" and type:TextControl and path:1|3|1</arg>
<tag>action</tag>
<tag>mouse</tag>
<doc>Mouse click on element matching given locator.</doc>
<msg timestamp="20231130 22:29:51.852" level="INFO">Getting element with locator: name:"Luisa Kohler I" and type:TextControl and path:1|3|1</msg>
<msg timestamp="20231130 22:29:51.853" level="INFO">Resulted root element: WindowsElement(item=&lt;uiautomation.uiautomation.WindowControl object at 0x000001D18DF42FD0&gt;, locator='subname:Orders and type:WindowControl', name='Orders - Untitled', automation_id='MainForm', control_type='WindowControl', class_name='WindowsForms10.Window.8.app.0.141b42a_r7_ad1', left=832, right=2048, top=354, bottom=1170, width=1216, height=816, xcenter=1440, ycenter=762)</msg>
<msg timestamp="20231130 22:29:51.853" level="INFO">Locator 'name:"Luisa Kohler I" and type:TextControl and path:1|3|1' produced matcher: MatchObject(locators=[('Name', 'Luisa Kohler I', 0), ('ControlType', 'TextControl', 0), ('path', [1, 3, 1], 0)], _classes=set(), max_level=0)</msg>
<msg timestamp="20231130 22:29:51.914" level="INFO">Returning element: WindowsElement(item=&lt;uiautomation.uiautomation.TextControl object at 0x000001D18E852A90&gt;, locator='name:"Luisa Kohler I" and type:TextControl and path:1|3|1', name='Luisa Kohler I', automation_id='', control_type='TextControl', class_name='', left=852, right=2028, top=564, bottom=598, width=1176, height=34, xcenter=1440, ycenter=581)</msg>
<status status="PASS" starttime="20231130 22:29:51.850" endtime="20231130 22:29:52.474"/>
</kw>
<status status="PASS" starttime="20231130 22:29:51.850" endtime="20231130 22:29:52.474"/>
</kw>
<kw name="And I use the command option to edit an order (Ctrl + E)" library="order_resource">
<kw name="Send Keys" library="RPA.Windows">
<arg>id:OrdersView</arg>
<arg>key={Ctrl}E</arg>
<tag>action</tag>
<tag>keyboard</tag>
<doc>Send keys to desktop, current window or to Control element
defined by given locator.</doc>
<msg timestamp="20231130 22:29:52.474" level="INFO">Getting element with locator: id:OrdersView</msg>
<msg timestamp="20231130 22:29:52.480" level="INFO">Resulted root element: WindowsElement(item=&lt;uiautomation.uiautomation.WindowControl object at 0x000001D18DF42FD0&gt;, locator='subname:Orders and type:WindowControl', name='Orders - Untitled', automation_id='MainForm', control_type='WindowControl', class_name='WindowsForms10.Window.8.app.0.141b42a_r7_ad1', left=832, right=2048, top=354, bottom=1170, width=1216, height=816, xcenter=1440, ycenter=762)</msg>
<msg timestamp="20231130 22:29:52.480" level="INFO">Locator 'id:OrdersView' produced matcher: MatchObject(locators=[('AutomationId', 'OrdersView', 0)], _classes=set(), max_level=0)</msg>
<msg timestamp="20231130 22:29:52.487" level="INFO">Returning element: WindowsElement(item=&lt;uiautomation.uiautomation.ListControl object at 0x000001D18E08E0D0&gt;, locator='id:OrdersView', name='', automation_id='OrdersView', control_type='ListControl', class_name='WindowsForms10.SysListView32.app.0.141b42a_r7_ad1', left=848, right=2032, top=512, bottom=1110, width=1184, height=598, xcenter=1440, ycenter=811)</msg>
<msg timestamp="20231130 22:29:52.488" level="INFO">Sending keys 'key={Ctrl}E' to element: ControlType: ListControl    ClassName: WindowsForms10.SysListView32.app.0.141b42a_r7_ad1    AutomationId: OrdersView    Rect: (848,512,2032,1110)[1184x598]    Name: ''    Handle: 0x960D3E(9833790)</msg>
<status status="PASS" starttime="20231130 22:29:52.474" endtime="20231130 22:29:53.073"/>
</kw>
<status status="PASS" starttime="20231130 22:29:52.474" endtime="20231130 22:29:53.073"/>
</kw>
<kw name="And Edit any field" library="order_resource">
<kw name="Set Focus" library="RPA.Windows">
<arg>id:OrderForm</arg>
<tag>action</tag>
<doc>Set view focus to the element defined by the locator.</doc>
<msg timestamp="20231130 22:29:53.075" level="INFO">Getting element with locator: id:OrderForm</msg>
<msg timestamp="20231130 22:29:53.077" level="INFO">Resulted root element: WindowsElement(item=&lt;uiautomation.uiautomation.WindowControl object at 0x000001D18DF42FD0&gt;, locator='subname:Orders and type:WindowControl', name='Orders - Untitled', automation_id='MainForm', control_type='WindowControl', class_name='WindowsForms10.Window.8.app.0.141b42a_r7_ad1', left=832, right=2048, top=354, bottom=1170, width=1216, height=816, xcenter=1440, ycenter=762)</msg>
<msg timestamp="20231130 22:29:53.077" level="INFO">Locator 'id:OrderForm' produced matcher: MatchObject(locators=[('AutomationId', 'OrderForm', 0)], _classes=set(), max_level=0)</msg>
<msg timestamp="20231130 22:29:53.081" level="INFO">Returning element: WindowsElement(item=&lt;uiautomation.uiautomation.WindowControl object at 0x000001D18E0F73D0&gt;, locator='id:OrderForm', name='Order', automation_id='OrderForm', control_type='WindowControl', class_name='WindowsForms10.Window.8.app.0.141b42a_r7_ad1', left=952, right=1928, top=284, bottom=1240, width=976, height=956, xcenter=1440, ycenter=762)</msg>
<status status="PASS" starttime="20231130 22:29:53.075" endtime="20231130 22:29:53.081"/>
</kw>
<kw name="Edit Order" library="OrderData">
<status status="PASS" starttime="20231130 22:29:53.081" endtime="20231130 22:29:53.081"/>
</kw>
<kw name="Get City Edited" library="OrderData">
<var>${edit_city}</var>
<msg timestamp="20231130 22:29:53.081" level="INFO">${edit_city} = Fresno</msg>
<status status="PASS" starttime="20231130 22:29:53.081" endtime="20231130 22:29:53.081"/>
</kw>
<kw name="Send Keys" library="RPA.Windows">
<arg>id:City</arg>
<arg>${edit_city}</arg>
<tag>action</tag>
<tag>keyboard</tag>
<doc>Send keys to desktop, current window or to Control element
defined by given locator.</doc>
<msg timestamp="20231130 22:29:53.082" level="INFO">Getting element with locator: id:City</msg>
<msg timestamp="20231130 22:29:53.082" level="INFO">Resulted root element: WindowsElement(item=&lt;uiautomation.uiautomation.WindowControl object at 0x000001D18DF42FD0&gt;, locator='subname:Orders and type:WindowControl', name='Orders - Untitled', automation_id='MainForm', control_type='WindowControl', class_name='WindowsForms10.Window.8.app.0.141b42a_r7_ad1', left=832, right=2048, top=354, bottom=1170, width=1216, height=816, xcenter=1440, ycenter=762)</msg>
<msg timestamp="20231130 22:29:53.082" level="INFO">Locator 'id:City' produced matcher: MatchObject(locators=[('AutomationId', 'City', 0)], _classes=set(), max_level=0)</msg>
<msg timestamp="20231130 22:29:53.144" level="INFO">Returning element: WindowsElement(item=&lt;uiautomation.uiautomation.EditControl object at 0x000001D18E86F290&gt;, locator='id:City', name='City:', automation_id='City', control_type='EditControl', class_name='WindowsForms10.EDIT.app.0.141b42a_r7_ad1', left=1630, right=1886, top=736, bottom=776, width=256, height=40, xcenter=1758, ycenter=756)</msg>
<msg timestamp="20231130 22:29:53.145" level="INFO">Sending keys 'Fresno' to element: ControlType: EditControl    ClassName: WindowsForms10.EDIT.app.0.141b42a_r7_ad1    AutomationId: City    Rect: (1630,736,1886,776)[256x40]    Name: 'City:'    Handle: 0x3007B6(3147702)</msg>
<status status="PASS" starttime="20231130 22:29:53.081" endtime="20231130 22:29:53.711"/>
</kw>
<status status="PASS" starttime="20231130 22:29:53.074" endtime="20231130 22:29:53.711"/>
</kw>
<kw name="And I select the &quot;OK&quot; button" library="order_resource">
<kw name="Click" library="RPA.Windows">
<arg>id:ButtonOK</arg>
<tag>action</tag>
<tag>mouse</tag>
<doc>Mouse click on element matching given locator.</doc>
<msg timestamp="20231130 22:29:53.716" level="INFO">Getting element with locator: id:ButtonOK</msg>
[...]
<msg timestamp="20231130 22:30:22.079" level="INFO">Returning element: WindowsElement(item=&lt;uiautomation.uiautomation.EditControl object at 0x000001D18E02BB50&gt;, locator='id:Customer', name='Customer Name:', automation_id='Customer', control_type='EditControl', class_name='WindowsForms10.EDIT.app.0.141b42a_r7_ad1', left=1182, right=1886, top=672, bottom=712, width=704, height=40, xcenter=1534, ycenter=692)</msg>
<msg timestamp="20231130 22:30:22.080" level="INFO">Sending keys 'Sam Smith' to element: ControlType: EditControl    ClassName: WindowsForms10.EDIT.app.0.141b42a_r7_ad1    AutomationId: Customer    Rect: (1182,672,1886,712)[704x40]    Name: 'Customer Name:'    Handle: 0x3103F0(3212272)</msg>
<status status="PASS" starttime="20231130 22:30:22.059" endtime="20231130 22:30:22.678"/>
</kw>
<kw name="Send Keys" library="RPA.Windows">
<arg>id:Street</arg>
<arg>${Street}</arg>
<tag>action</tag>
<tag>keyboard</tag>
<doc>Send keys to desktop, current window or to Control element
defined by given locator.</doc>
<msg timestamp="20231130 22:30:22.681" level="INFO">Getting element with locator: id:Street</msg>
<msg timestamp="20231130 22:30:22.682" level="INFO">Resulted root element: WindowsElement(item=&lt;uiautomation.uiautomation.WindowControl object at 0x000001D18DFF81D0&gt;, locator='subname:Orders and type:WindowControl', name='Orders - Untitled', automation_id='MainForm', control_type='WindowControl', class_name='WindowsForms10.Window.8.app.0.141b42a_r7_ad1', left=832, right=2048, top=354, bottom=1170, width=1216, height=816, xcenter=1440, ycenter=762)</msg>
<msg timestamp="20231130 22:30:22.682" level="INFO">Locator 'id:Street' produced matcher: MatchObject(locators=[('AutomationId', 'Street', 0)], _classes=set(), max_level=0)</msg>
<msg timestamp="20231130 22:30:22.738" level="INFO">Returning element: WindowsElement(item=&lt;uiautomation.uiautomation.EditControl object at 0x000001D18E87F1D0&gt;, locator='id:Street', name='Street:', automation_id='Street', control_type='EditControl', class_name='WindowsForms10.EDIT.app.0.141b42a_r7_ad1', left=1182, right=1438, top=736, bottom=776, width=256, height=40, xcenter=1310, ycenter=756)</msg>
<msg timestamp="20231130 22:30:22.740" level="INFO">Sending keys '1461 Green Road' to element: ControlType: EditControl    ClassName: WindowsForms10.EDIT.app.0.141b42a_r7_ad1    AutomationId: Street    Rect: (1182,736,1438,776)[256x40]    Name: 'Street:'    Handle: 0x190DB8(1641912)</msg>
<status status="PASS" starttime="20231130 22:30:22.679" endtime="20231130 22:30:23.401"/>
</kw>
<kw name="Send Keys" library="RPA.Windows">
<arg>id:City</arg>
<arg>${City}</arg>
<tag>action</tag>
<tag>keyboard</tag>
<doc>Send keys to desktop, current window or to Control element
defined by given locator.</doc>
<msg timestamp="20231130 22:30:23.404" level="INFO">Getting element with locator: id:City</msg>
<msg timestamp="20231130 22:30:23.404" level="INFO">Resulted root element: WindowsElement(item=&lt;uiautomation.uiautomation.WindowControl object at 0x000001D18DFF81D0&gt;, locator='subname:Orders and type:WindowControl', name='Orders - Untitled', automation_id='MainForm', control_type='WindowControl', class_name='WindowsForms10.Window.8.app.0.141b42a_r7_ad1', left=832, right=2048, top=354, bottom=1170, width=1216, height=816, xcenter=1440, ycenter=762)</msg>
<msg timestamp="20231130 22:30:23.405" level="INFO">Locator 'id:City' produced matcher: MatchObject(locators=[('AutomationId', 'City', 0)], _classes=set(), max_level=0)</msg>
<msg timestamp="20231130 22:30:23.462" level="INFO">Returning element: WindowsElement(item=&lt;uiautomation.uiautomation.EditControl object at 0x000001D18E89CF10&gt;, locator='id:City', name='City:', automation_id='City', control_type='EditControl', class_name='WindowsForms10.EDIT.app.0.141b42a_r7_ad1', left=1630, right=1886, top=736, bottom=776, width=256, height=40, xcenter=1758, ycenter=756)</msg>
<msg timestamp="20231130 22:30:23.463" level="INFO">Sending keys 'Wise' to element: ControlType: EditControl    ClassName: WindowsForms10.EDIT.app.0.141b42a_r7_ad1    AutomationId: City    Rect: (1630,736,1886,776)[256x40]    Name: 'City:'    Handle: 0x1A0EAC(1707692)</msg>
<status status="PASS" starttime="20231130 22:30:23.402" endtime="20231130 22:30:24.007"/>
</kw>
<kw name="Send Keys" library="RPA.Windows">
<arg>id:State</arg>
<arg>${State}</arg>
<tag>action</tag>
<tag>keyboard</tag>
<doc>Send keys to desktop, current window or to Control element
defined by given locator.</doc>
<msg timestamp="20231130 22:30:24.010" level="INFO">Getting element with locator: id:State</msg>
<msg timestamp="20231130 22:30:24.010" level="INFO">Resulted root element: WindowsElement(item=&lt;uiautomation.uiautomation.WindowControl object at 0x000001D18DFF81D0&gt;, locator='subname:Orders and type:WindowControl', name='Orders - Untitled', automation_id='MainForm', control_type='WindowControl', class_name='WindowsForms10.Window.8.app.0.141b42a_r7_ad1', left=832, right=2048, top=354, bottom=1170, width=1216, height=816, xcenter=1440, ycenter=762)</msg>
<msg timestamp="20231130 22:30:24.010" level="INFO">Locator 'id:State' produced matcher: MatchObject(locators=[('AutomationId', 'State', 0)], _classes=set(), max_level=0)</msg>
<msg timestamp="20231130 22:30:24.064" level="INFO">Returning element: WindowsElement(item=&lt;uiautomation.uiautomation.EditControl object at 0x000001D18E0DB3D0&gt;, locator='id:State', name='State:', automation_id='State', control_type='EditControl', class_name='WindowsForms10.EDIT.app.0.141b42a_r7_ad1', left=1182, right=1438, top=800, bottom=840, width=256, height=40, xcenter=1310, ycenter=820)</msg>
<msg timestamp="20231130 22:30:24.066" level="INFO">Sending keys 'Texas' to element: ControlType: EditControl    ClassName: WindowsForms10.EDIT.app.0.141b42a_r7_ad1    AutomationId: State    Rect: (1182,800,1438,840)[256x40]    Name: 'State:'    Handle: 0x2E094C(3017036)</msg>
<status status="PASS" starttime="20231130 22:30:24.008" endtime="20231130 22:30:24.619"/>
</kw>
<kw name="Send Keys" library="RPA.Windows">
<arg>id:Zip</arg>
<arg>${Zip}</arg>
<tag>action</tag>
<tag>keyboard</tag>
<doc>Send keys to desktop, current window or to Control element
defined by given locator.</doc>
<msg timestamp="20231130 22:30:24.622" level="INFO">Getting element with locator: id:Zip</msg>
<msg timestamp="20231130 22:30:24.623" level="INFO">Resulted root element: WindowsElement(item=&lt;uiautomation.uiautomation.WindowControl object at 0x000001D18DFF81D0&gt;, locator='subname:Orders and type:WindowControl', name='Orders - Untitled', automation_id='MainForm', control_type='WindowControl', class_name='WindowsForms10.Window.8.app.0.141b42a_r7_ad1', left=832, right=2048, top=354, bottom=1170, width=1216, height=816, xcenter=1440, ycenter=762)</msg>
<msg timestamp="20231130 22:30:24.623" level="INFO">Locator 'id:Zip' produced matcher: MatchObject(locators=[('AutomationId', 'Zip', 0)], _classes=set(), max_level=0)</msg>
<msg timestamp="20231130 22:30:24.682" level="INFO">Returning element: WindowsElement(item=&lt;uiautomation.uiautomation.EditControl object at 0x000001D18E0D8950&gt;, locator='id:Zip', name='Zip:', automation_id='Zip', control_type='EditControl', class_name='WindowsForms10.EDIT.app.0.141b42a_r7_ad1', left=1630, right=1886, top=800, bottom=840, width=256, height=40, xcenter=1758, ycenter=820)</msg>
<msg timestamp="20231130 22:30:24.684" level="INFO">Sending keys '10688' to element: ControlType: EditControl    ClassName: WindowsForms10.EDIT.app.0.141b42a_r7_ad1    AutomationId: Zip    Rect: (1630,800,1886,840)[256x40]    Name: 'Zip:'    Handle: 0x2F0DDA(3083738)</msg>
<status status="PASS" starttime="20231130 22:30:24.620" endtime="20231130 22:30:25.238"/>
</kw>
<kw name="Send Keys" library="RPA.Windows">
<arg>id:CardNo</arg>
<arg>${CardNo}</arg>
<tag>action</tag>
<tag>keyboard</tag>
<doc>Send keys to desktop, current window or to Control element
defined by given locator.</doc>
<msg timestamp="20231130 22:30:25.241" level="INFO">Getting element with locator: id:CardNo</msg>
<msg timestamp="20231130 22:30:25.241" level="INFO">Resulted root element: WindowsElement(item=&lt;uiautomation.uiautomation.WindowControl object at 0x000001D18DFF81D0&gt;, locator='subname:Orders and type:WindowControl', name='Orders - Untitled', automation_id='MainForm', control_type='WindowControl', class_name='WindowsForms10.Window.8.app.0.141b42a_r7_ad1', left=832, right=2048, top=354, bottom=1170, width=1216, height=816, xcenter=1440, ycenter=762)</msg>
<msg timestamp="20231130 22:30:25.243" level="INFO">Locator 'id:CardNo' produced matcher: MatchObject(locators=[('AutomationId', 'CardNo', 0)], _classes=set(), max_level=0)</msg>
<msg timestamp="20231130 22:30:25.282" level="INFO">Returning element: WindowsElement(item=&lt;uiautomation.uiautomation.EditControl object at 0x000001D18E87B310&gt;, locator='id:CardNo', name='Card No', automation_id='CardNo', control_type='EditControl', class_name='WindowsForms10.EDIT.app.0.141b42a_r7_ad1', left=1182, right=1886, top=1024, bottom=1064, width=704, height=40, xcenter=1534, ycenter=1044)</msg>
<msg timestamp="20231130 22:30:25.283" level="INFO">Sending keys '378282000000008' to element: ControlType: EditControl    ClassName: WindowsForms10.EDIT.app.0.141b42a_r7_ad1    AutomationId: CardNo    Rect: (1182,1024,1886,1064)[704x40]    Name: 'Card No'    Handle: 0x590DE0(5836256)</msg>
<status status="PASS" starttime="20231130 22:30:25.239" endtime="20231130 22:30:25.944"/>
</kw>
<status status="PASS" starttime="20231130 22:30:20.029" endtime="20231130 22:30:25.944"/>
</kw>
<kw name="When I select the &quot;OK&quot; button" library="order_resource">
<kw name="Click" library="RPA.Windows">
<arg>id:ButtonOK</arg>
<tag>action</tag>
<tag>mouse</tag>
<doc>Mouse click on element matching given locator.</doc>
<msg timestamp="20231130 22:30:25.947" level="INFO">Getting element with locator: id:ButtonOK</msg>
<msg timestamp="20231130 22:30:25.948" level="INFO">Resulted root element: WindowsElement(item=&lt;uiautomation.uiautomation.WindowControl object at 0x000001D18DFF81D0&gt;, locator='subname:Orders and type:WindowControl', name='Orders - Untitled', automation_id='MainForm', control_type='WindowControl', class_name='WindowsForms10.Window.8.app.0.141b42a_r7_ad1', left=832, right=2048, top=354, bottom=1170, width=1216, height=816, xcenter=1440, ycenter=762)</msg>
<msg timestamp="20231130 22:30:25.948" level="INFO">Locator 'id:ButtonOK' produced matcher: MatchObject(locators=[('AutomationId', 'ButtonOK', 0)], _classes=set(), max_level=0)</msg>
<msg timestamp="20231130 22:30:25.956" level="INFO">Returning element: WindowsElement(item=&lt;uiautomation.uiautomation.ButtonControl object at 0x000001D18E89D5D0&gt;, locator='id:ButtonOK', name='OK', automation_id='ButtonOK', control_type='ButtonControl', class_name='WindowsForms10.BUTTON.app.0.141b42a_r7_ad1', left=1598, right=1742, top=1168, bottom=1216, width=144, height=48, xcenter=1670, ycenter=1192)</msg>
<status status="PASS" starttime="20231130 22:30:25.947" endtime="20231130 22:30:26.509"/>
</kw>
<status status="PASS" starttime="20231130 22:30:25.947" endtime="20231130 22:30:26.513"/>
</kw>
<kw name="Then A warning window is displayed (date Invalid)" library="order_resource">
<kw name="Get Text" library="RPA.Windows">
<var>${date_validation}</var>
<arg>name:"The specified date is not valid.The date is changed to the current one." and type:TextControl and class:Static and path:3</arg>
<tag>action</tag>
<doc>Get text from Control element defined by the locator.</doc>
<msg timestamp="20231130 22:30:26.519" level="INFO">Getting element with locator: name:"The specified date is not valid.The date is changed to the current one." and type:TextControl and class:Static and path:3</msg>
<msg timestamp="20231130 22:30:26.521" level="INFO">Resulted root element: WindowsElement(item=&lt;uiautomation.uiautomation.WindowControl object at 0x000001D18DFF81D0&gt;, locator='subname:Orders and type:WindowControl', name='Orders - Untitled', automation_id='MainForm', control_type='WindowControl', class_name='WindowsForms10.Window.8.app.0.141b42a_r7_ad1', left=832, right=2048, top=354, bottom=1170, width=1216, height=816, xcenter=1440, ycenter=762)</msg>
<msg timestamp="20231130 22:30:26.521" level="INFO">Locator 'name:"The specified date is not valid.The date is changed to the current one." and type:TextControl and class:Static and path:3' produced matcher: MatchObject(locators=[('Name', 'The specified date is not valid.The date is changed to the current one.', 0), ('ControlType', 'TextControl', 0), ('ClassName', 'Static', 0), ('path', [3], 0)], _classes={'static'}, max_level=0)</msg>
<msg timestamp="20231130 22:30:26.539" level="INFO">Returning element: WindowsElement(item=&lt;uiautomation.uiautomation.StatusBarControl object at 0x000001D18E89D110&gt;, locator='name:"The specified date is not valid.The date is changed to the current one." and type:TextControl and class:Static and path:3', name='', automation_id='StatusBar', control_type='StatusBarControl', class_name='WindowsForms10.msctls_statusbar32.app.0.141b42a_r7_ad1', left=848, right=2032, top=1110, bottom=1154, width=1184, height=44, xcenter=1440, ycenter=1132)</msg>
<msg timestamp="20231130 22:30:26.539" level="INFO">${date_validation} = </msg>
<status status="PASS" starttime="20231130 22:30:26.516" endtime="20231130 22:30:26.539"/>
</kw>
<kw name="Set Variable" library="BuiltIn">
<var>${warning}</var>
<arg>The specified date is not valid.The date is changed to the current one.</arg>
<doc>Returns the given values which can then be assigned to a variables.</doc>
<msg timestamp="20231130 22:30:26.540" level="INFO">${warning} = The specified date is not valid.The date is changed to the current one.</msg>
<status status="PASS" starttime="20231130 22:30:26.539" endtime="20231130 22:30:26.540"/>
</kw>
<kw name="Run Keyword If" library="BuiltIn">
<arg>"${date_validation}" == "${warning}"</arg>
<arg>Log To Console</arg>
<arg>The date validation is correct</arg>
<arg>ELSE</arg>
<arg>Log To Console</arg>
<arg>The date validation is not correct</arg>
<doc>Runs the given keyword with the given arguments, if ``condition`` is true.</doc>
<kw name="Log To Console" library="BuiltIn">
<arg>The date validation is not correct</arg>
<doc>Logs the given message to the console.</doc>
<status status="PASS" starttime="20231130 22:30:26.540" endtime="20231130 22:30:26.540"/>
</kw>
<status status="PASS" starttime="20231130 22:30:26.540" endtime="20231130 22:30:26.540"/>
</kw>
<status status="PASS" starttime="20231130 22:30:26.515" endtime="20231130 22:30:26.541"/>
</kw>
<kw name="And I apply the Close window" library="order_resource">
<kw name="Title Win" library="OrderData">
<status status="PASS" starttime="20231130 22:30:26.541" endtime="20231130 22:30:26.541"/>
</kw>
<kw name="Get Title Window" library="OrderData">
<var>${Win_title}</var>
<msg timestamp="20231130 22:30:26.541" level="INFO">${Win_title} = Orders - Untitled</msg>
<status status="PASS" starttime="20231130 22:30:26.541" endtime="20231130 22:30:26.541"/>
</kw>
<kw name="Close Window" library="Op">
<arg>${Win_title}</arg>
<status status="PASS" starttime="20231130 22:30:26.542" endtime="20231130 22:30:26.543"/>
</kw>
<kw name="Sleep" library="BuiltIn">
<arg>2s</arg>
<doc>Pauses the test executed for the given time.</doc>
<msg timestamp="20231130 22:30:28.543" level="INFO">Slept 2 seconds</msg>
<status status="PASS" starttime="20231130 22:30:26.543" endtime="20231130 22:30:28.543"/>
</kw>
<status status="PASS" starttime="20231130 22:30:26.541" endtime="20231130 22:30:28.544"/>
</kw>
<status status="PASS" starttime="20231130 22:30:13.579" endtime="20231130 22:30:28.545"/>
</test>
<test id="s1-t10" name="Delete File created" line="84">
<kw name="Given a test file exist will be deleted" library="order_resource">
<kw name="Windows Run" library="RPA.Windows">
<arg>C:\\Users\\monik\\Documents\\Orders</arg>
<tag>window</tag>
<doc>Use Windows Run window to launch an application.</doc>
<msg timestamp="20231130 22:30:28.549" level="INFO">Sending keys '{Win}r' to element: &lt;module 'uiautomation' from 'c:\\ProgramData\\robocorp\\ht\\41bdab6_b1f3c24_09529949\\Lib\\site-packages\\uiautomation\\__init__.py'&gt;</msg>
<msg timestamp="20231130 22:30:29.094" level="INFO">Sending keys 'C:\\Users\\monik\\Documents\\Orders' to element: &lt;module 'uiautomation' from 'c:\\ProgramData\\robocorp\\ht\\41bdab6_b1f3c24_09529949\\Lib\\site-packages\\uiautomation\\__init__.py'&gt;</msg>
<msg timestamp="20231130 22:30:29.929" level="INFO">Sending keys '{Enter}' to element: &lt;module 'uiautomation' from 'c:\\ProgramData\\robocorp\\ht\\41bdab6_b1f3c24_09529949\\Lib\\site-packages\\uiautomation\\__init__.py'&gt;</msg>
<status status="PASS" starttime="20231130 22:30:28.549" endtime="20231130 22:30:33.460"/>
</kw>
<kw name="Click" library="RPA.Windows">
<arg>name:CustomerList1.tbl</arg>
<tag>action</tag>
<tag>mouse</tag>
<doc>Mouse click on element matching given locator.</doc>
<msg timestamp="20231130 22:30:33.462" level="INFO">Getting element with locator: name:CustomerList1.tbl</msg>
<msg timestamp="20231130 22:30:33.467" level="INFO">Resulted root element: WindowsElement(item=&lt;uiautomation.uiautomation.PaneControl object at 0x000001D18E879310&gt;, locator=None, name='Desktop 1', automation_id='', control_type='PaneControl', class_name='#32769', left=0, right=2880, top=0, bottom=1620, width=2880, height=1620, xcenter=1440, ycenter=810)</msg>
<msg timestamp="20231130 22:30:33.467" level="INFO">Locator 'name:CustomerList1.tbl' produced matcher: MatchObject(locators=[('Name', 'CustomerList1.tbl', 0)], _classes=set(), max_level=0)</msg>
<msg timestamp="20231130 22:30:33.576" level="INFO">Returning element: WindowsElement(item=&lt;uiautomation.uiautomation.ListItemControl object at 0x000001D18E850F50&gt;, locator='name:CustomerList1.tbl', name='CustomerList1.tbl', automation_id='0', control_type='ListItemControl', class_name='UIItem', left=534, right=1884, top=337, bottom=391, width=1350, height=54, xcenter=1209, ycenter=364)</msg>
<status status="PASS" starttime="20231130 22:30:33.460" endtime="20231130 22:30:34.130"/>
</kw>
<kw name="Click" library="RPA.Windows">
<arg>name:Delete</arg>
<tag>action</tag>
<tag>mouse</tag>
<doc>Mouse click on element matching given locator.</doc>
<msg timestamp="20231130 22:30:34.133" level="INFO">Getting element with locator: name:Delete</msg>
<msg timestamp="20231130 22:30:34.138" level="INFO">Resulted root element: WindowsElement(item=&lt;uiautomation.uiautomation.PaneControl object at 0x000001D18E02B310&gt;, locator=None, name='Desktop 1', automation_id='', control_type='PaneControl', class_name='#32769', left=0, right=2880, top=0, bottom=1620, width=2880, height=1620, xcenter=1440, ycenter=810)</msg>
<msg timestamp="20231130 22:30:34.138" level="INFO">Locator 'name:Delete' produced matcher: MatchObject(locators=[('Name', 'Delete', 0)], _classes=set(), max_level=0)</msg>
<msg timestamp="20231130 22:30:34.279" level="INFO">Returning element: WindowsElement(item=&lt;uiautomation.uiautomation.ButtonControl object at 0x000001D18E0D9290&gt;, locator='name:Delete', name='Delete', automation_id='', control_type='ButtonControl', class_name='AppBarButton', left=690, right=770, top=169, bottom=265, width=80, height=96, xcenter=730, ycenter=217)</msg>
<status status="PASS" starttime="20231130 22:30:34.132" endtime="20231130 22:30:34.841"/>
</kw>
<status status="PASS" starttime="20231130 22:30:28.548" endtime="20231130 22:30:34.842"/>
</kw>
<status status="PASS" starttime="20231130 22:30:28.547" endtime="20231130 22:30:34.843"/>
</test>
<status status="PASS" starttime="20231130 22:29:22.449" endtime="20231130 22:30:34.845"/>
</suite>
<statistics>
<total>
<stat pass="10" fail="0" skip="0">All Tests</stat>
</total>
<tag>
</tag>
<suite>
<stat pass="10" fail="0" skip="0" id="s1" name="Orders">Orders</stat>
</suite>
</statistics>
<errors>
</errors>
</robot>
